<?xml version="1.0" encoding="UTF-8"?>
<coverage generated="1630835412178" clover="3.2.0">
  <project timestamp="1630835412179" name="All files">
    <metrics statements="1780" coveredstatements="1780" conditionals="882" coveredconditionals="882" methods="508" coveredmethods="508" elements="3170" coveredelements="3170" complexity="0" loc="1780" ncloc="1780" packages="63" files="67" classes="67"/>
    <package name="component.app.option">
      <metrics statements="83" coveredstatements="83" conditionals="21" coveredconditionals="21" methods="24" coveredmethods="24"/>
      <file name="index.tsx" path="/_data/Dev/projects/chrome-custom-code-injector/src/component/app/option/index.tsx">
        <metrics statements="83" coveredstatements="83" conditionals="21" coveredconditionals="21" methods="24" coveredmethods="24"/>
        <line num="27" count="1" type="stmt"/>
        <line num="28" count="1" type="stmt"/>
        <line num="34" count="59" type="stmt"/>
        <line num="35" count="59" type="stmt"/>
        <line num="36" count="59" type="stmt"/>
        <line num="40" count="2" type="stmt"/>
        <line num="41" count="2" type="cond" truecount="2" falsecount="0"/>
        <line num="42" count="1" type="stmt"/>
        <line num="43" count="1" type="stmt"/>
        <line num="47" count="213" type="stmt"/>
        <line num="48" count="213" type="stmt"/>
        <line num="49" count="213" type="stmt"/>
        <line num="50" count="213" type="cond" truecount="2" falsecount="0"/>
        <line num="52" count="213" type="stmt"/>
        <line num="77" count="62" type="stmt"/>
        <line num="85" count="27" type="stmt"/>
        <line num="86" count="27" type="stmt"/>
        <line num="87" count="27" type="cond" truecount="4" falsecount="0"/>
        <line num="88" count="2" type="stmt"/>
        <line num="92" count="213" type="stmt"/>
        <line num="93" count="213" type="stmt"/>
        <line num="104" count="213" type="stmt"/>
        <line num="107" count="213" type="stmt"/>
        <line num="108" count="213" type="stmt"/>
        <line num="111" count="213" type="cond" truecount="2" falsecount="0"/>
        <line num="112" count="213" type="stmt"/>
        <line num="113" count="213" type="stmt"/>
        <line num="115" count="213" type="stmt"/>
        <line num="126" count="6" type="stmt"/>
        <line num="173" count="28" type="stmt"/>
        <line num="174" count="28" type="stmt"/>
        <line num="175" count="28" type="stmt"/>
        <line num="187" count="28" type="stmt"/>
        <line num="189" count="28" type="stmt"/>
        <line num="286" count="28" type="stmt"/>
        <line num="287" count="28" type="stmt"/>
        <line num="292" count="28" type="stmt"/>
        <line num="294" count="28" type="stmt"/>
        <line num="318" count="28" type="stmt"/>
        <line num="319" count="28" type="stmt"/>
        <line num="324" count="28" type="stmt"/>
        <line num="326" count="28" type="stmt"/>
        <line num="356" count="28" type="stmt"/>
        <line num="357" count="28" type="stmt"/>
        <line num="363" count="28" type="stmt"/>
        <line num="365" count="28" type="stmt"/>
        <line num="408" count="28" type="stmt"/>
        <line num="409" count="28" type="stmt"/>
        <line num="415" count="28" type="stmt"/>
        <line num="417" count="28" type="stmt"/>
        <line num="460" count="28" type="stmt"/>
        <line num="461" count="28" type="stmt"/>
        <line num="462" count="28" type="stmt"/>
        <line num="464" count="28" type="stmt"/>
        <line num="482" count="28" type="stmt"/>
        <line num="483" count="28" type="stmt"/>
        <line num="484" count="28" type="stmt"/>
        <line num="485" count="28" type="stmt"/>
        <line num="503" count="28" type="stmt"/>
        <line num="504" count="28" type="stmt"/>
        <line num="505" count="28" type="stmt"/>
        <line num="507" count="28" type="stmt"/>
        <line num="525" count="28" type="stmt"/>
        <line num="526" count="28" type="stmt"/>
        <line num="530" count="28" type="stmt"/>
        <line num="532" count="28" type="stmt"/>
        <line num="550" count="28" type="stmt"/>
        <line num="551" count="28" type="stmt"/>
        <line num="552" count="28" type="stmt"/>
        <line num="553" count="28" type="stmt"/>
        <line num="571" count="28" type="stmt"/>
        <line num="572" count="28" type="stmt"/>
        <line num="573" count="28" type="stmt"/>
        <line num="574" count="28" type="stmt"/>
        <line num="592" count="112" type="stmt"/>
        <line num="593" count="112" type="stmt"/>
        <line num="603" count="56" type="stmt"/>
        <line num="604" count="56" type="stmt"/>
        <line num="606" count="56" type="stmt"/>
        <line num="637" count="691" type="stmt"/>
        <line num="641" count="453" type="stmt"/>
        <line num="645" count="28" type="stmt"/>
        <line num="649" count="577" type="stmt"/>
      </file>
    </package>
    <package name="component.app.popup">
      <metrics statements="26" coveredstatements="26" conditionals="7" coveredconditionals="7" methods="14" coveredmethods="14"/>
      <file name="index.tsx" path="/_data/Dev/projects/chrome-custom-code-injector/src/component/app/popup/index.tsx">
        <metrics statements="26" coveredstatements="26" conditionals="7" coveredconditionals="7" methods="14" coveredmethods="14"/>
        <line num="10" count="28" type="stmt"/>
        <line num="11" count="28" type="stmt"/>
        <line num="13" count="28" type="stmt"/>
        <line num="14" count="28" type="stmt"/>
        <line num="15" count="28" type="stmt"/>
        <line num="16" count="28" type="stmt"/>
        <line num="17" count="28" type="stmt"/>
        <line num="18" count="28" type="stmt"/>
        <line num="20" count="28" type="stmt"/>
        <line num="21" count="28" type="stmt"/>
        <line num="22" count="28" type="cond" truecount="3" falsecount="0"/>
        <line num="36" count="28" type="stmt"/>
        <line num="38" count="28" type="stmt"/>
        <line num="51" count="1" type="stmt"/>
        <line num="67" count="1" type="stmt"/>
        <line num="74" count="1" type="stmt"/>
        <line num="81" count="1" type="stmt"/>
        <line num="87" count="1" type="stmt"/>
        <line num="94" count="1" type="stmt"/>
        <line num="101" count="1" type="stmt"/>
        <line num="111" count="1" type="stmt"/>
        <line num="118" count="1" type="stmt"/>
        <line num="125" count="1" type="stmt"/>
        <line num="131" count="1" type="stmt"/>
        <line num="138" count="1" type="stmt"/>
        <line num="145" count="1" type="stmt"/>
      </file>
    </package>
    <package name="component.base.btn-icon">
      <metrics statements="5" coveredstatements="5" conditionals="0" coveredconditionals="0" methods="1" coveredmethods="1"/>
      <file name="index.tsx" path="/_data/Dev/projects/chrome-custom-code-injector/src/component/base/btn-icon/index.tsx">
        <metrics statements="5" coveredstatements="5" conditionals="0" coveredconditionals="0" methods="1" coveredmethods="1"/>
        <line num="6" count="3" type="stmt"/>
        <line num="7" count="3" type="stmt"/>
        <line num="9" count="3" type="stmt"/>
        <line num="10" count="3238" type="stmt"/>
        <line num="11" count="3238" type="stmt"/>
      </file>
    </package>
    <package name="component.base.btn-sort">
      <metrics statements="7" coveredstatements="7" conditionals="6" coveredconditionals="6" methods="1" coveredmethods="1"/>
      <file name="index.tsx" path="/_data/Dev/projects/chrome-custom-code-injector/src/component/base/btn-sort/index.tsx">
        <metrics statements="7" coveredstatements="7" conditionals="6" coveredconditionals="6" methods="1" coveredmethods="1"/>
        <line num="4" count="4" type="stmt"/>
        <line num="5" count="331" type="cond" truecount="2" falsecount="0"/>
        <line num="6" count="331" type="stmt"/>
        <line num="7" count="331" type="cond" truecount="4" falsecount="0"/>
        <line num="8" count="331" type="stmt"/>
        <line num="9" count="331" type="stmt"/>
        <line num="12" count="4" type="stmt"/>
      </file>
    </package>
    <package name="component.base.btn-text">
      <metrics statements="4" coveredstatements="4" conditionals="2" coveredconditionals="2" methods="1" coveredmethods="1"/>
      <file name="index.tsx" path="/_data/Dev/projects/chrome-custom-code-injector/src/component/base/btn-text/index.tsx">
        <metrics statements="4" coveredstatements="4" conditionals="2" coveredconditionals="2" methods="1" coveredmethods="1"/>
        <line num="4" count="3" type="stmt"/>
        <line num="6" count="3" type="stmt"/>
        <line num="7" count="72" type="cond" truecount="2" falsecount="0"/>
        <line num="9" count="72" type="stmt"/>
      </file>
    </package>
    <package name="component.base.checkbox">
      <metrics statements="5" coveredstatements="5" conditionals="6" coveredconditionals="6" methods="1" coveredmethods="1"/>
      <file name="index.tsx" path="/_data/Dev/projects/chrome-custom-code-injector/src/component/base/checkbox/index.tsx">
        <metrics statements="5" coveredstatements="5" conditionals="6" coveredconditionals="6" methods="1" coveredmethods="1"/>
        <line num="5" count="2" type="stmt"/>
        <line num="7" count="2" type="stmt"/>
        <line num="8" count="663" type="stmt"/>
        <line num="9" count="663" type="cond" truecount="4" falsecount="0"/>
        <line num="11" count="663" type="stmt"/>
      </file>
    </package>
    <package name="component.base.checkbox-icon-switch">
      <metrics statements="6" coveredstatements="6" conditionals="2" coveredconditionals="2" methods="1" coveredmethods="1"/>
      <file name="index.tsx" path="/_data/Dev/projects/chrome-custom-code-injector/src/component/base/checkbox-icon-switch/index.tsx">
        <metrics statements="6" coveredstatements="6" conditionals="2" coveredconditionals="2" methods="1" coveredmethods="1"/>
        <line num="8" count="2" type="stmt"/>
        <line num="9" count="2" type="stmt"/>
        <line num="11" count="2" type="stmt"/>
        <line num="12" count="994" type="stmt"/>
        <line num="13" count="994" type="stmt"/>
        <line num="15" count="994" type="stmt"/>
      </file>
    </package>
    <package name="component.base.checkbox-slider-switch">
      <metrics statements="5" coveredstatements="5" conditionals="6" coveredconditionals="6" methods="1" coveredmethods="1"/>
      <file name="index.tsx" path="/_data/Dev/projects/chrome-custom-code-injector/src/component/base/checkbox-slider-switch/index.tsx">
        <metrics statements="5" coveredstatements="5" conditionals="6" coveredconditionals="6" methods="1" coveredmethods="1"/>
        <line num="5" count="2" type="stmt"/>
        <line num="7" count="2" type="stmt"/>
        <line num="8" count="1468" type="stmt"/>
        <line num="9" count="1468" type="cond" truecount="4" falsecount="0"/>
        <line num="11" count="1468" type="stmt"/>
      </file>
    </package>
    <package name="component.base.checkbox-symbol-switch">
      <metrics statements="3" coveredstatements="3" conditionals="0" coveredconditionals="0" methods="1" coveredmethods="1"/>
      <file name="index.tsx" path="/_data/Dev/projects/chrome-custom-code-injector/src/component/base/checkbox-symbol-switch/index.tsx">
        <metrics statements="3" coveredstatements="3" conditionals="0" coveredconditionals="0" methods="1" coveredmethods="1"/>
        <line num="4" count="2" type="stmt"/>
        <line num="5" count="169" type="stmt"/>
        <line num="7" count="169" type="stmt"/>
      </file>
    </package>
    <package name="component.base.checkbox-tab-switch">
      <metrics statements="26" coveredstatements="26" conditionals="8" coveredconditionals="8" methods="6" coveredmethods="6"/>
      <file name="index.tsx" path="/_data/Dev/projects/chrome-custom-code-injector/src/component/base/checkbox-tab-switch/index.tsx">
        <metrics statements="26" coveredstatements="26" conditionals="8" coveredconditionals="8" methods="6" coveredmethods="6"/>
        <line num="6" count="2" type="stmt"/>
        <line num="7" count="2" type="stmt"/>
        <line num="8" count="2" type="stmt"/>
        <line num="9" count="2" type="stmt"/>
        <line num="10" count="2" type="stmt"/>
        <line num="13" count="2" type="stmt"/>
        <line num="20" count="99" type="stmt"/>
        <line num="21" count="99" type="stmt"/>
        <line num="22" count="99" type="stmt"/>
        <line num="24" count="99" type="cond" truecount="2" falsecount="0"/>
        <line num="26" count="290" type="stmt"/>
        <line num="27" count="290" type="stmt"/>
        <line num="28" count="290" type="cond" truecount="2" falsecount="0"/>
        <line num="29" count="290" type="stmt"/>
        <line num="30" count="290" type="stmt"/>
        <line num="31" count="290" type="stmt"/>
        <line num="32" count="290" type="stmt"/>
        <line num="33" count="290" type="stmt"/>
        <line num="35" count="290" type="stmt"/>
        <line num="42" count="14" type="stmt"/>
        <line num="54" count="2" type="stmt"/>
        <line num="69" count="102" type="stmt"/>
        <line num="71" count="102" type="cond" truecount="2" falsecount="0"/>
        <line num="73" count="96" type="cond" truecount="2" falsecount="0"/>
        <line num="75" count="95" type="stmt"/>
        <line num="76" count="284" type="stmt"/>
      </file>
    </package>
    <package name="component.base.input-file">
      <metrics statements="32" coveredstatements="32" conditionals="13" coveredconditionals="13" methods="5" coveredmethods="5"/>
      <file name="index.tsx" path="/_data/Dev/projects/chrome-custom-code-injector/src/component/base/input-file/index.tsx">
        <metrics statements="32" coveredstatements="32" conditionals="13" coveredconditionals="13" methods="5" coveredmethods="5"/>
        <line num="5" count="2" type="stmt"/>
        <line num="6" count="2" type="stmt"/>
        <line num="9" count="12" type="stmt"/>
        <line num="15" count="12" type="stmt"/>
        <line num="16" count="12" type="stmt"/>
        <line num="20" count="4" type="stmt"/>
        <line num="21" count="4" type="stmt"/>
        <line num="22" count="4" type="stmt"/>
        <line num="23" count="4" type="stmt"/>
        <line num="25" count="4" type="stmt"/>
        <line num="36" count="1" type="stmt"/>
        <line num="43" count="5" type="stmt"/>
        <line num="44" count="5" type="cond" truecount="2" falsecount="0"/>
        <line num="48" count="3" type="stmt"/>
        <line num="49" count="3" type="stmt"/>
        <line num="51" count="3" type="cond" truecount="2" falsecount="0"/>
        <line num="52" count="2" type="stmt"/>
        <line num="55" count="1" type="stmt"/>
        <line num="56" count="2" type="stmt"/>
        <line num="57" count="2" type="stmt"/>
        <line num="61" count="3" type="stmt"/>
        <line num="62" count="3" type="stmt"/>
        <line num="63" count="3" type="stmt"/>
        <line num="67" count="4" type="stmt"/>
        <line num="70" count="4" type="cond" truecount="2" falsecount="0"/>
        <line num="71" count="2" type="stmt"/>
        <line num="72" count="2" type="stmt"/>
        <line num="73" count="2" type="cond" truecount="2" falsecount="0"/>
        <line num="77" count="2" type="stmt"/>
        <line num="78" count="2" type="stmt"/>
        <line num="79" count="2" type="cond" truecount="2" falsecount="0"/>
        <line num="82" count="4" type="stmt"/>
      </file>
    </package>
    <package name="component.base.input-search">
      <metrics statements="15" coveredstatements="15" conditionals="4" coveredconditionals="4" methods="5" coveredmethods="5"/>
      <file name="index.tsx" path="/_data/Dev/projects/chrome-custom-code-injector/src/component/base/input-search/index.tsx">
        <metrics statements="15" coveredstatements="15" conditionals="4" coveredconditionals="4" methods="5" coveredmethods="5"/>
        <line num="6" count="2" type="stmt"/>
        <line num="7" count="2" type="stmt"/>
        <line num="13" count="67" type="stmt"/>
        <line num="14" count="67" type="stmt"/>
        <line num="15" count="67" type="stmt"/>
        <line num="19" count="8" type="stmt"/>
        <line num="20" count="8" type="stmt"/>
        <line num="21" count="8" type="stmt"/>
        <line num="25" count="3" type="stmt"/>
        <line num="26" count="3" type="stmt"/>
        <line num="27" count="3" type="stmt"/>
        <line num="31" count="122" type="stmt"/>
        <line num="32" count="122" type="cond" truecount="2" falsecount="0"/>
        <line num="34" count="122" type="stmt"/>
        <line num="43" count="213" type="stmt"/>
      </file>
    </package>
    <package name="component.base.input-text">
      <metrics statements="40" coveredstatements="40" conditionals="38" coveredconditionals="38" methods="11" coveredmethods="11"/>
      <file name="index.tsx" path="/_data/Dev/projects/chrome-custom-code-injector/src/component/base/input-text/index.tsx">
        <metrics statements="40" coveredstatements="40" conditionals="38" coveredconditionals="38" methods="11" coveredmethods="11"/>
        <line num="6" count="2" type="stmt"/>
        <line num="7" count="2" type="stmt"/>
        <line num="12" count="2" type="stmt"/>
        <line num="17" count="101" type="stmt"/>
        <line num="18" count="101" type="stmt"/>
        <line num="19" count="101" type="stmt"/>
        <line num="23" count="256" type="stmt"/>
        <line num="24" count="256" type="stmt"/>
        <line num="25" count="256" type="stmt"/>
        <line num="27" count="256" type="cond" truecount="2" falsecount="0"/>
        <line num="28" count="256" type="cond" truecount="2" falsecount="0"/>
        <line num="29" count="256" type="cond" truecount="2" falsecount="0"/>
        <line num="31" count="256" type="cond" truecount="4" falsecount="0"/>
        <line num="32" count="256" type="cond" truecount="2" falsecount="0"/>
        <line num="33" count="256" type="cond" truecount="2" falsecount="0"/>
        <line num="34" count="256" type="cond" truecount="2" falsecount="0"/>
        <line num="36" count="256" type="cond" truecount="4" falsecount="0"/>
        <line num="38" count="17" type="stmt"/>
        <line num="42" count="256" type="stmt"/>
        <line num="49" count="450" type="stmt"/>
        <line num="64" count="24" type="stmt"/>
        <line num="69" count="2" type="stmt"/>
        <line num="73" count="27" type="cond" truecount="2" falsecount="0"/>
        <line num="75" count="24" type="stmt"/>
        <line num="76" count="24" type="stmt"/>
        <line num="77" count="24" type="stmt"/>
        <line num="78" count="24" type="stmt"/>
        <line num="79" count="24" type="stmt"/>
        <line num="88" count="28" type="cond" truecount="2" falsecount="0"/>
        <line num="90" count="27" type="stmt"/>
        <line num="91" count="27" type="stmt"/>
        <line num="92" count="27" type="stmt"/>
        <line num="94" count="27" type="cond" truecount="2" falsecount="0"/>
        <line num="95" count="2" type="stmt"/>
        <line num="97" count="25" type="cond" truecount="2" falsecount="0"/>
        <line num="98" count="24" type="stmt"/>
        <line num="101" count="27" type="cond" truecount="2" falsecount="0"/>
        <line num="103" count="27" type="stmt"/>
        <line num="110" count="284" type="stmt"/>
        <line num="114" count="256" type="stmt"/>
      </file>
    </package>
    <package name="component.base.num-badge">
      <metrics statements="6" coveredstatements="6" conditionals="4" coveredconditionals="4" methods="1" coveredmethods="1"/>
      <file name="index.tsx" path="/_data/Dev/projects/chrome-custom-code-injector/src/component/base/num-badge/index.tsx">
        <metrics statements="6" coveredstatements="6" conditionals="4" coveredconditionals="4" methods="1" coveredmethods="1"/>
        <line num="4" count="3" type="stmt"/>
        <line num="5" count="368" type="stmt"/>
        <line num="6" count="368" type="stmt"/>
        <line num="7" count="368" type="cond" truecount="4" falsecount="0"/>
        <line num="9" count="368" type="stmt"/>
        <line num="14" count="3" type="stmt"/>
      </file>
    </package>
    <package name="component.base.select-dropdown">
      <metrics statements="21" coveredstatements="21" conditionals="20" coveredconditionals="20" methods="7" coveredmethods="7"/>
      <file name="index.tsx" path="/_data/Dev/projects/chrome-custom-code-injector/src/component/base/select-dropdown/index.tsx">
        <metrics statements="21" coveredstatements="21" conditionals="20" coveredconditionals="20" methods="7" coveredmethods="7"/>
        <line num="6" count="3" type="stmt"/>
        <line num="10" count="449" type="stmt"/>
        <line num="11" count="449" type="stmt"/>
        <line num="12" count="449" type="stmt"/>
        <line num="16" count="430" type="stmt"/>
        <line num="17" count="430" type="cond" truecount="2" falsecount="0"/>
        <line num="20" count="430" type="cond" truecount="2" falsecount="0"/>
        <line num="21" count="4" type="stmt"/>
        <line num="22" count="4" type="stmt"/>
        <line num="27" count="866" type="stmt"/>
        <line num="28" count="866" type="stmt"/>
        <line num="29" count="866" type="stmt"/>
        <line num="30" count="866" type="cond" truecount="2" falsecount="0"/>
        <line num="32" count="866" type="cond" truecount="2" falsecount="0"/>
        <line num="40" count="1880" type="stmt"/>
        <line num="52" count="455" type="stmt"/>
        <line num="60" count="6" type="stmt"/>
        <line num="61" count="6" type="stmt"/>
        <line num="62" count="6" type="stmt"/>
        <line num="70" count="869" type="stmt"/>
        <line num="73" count="869" type="stmt"/>
      </file>
    </package>
    <package name="component.base.side-bar">
      <metrics statements="39" coveredstatements="39" conditionals="16" coveredconditionals="16" methods="9" coveredmethods="9"/>
      <file name="index.tsx" path="/_data/Dev/projects/chrome-custom-code-injector/src/component/base/side-bar/index.tsx">
        <metrics statements="39" coveredstatements="39" conditionals="16" coveredconditionals="16" methods="9" coveredmethods="9"/>
        <line num="7" count="2" type="stmt"/>
        <line num="8" count="2" type="stmt"/>
        <line num="9" count="2" type="stmt"/>
        <line num="10" count="2" type="stmt"/>
        <line num="11" count="2" type="stmt"/>
        <line num="12" count="2" type="stmt"/>
        <line num="15" count="2" type="stmt"/>
        <line num="23" count="101" type="stmt"/>
        <line num="24" count="101" type="stmt"/>
        <line num="25" count="101" type="stmt"/>
        <line num="27" count="101" type="stmt"/>
        <line num="30" count="382" type="stmt"/>
        <line num="37" count="382" type="stmt"/>
        <line num="43" count="382" type="stmt"/>
        <line num="45" count="382" type="stmt"/>
        <line num="46" count="382" type="stmt"/>
        <line num="47" count="382" type="stmt"/>
        <line num="48" count="382" type="cond" truecount="2" falsecount="0"/>
        <line num="49" count="382" type="stmt"/>
        <line num="51" count="382" type="stmt"/>
        <line num="57" count="382" type="stmt"/>
        <line num="58" count="382" type="stmt"/>
        <line num="59" count="382" type="stmt"/>
        <line num="61" count="382" type="cond" truecount="4" falsecount="0"/>
        <line num="62" count="382" type="cond" truecount="2" falsecount="0"/>
        <line num="64" count="382" type="stmt"/>
        <line num="68" count="2" type="stmt"/>
        <line num="79" count="297" type="stmt"/>
        <line num="91" count="297" type="stmt"/>
        <line num="93" count="297" type="stmt"/>
        <line num="94" count="297" type="stmt"/>
        <line num="95" count="297" type="cond" truecount="2" falsecount="0"/>
        <line num="96" count="297" type="stmt"/>
        <line num="102" count="297" type="stmt"/>
        <line num="106" count="4" type="stmt"/>
        <line num="113" count="6" type="stmt"/>
        <line num="114" count="6" type="stmt"/>
        <line num="118" count="679" type="cond" truecount="2" falsecount="0"/>
        <line num="122" count="679" type="stmt"/>
      </file>
    </package>
    <package name="component.extendable.memo-component">
      <metrics statements="10" coveredstatements="10" conditionals="10" coveredconditionals="10" methods="3" coveredmethods="3"/>
      <file name="index.ts" path="/_data/Dev/projects/chrome-custom-code-injector/src/component/extendable/memo-component/index.ts">
        <metrics statements="10" coveredstatements="10" conditionals="10" coveredconditionals="10" methods="3" coveredmethods="3"/>
        <line num="8" count="1269" type="stmt"/>
        <line num="12" count="1509" type="cond" truecount="2" falsecount="0"/>
        <line num="13" count="1509" type="cond" truecount="2" falsecount="0"/>
        <line num="15" count="1026" type="stmt"/>
        <line num="18" count="1509" type="cond" truecount="2" falsecount="0"/>
        <line num="21" count="1422" type="stmt"/>
        <line num="22" count="1422" type="stmt"/>
        <line num="25" count="1422" type="cond" truecount="4" falsecount="0"/>
        <line num="28" count="1419" type="stmt"/>
        <line num="29" count="5807" type="stmt"/>
      </file>
    </package>
    <package name="component.static.icon">
      <metrics statements="2" coveredstatements="2" conditionals="4" coveredconditionals="4" methods="1" coveredmethods="1"/>
      <file name="index.tsx" path="/_data/Dev/projects/chrome-custom-code-injector/src/component/static/icon/index.tsx">
        <metrics statements="2" coveredstatements="2" conditionals="4" coveredconditionals="4" methods="1" coveredmethods="1"/>
        <line num="5" count="3749" type="cond" truecount="2" falsecount="0"/>
        <line num="6" count="3749" type="stmt"/>
      </file>
    </package>
    <package name="component.view.option-edit">
      <metrics statements="55" coveredstatements="55" conditionals="24" coveredconditionals="24" methods="20" coveredmethods="20"/>
      <file name="index.tsx" path="/_data/Dev/projects/chrome-custom-code-injector/src/component/view/option-edit/index.tsx">
        <metrics statements="35" coveredstatements="35" conditionals="20" coveredconditionals="20" methods="13" coveredmethods="13"/>
        <line num="46" count="94" type="stmt"/>
        <line num="48" count="94" type="stmt"/>
        <line num="49" count="94" type="stmt"/>
        <line num="52" count="94" type="stmt"/>
        <line num="53" count="94" type="stmt"/>
        <line num="54" count="94" type="stmt"/>
        <line num="57" count="94" type="stmt"/>
        <line num="58" count="94" type="stmt"/>
        <line num="61" count="94" type="stmt"/>
        <line num="62" count="94" type="stmt"/>
        <line num="63" count="94" type="stmt"/>
        <line num="64" count="94" type="cond" truecount="2" falsecount="0"/>
        <line num="65" count="94" type="cond" truecount="2" falsecount="0"/>
        <line num="68" count="94" type="stmt"/>
        <line num="69" count="94" type="stmt"/>
        <line num="72" count="94" type="stmt"/>
        <line num="75" count="94" type="cond" truecount="2" falsecount="0"/>
        <line num="79" count="94" type="stmt"/>
        <line num="87" count="94" type="stmt"/>
        <line num="88" count="38" type="stmt"/>
        <line num="93" count="94" type="stmt"/>
        <line num="94" count="38" type="stmt"/>
        <line num="99" count="94" type="stmt"/>
        <line num="100" count="38" type="stmt"/>
        <line num="108" count="94" type="stmt"/>
        <line num="117" count="94" type="stmt"/>
        <line num="161" count="1" type="stmt"/>
        <line num="167" count="1" type="stmt"/>
        <line num="178" count="1" type="stmt"/>
        <line num="191" count="13" type="stmt"/>
        <line num="192" count="1" type="stmt"/>
        <line num="201" count="1" type="stmt"/>
        <line num="237" count="188" type="stmt"/>
        <line num="241" count="94" type="stmt"/>
        <line num="245" count="94" type="stmt"/>
      </file>
      <file name="tb-row.tsx" path="/_data/Dev/projects/chrome-custom-code-injector/src/component/view/option-edit/tb-row.tsx">
        <metrics statements="20" coveredstatements="20" conditionals="4" coveredconditionals="4" methods="7" coveredmethods="7"/>
        <line num="13" count="1" type="stmt"/>
        <line num="14" count="110" type="stmt"/>
        <line num="15" count="110" type="stmt"/>
        <line num="16" count="110" type="stmt"/>
        <line num="25" count="110" type="stmt"/>
        <line num="28" count="110" type="stmt"/>
        <line num="29" count="110" type="stmt"/>
        <line num="32" count="110" type="stmt"/>
        <line num="35" count="110" type="stmt"/>
        <line num="36" count="110" type="stmt"/>
        <line num="38" count="110" type="cond" truecount="2" falsecount="0"/>
        <line num="39" count="110" type="cond" truecount="2" falsecount="0"/>
        <line num="40" count="110" type="stmt"/>
        <line num="42" count="110" type="stmt"/>
        <line num="49" count="3" type="stmt"/>
        <line num="68" count="1" type="stmt"/>
        <line num="77" count="1" type="stmt"/>
        <line num="86" count="1" type="stmt"/>
        <line num="94" count="1" type="stmt"/>
        <line num="102" count="1" type="stmt"/>
      </file>
    </package>
    <package name="component.view.option-list">
      <metrics statements="53" coveredstatements="53" conditionals="29" coveredconditionals="29" methods="20" coveredmethods="20"/>
      <file name="index.tsx" path="/_data/Dev/projects/chrome-custom-code-injector/src/component/view/option-list/index.tsx">
        <metrics statements="24" coveredstatements="24" conditionals="4" coveredconditionals="4" methods="8" coveredmethods="8"/>
        <line num="27" count="119" type="stmt"/>
        <line num="29" count="119" type="stmt"/>
        <line num="30" count="119" type="stmt"/>
        <line num="33" count="119" type="stmt"/>
        <line num="34" count="119" type="stmt"/>
        <line num="37" count="119" type="stmt"/>
        <line num="38" count="119" type="stmt"/>
        <line num="41" count="119" type="stmt"/>
        <line num="44" count="119" type="cond" truecount="2" falsecount="0"/>
        <line num="48" count="119" type="stmt"/>
        <line num="56" count="119" type="stmt"/>
        <line num="57" count="119" type="stmt"/>
        <line num="62" count="119" type="stmt"/>
        <line num="63" count="119" type="stmt"/>
        <line num="69" count="119" type="stmt"/>
        <line num="77" count="119" type="stmt"/>
        <line num="78" count="119" type="stmt"/>
        <line num="79" count="119" type="stmt"/>
        <line num="80" count="119" type="stmt"/>
        <line num="85" count="6" type="stmt"/>
        <line num="93" count="119" type="stmt"/>
        <line num="129" count="238" type="stmt"/>
        <line num="133" count="119" type="stmt"/>
        <line num="137" count="119" type="stmt"/>
      </file>
      <file name="tb-row.tsx" path="/_data/Dev/projects/chrome-custom-code-injector/src/component/view/option-list/tb-row.tsx">
        <metrics statements="29" coveredstatements="29" conditionals="25" coveredconditionals="25" methods="12" coveredmethods="12"/>
        <line num="14" count="1" type="stmt"/>
        <line num="18" count="415" type="stmt"/>
        <line num="19" count="415" type="stmt"/>
        <line num="20" count="415" type="stmt"/>
        <line num="35" count="415" type="stmt"/>
        <line num="38" count="415" type="stmt"/>
        <line num="39" count="415" type="stmt"/>
        <line num="40" count="415" type="cond" truecount="2" falsecount="0"/>
        <line num="41" count="415" type="cond" truecount="2" falsecount="0"/>
        <line num="42" count="415" type="cond" truecount="2" falsecount="0"/>
        <line num="45" count="415" type="stmt"/>
        <line num="46" count="415" type="stmt"/>
        <line num="50" count="415" type="stmt"/>
        <line num="51" count="415" type="cond" truecount="2" falsecount="0"/>
        <line num="54" count="415" type="stmt"/>
        <line num="55" count="415" type="cond" truecount="2" falsecount="0"/>
        <line num="56" count="415" type="cond" truecount="2" falsecount="0"/>
        <line num="58" count="415" type="stmt"/>
        <line num="65" count="4" type="stmt"/>
        <line num="75" count="6" type="stmt"/>
        <line num="89" count="1" type="stmt"/>
        <line num="97" count="1" type="stmt"/>
        <line num="110" count="1" type="stmt"/>
        <line num="118" count="1" type="stmt"/>
        <line num="126" count="1" type="stmt"/>
        <line num="134" count="1" type="stmt"/>
        <line num="142" count="2" type="stmt"/>
        <line num="149" count="29" type="stmt"/>
        <line num="156" count="6" type="stmt"/>
      </file>
    </package>
    <package name="component.widget.data-grid">
      <metrics statements="90" coveredstatements="90" conditionals="76" coveredconditionals="76" methods="22" coveredmethods="22"/>
      <file name="index.tsx" path="/_data/Dev/projects/chrome-custom-code-injector/src/component/widget/data-grid/index.tsx">
        <metrics statements="90" coveredstatements="90" conditionals="76" coveredconditionals="76" methods="22" coveredmethods="22"/>
        <line num="17" count="2" type="stmt"/>
        <line num="28" count="116" type="stmt"/>
        <line num="29" count="116" type="stmt"/>
        <line num="30" count="116" type="stmt"/>
        <line num="31" count="116" type="stmt"/>
        <line num="32" count="116" type="stmt"/>
        <line num="35" count="2" type="stmt"/>
        <line num="38" count="116" type="stmt"/>
        <line num="39" count="116" type="stmt"/>
        <line num="43" count="86" type="stmt"/>
        <line num="44" count="86" type="stmt"/>
        <line num="45" count="86" type="stmt"/>
        <line num="49" count="162" type="stmt"/>
        <line num="50" count="162" type="stmt"/>
        <line num="51" count="162" type="stmt"/>
        <line num="52" count="162" type="stmt"/>
        <line num="53" count="162" type="stmt"/>
        <line num="55" count="162" type="stmt"/>
        <line num="56" count="162" type="stmt"/>
        <line num="57" count="162" type="stmt"/>
        <line num="58" count="162" type="stmt"/>
        <line num="59" count="162" type="stmt"/>
        <line num="60" count="162" type="cond" truecount="2" falsecount="0"/>
        <line num="61" count="162" type="stmt"/>
        <line num="62" count="162" type="stmt"/>
        <line num="64" count="162" type="stmt"/>
        <line num="74" count="161" type="stmt"/>
        <line num="75" count="161" type="stmt"/>
        <line num="76" count="161" type="stmt"/>
        <line num="77" count="161" type="cond" truecount="2" falsecount="0"/>
        <line num="78" count="161" type="cond" truecount="2" falsecount="0"/>
        <line num="79" count="161" type="cond" truecount="2" falsecount="0"/>
        <line num="80" count="161" type="cond" truecount="2" falsecount="0"/>
        <line num="87" count="161" type="stmt"/>
        <line num="99" count="161" type="cond" truecount="2" falsecount="0"/>
        <line num="104" count="682" type="cond" truecount="2" falsecount="0"/>
        <line num="105" count="472" type="stmt"/>
        <line num="107" count="682" type="stmt"/>
        <line num="136" count="100" type="stmt"/>
        <line num="137" count="100" type="stmt"/>
        <line num="138" count="100" type="stmt"/>
        <line num="139" count="100" type="stmt"/>
        <line num="140" count="100" type="stmt"/>
        <line num="141" count="100" type="stmt"/>
        <line num="142" count="100" type="stmt"/>
        <line num="143" count="100" type="stmt"/>
        <line num="145" count="100" type="stmt"/>
        <line num="161" count="158" type="stmt"/>
        <line num="162" count="278" type="stmt"/>
        <line num="163" count="278" type="cond" truecount="2" falsecount="0"/>
        <line num="164" count="278" type="stmt"/>
        <line num="165" count="278" type="cond" truecount="2" falsecount="0"/>
        <line num="170" count="1677" type="stmt"/>
        <line num="174" count="1681" type="stmt"/>
        <line num="175" count="1681" type="stmt"/>
        <line num="176" count="1681" type="stmt"/>
        <line num="177" count="1681" type="stmt"/>
        <line num="178" count="1681" type="stmt"/>
        <line num="196" count="159" type="stmt"/>
        <line num="197" count="159" type="stmt"/>
        <line num="198" count="159" type="cond" truecount="2" falsecount="0"/>
        <line num="199" count="159" type="cond" truecount="2" falsecount="0"/>
        <line num="200" count="159" type="cond" truecount="2" falsecount="0"/>
        <line num="201" count="159" type="stmt"/>
        <line num="206" count="159" type="stmt"/>
        <line num="207" count="159" type="stmt"/>
        <line num="208" count="159" type="cond" truecount="2" falsecount="0"/>
        <line num="209" count="159" type="stmt"/>
        <line num="216" count="159" type="stmt"/>
        <line num="224" count="1839" type="cond" truecount="2" falsecount="0"/>
        <line num="228" count="158" type="stmt"/>
        <line num="229" count="158" type="stmt"/>
        <line num="230" count="158" type="stmt"/>
        <line num="236" count="315" type="stmt"/>
        <line num="241" count="317" type="stmt"/>
        <line num="242" count="317" type="cond" truecount="2" falsecount="0"/>
        <line num="244" count="316" type="cond" truecount="2" falsecount="0"/>
        <line num="245" count="316" type="stmt"/>
        <line num="251" count="316" type="stmt"/>
        <line num="255" count="393" type="stmt"/>
        <line num="256" count="393" type="stmt"/>
        <line num="257" count="393" type="cond" truecount="2" falsecount="0"/>
        <line num="258" count="393" type="stmt"/>
        <line num="267" count="160" type="stmt"/>
        <line num="268" count="160" type="cond" truecount="2" falsecount="0"/>
        <line num="270" count="121" type="cond" truecount="2" falsecount="0"/>
        <line num="271" count="121" type="stmt"/>
        <line num="283" count="826" type="stmt"/>
        <line num="284" count="4" type="stmt"/>
        <line num="285" count="4" type="stmt"/>
      </file>
    </package>
    <package name="component.widget.data-grid.contextual-header">
      <metrics statements="22" coveredstatements="22" conditionals="15" coveredconditionals="15" methods="9" coveredmethods="9"/>
      <file name="index.tsx" path="/_data/Dev/projects/chrome-custom-code-injector/src/component/widget/data-grid/contextual-header/index.tsx">
        <metrics statements="22" coveredstatements="22" conditionals="15" coveredconditionals="15" methods="9" coveredmethods="9"/>
        <line num="6" count="3" type="stmt"/>
        <line num="10" count="164" type="stmt"/>
        <line num="11" count="164" type="cond" truecount="2" falsecount="0"/>
        <line num="12" count="164" type="cond" truecount="2" falsecount="0"/>
        <line num="16" count="160" type="stmt"/>
        <line num="18" count="160" type="stmt"/>
        <line num="20" count="163" type="stmt"/>
        <line num="21" count="1503" type="stmt"/>
        <line num="34" count="3" type="stmt"/>
        <line num="35" count="3" type="stmt"/>
        <line num="37" count="3" type="stmt"/>
        <line num="42" count="9" type="stmt"/>
        <line num="54" count="1" type="stmt"/>
        <line num="55" count="1" type="stmt"/>
        <line num="58" count="2" type="stmt"/>
        <line num="60" count="1" type="stmt"/>
        <line num="64" count="1515" type="stmt"/>
        <line num="65" count="1515" type="stmt"/>
        <line num="68" count="1515" type="cond" truecount="2" falsecount="0"/>
        <line num="69" count="472" type="cond" truecount="4" falsecount="0"/>
        <line num="70" count="472" type="stmt"/>
        <line num="74" count="1043" type="stmt"/>
      </file>
    </package>
    <package name="component.widget.data-grid.contextual-pagination">
      <metrics statements="19" coveredstatements="19" conditionals="6" coveredconditionals="6" methods="7" coveredmethods="7"/>
      <file name="index.tsx" path="/_data/Dev/projects/chrome-custom-code-injector/src/component/widget/data-grid/contextual-pagination/index.tsx">
        <metrics statements="19" coveredstatements="19" conditionals="6" coveredconditionals="6" methods="7" coveredmethods="7"/>
        <line num="11" count="3" type="stmt"/>
        <line num="12" count="3" type="stmt"/>
        <line num="13" count="3" type="stmt"/>
        <line num="21" count="122" type="stmt"/>
        <line num="27" count="122" type="stmt"/>
        <line num="28" count="122" type="stmt"/>
        <line num="30" count="122" type="stmt"/>
        <line num="31" count="122" type="stmt"/>
        <line num="32" count="122" type="stmt"/>
        <line num="33" count="122" type="stmt"/>
        <line num="35" count="122" type="stmt"/>
        <line num="49" count="241" type="cond" truecount="2" falsecount="0"/>
        <line num="50" count="492" type="stmt"/>
        <line num="51" count="137" type="cond" truecount="2" falsecount="0"/>
        <line num="55" count="477" type="stmt"/>
        <line num="56" count="477" type="stmt"/>
        <line num="65" count="240" type="stmt"/>
        <line num="66" count="240" type="stmt"/>
        <line num="73" count="2" type="stmt"/>
      </file>
    </package>
    <package name="component.widget.modal">
      <metrics statements="9" coveredstatements="9" conditionals="16" coveredconditionals="16" methods="4" coveredmethods="4"/>
      <file name="index.tsx" path="/_data/Dev/projects/chrome-custom-code-injector/src/component/widget/modal/index.tsx">
        <metrics statements="9" coveredstatements="9" conditionals="16" coveredconditionals="16" methods="4" coveredmethods="4"/>
        <line num="7" count="2" type="stmt"/>
        <line num="21" count="2" type="stmt"/>
        <line num="24" count="79" type="stmt"/>
        <line num="33" count="320" type="stmt"/>
        <line num="35" count="320" type="cond" truecount="2" falsecount="0"/>
        <line num="68" count="314" type="cond" truecount="3" falsecount="0"/>
        <line num="72" count="7" type="stmt"/>
        <line num="73" count="7" type="stmt"/>
        <line num="74" count="7" type="cond" truecount="2" falsecount="0"/>
      </file>
    </package>
    <package name="constant.code-exec-stage-list">
      <metrics statements="1" coveredstatements="1" conditionals="0" coveredconditionals="0" methods="0" coveredmethods="0"/>
      <file name="index.ts" path="/_data/Dev/projects/chrome-custom-code-injector/src/constant/code-exec-stage-list/index.ts">
        <metrics statements="1" coveredstatements="1" conditionals="0" coveredconditionals="0" methods="0" coveredmethods="0"/>
        <line num="1" count="1" type="stmt"/>
      </file>
    </package>
    <package name="constant.hint-msg-set">
      <metrics statements="1" coveredstatements="1" conditionals="0" coveredconditionals="0" methods="0" coveredmethods="0"/>
      <file name="index.ts" path="/_data/Dev/projects/chrome-custom-code-injector/src/constant/hint-msg-set/index.ts">
        <metrics statements="1" coveredstatements="1" conditionals="0" coveredconditionals="0" methods="0" coveredmethods="0"/>
        <line num="1" count="1" type="stmt"/>
      </file>
    </package>
    <package name="constant.lib-type-list">
      <metrics statements="1" coveredstatements="1" conditionals="0" coveredconditionals="0" methods="0" coveredmethods="0"/>
      <file name="index.ts" path="/_data/Dev/projects/chrome-custom-code-injector/src/constant/lib-type-list/index.ts">
        <metrics statements="1" coveredstatements="1" conditionals="0" coveredconditionals="0" methods="0" coveredmethods="0"/>
        <line num="1" count="1" type="stmt"/>
      </file>
    </package>
    <package name="constant.modal-set">
      <metrics statements="1" coveredstatements="1" conditionals="0" coveredconditionals="0" methods="0" coveredmethods="0"/>
      <file name="index.ts" path="/_data/Dev/projects/chrome-custom-code-injector/src/constant/modal-set/index.ts">
        <metrics statements="1" coveredstatements="1" conditionals="0" coveredconditionals="0" methods="0" coveredmethods="0"/>
        <line num="1" count="4" type="stmt"/>
      </file>
    </package>
    <package name="constant.result-per-page-list">
      <metrics statements="1" coveredstatements="1" conditionals="0" coveredconditionals="0" methods="0" coveredmethods="0"/>
      <file name="index.ts" path="/_data/Dev/projects/chrome-custom-code-injector/src/constant/result-per-page-list/index.ts">
        <metrics statements="1" coveredstatements="1" conditionals="0" coveredconditionals="0" methods="0" coveredmethods="0"/>
        <line num="1" count="7" type="stmt"/>
      </file>
    </package>
    <package name="constant.url-set">
      <metrics statements="1" coveredstatements="1" conditionals="0" coveredconditionals="0" methods="0" coveredmethods="0"/>
      <file name="index.ts" path="/_data/Dev/projects/chrome-custom-code-injector/src/constant/url-set/index.ts">
        <metrics statements="1" coveredstatements="1" conditionals="0" coveredconditionals="0" methods="0" coveredmethods="0"/>
        <line num="1" count="1" type="stmt"/>
      </file>
    </package>
    <package name="constant.validation-set">
      <metrics statements="2" coveredstatements="2" conditionals="0" coveredconditionals="0" methods="0" coveredmethods="0"/>
      <file name="index.ts" path="/_data/Dev/projects/chrome-custom-code-injector/src/constant/validation-set/index.ts">
        <metrics statements="2" coveredstatements="2" conditionals="0" coveredconditionals="0" methods="0" coveredmethods="0"/>
        <line num="3" count="1" type="stmt"/>
        <line num="5" count="1" type="stmt"/>
      </file>
    </package>
    <package name="handle.app-state">
      <metrics statements="1" coveredstatements="1" conditionals="0" coveredconditionals="0" methods="0" coveredmethods="0"/>
      <file name="index.ts" path="/_data/Dev/projects/chrome-custom-code-injector/src/handle/app-state/index.ts">
        <metrics statements="1" coveredstatements="1" conditionals="0" coveredconditionals="0" methods="0" coveredmethods="0"/>
        <line num="8" count="2" type="stmt"/>
      </file>
    </package>
    <package name="handle.app-state.modal">
      <metrics statements="185" coveredstatements="185" conditionals="40" coveredconditionals="40" methods="37" coveredmethods="37"/>
      <file name="index.ts" path="/_data/Dev/projects/chrome-custom-code-injector/src/handle/app-state/modal/index.ts">
        <metrics statements="185" coveredstatements="185" conditionals="40" coveredconditionals="40" methods="37" coveredmethods="37"/>
        <line num="20" count="4" type="stmt"/>
        <line num="21" count="4" type="stmt"/>
        <line num="27" count="34" type="stmt"/>
        <line num="28" count="34" type="stmt"/>
        <line num="29" count="34" type="stmt"/>
        <line num="42" count="68" type="stmt"/>
        <line num="43" count="68" type="stmt"/>
        <line num="53" count="1" type="stmt"/>
        <line num="59" count="1" type="stmt"/>
        <line num="60" count="1" type="stmt"/>
        <line num="61" count="1" type="stmt"/>
        <line num="62" count="1" type="stmt"/>
        <line num="63" count="1" type="stmt"/>
        <line num="64" count="1" type="stmt"/>
        <line num="68" count="1" type="stmt"/>
        <line num="74" count="1" type="stmt"/>
        <line num="75" count="1" type="stmt"/>
        <line num="76" count="1" type="stmt"/>
        <line num="77" count="1" type="stmt"/>
        <line num="81" count="1" type="stmt"/>
        <line num="82" count="1" type="stmt"/>
        <line num="96" count="1" type="stmt"/>
        <line num="97" count="1" type="stmt"/>
        <line num="99" count="1" type="stmt"/>
        <line num="117" count="1" type="stmt"/>
        <line num="123" count="1" type="stmt"/>
        <line num="124" count="1" type="stmt"/>
        <line num="130" count="1" type="stmt"/>
        <line num="131" count="1" type="stmt"/>
        <line num="135" count="1" type="stmt"/>
        <line num="136" count="1" type="stmt"/>
        <line num="137" count="1" type="stmt"/>
        <line num="141" count="1" type="stmt"/>
        <line num="142" count="1" type="stmt"/>
        <line num="143" count="1" type="stmt"/>
        <line num="152" count="1" type="stmt"/>
        <line num="153" count="1" type="stmt"/>
        <line num="157" count="1" type="stmt"/>
        <line num="158" count="1" type="stmt"/>
        <line num="159" count="1" type="stmt"/>
        <line num="168" count="1" type="stmt"/>
        <line num="169" count="1" type="stmt"/>
        <line num="173" count="1" type="stmt"/>
        <line num="174" count="1" type="stmt"/>
        <line num="175" count="1" type="stmt"/>
        <line num="184" count="1" type="stmt"/>
        <line num="185" count="1" type="stmt"/>
        <line num="189" count="1" type="stmt"/>
        <line num="190" count="1" type="stmt"/>
        <line num="191" count="1" type="stmt"/>
        <line num="200" count="1" type="stmt"/>
        <line num="201" count="1" type="stmt"/>
        <line num="205" count="1" type="stmt"/>
        <line num="206" count="1" type="stmt"/>
        <line num="207" count="1" type="stmt"/>
        <line num="216" count="1" type="stmt"/>
        <line num="217" count="1" type="stmt"/>
        <line num="221" count="1" type="stmt"/>
        <line num="227" count="1" type="stmt"/>
        <line num="228" count="1" type="stmt"/>
        <line num="234" count="4" type="stmt"/>
        <line num="240" count="2" type="stmt"/>
        <line num="241" count="2" type="stmt"/>
        <line num="243" count="2" type="stmt"/>
        <line num="244" count="2" type="stmt"/>
        <line num="245" count="2" type="stmt"/>
        <line num="246" count="2" type="stmt"/>
        <line num="247" count="2" type="stmt"/>
        <line num="248" count="2" type="stmt"/>
        <line num="250" count="2" type="stmt"/>
        <line num="259" count="6" type="stmt"/>
        <line num="260" count="6" type="stmt"/>
        <line num="264" count="6" type="cond" truecount="2" falsecount="0"/>
        <line num="279" count="4" type="stmt"/>
        <line num="280" count="4" type="cond" truecount="2" falsecount="0"/>
        <line num="281" count="4" type="stmt"/>
        <line num="284" count="4" type="stmt"/>
        <line num="285" count="4" type="stmt"/>
        <line num="286" count="4" type="stmt"/>
        <line num="287" count="4" type="stmt"/>
        <line num="288" count="4" type="stmt"/>
        <line num="289" count="4" type="stmt"/>
        <line num="291" count="4" type="stmt"/>
        <line num="296" count="4" type="cond" truecount="2" falsecount="0"/>
        <line num="298" count="2" type="stmt"/>
        <line num="299" count="2" type="stmt"/>
        <line num="300" count="2" type="stmt"/>
        <line num="302" count="2" type="stmt"/>
        <line num="315" count="2" type="stmt"/>
        <line num="323" count="3" type="stmt"/>
        <line num="329" count="2" type="stmt"/>
        <line num="330" count="2" type="stmt"/>
        <line num="331" count="2" type="stmt"/>
        <line num="332" count="2" type="stmt"/>
        <line num="333" count="2" type="stmt"/>
        <line num="334" count="2" type="stmt"/>
        <line num="335" count="2" type="stmt"/>
        <line num="336" count="2" type="stmt"/>
        <line num="338" count="2" type="stmt"/>
        <line num="348" count="15" type="stmt"/>
        <line num="349" count="15" type="stmt"/>
        <line num="350" count="15" type="stmt"/>
        <line num="352" count="15" type="stmt"/>
        <line num="356" count="15" type="cond" truecount="2" falsecount="0"/>
        <line num="377" count="15" type="cond" truecount="2" falsecount="0"/>
        <line num="386" count="20" type="stmt"/>
        <line num="387" count="20" type="stmt"/>
        <line num="390" count="20" type="cond" truecount="2" falsecount="0"/>
        <line num="391" count="20" type="stmt"/>
        <line num="394" count="20" type="cond" truecount="2" falsecount="0"/>
        <line num="397" count="20" type="stmt"/>
        <line num="399" count="20" type="stmt"/>
        <line num="400" count="20" type="stmt"/>
        <line num="406" count="20" type="cond" truecount="2" falsecount="0"/>
        <line num="407" count="12" type="stmt"/>
        <line num="408" count="12" type="stmt"/>
        <line num="411" count="12" type="stmt"/>
        <line num="412" count="12" type="stmt"/>
        <line num="415" count="12" type="cond" truecount="2" falsecount="0"/>
        <line num="419" count="12" type="stmt"/>
        <line num="432" count="8" type="cond" truecount="4" falsecount="0"/>
        <line num="433" count="2" type="stmt"/>
        <line num="442" count="6" type="stmt"/>
        <line num="443" count="6" type="stmt"/>
        <line num="456" count="8" type="stmt"/>
        <line num="457" count="8" type="stmt"/>
        <line num="458" count="8" type="stmt"/>
        <line num="460" count="8" type="stmt"/>
        <line num="477" count="8" type="cond" truecount="2" falsecount="0"/>
        <line num="486" count="9" type="stmt"/>
        <line num="487" count="9" type="stmt"/>
        <line num="488" count="9" type="stmt"/>
        <line num="491" count="9" type="stmt"/>
        <line num="492" count="9" type="stmt"/>
        <line num="493" count="9" type="stmt"/>
        <line num="494" count="14" type="stmt"/>
        <line num="495" count="9" type="cond" truecount="2" falsecount="0"/>
        <line num="498" count="9" type="stmt"/>
        <line num="501" count="9" type="stmt"/>
        <line num="502" count="9" type="stmt"/>
        <line num="505" count="9" type="stmt"/>
        <line num="510" count="9" type="stmt"/>
        <line num="525" count="3" type="stmt"/>
        <line num="526" count="3" type="stmt"/>
        <line num="527" count="3" type="stmt"/>
        <line num="544" count="3" type="cond" truecount="2" falsecount="0"/>
        <line num="553" count="2" type="stmt"/>
        <line num="554" count="2" type="stmt"/>
        <line num="555" count="2" type="stmt"/>
        <line num="556" count="2" type="stmt"/>
        <line num="558" count="2" type="stmt"/>
        <line num="571" count="4" type="stmt"/>
        <line num="572" count="4" type="stmt"/>
        <line num="576" count="4" type="cond" truecount="2" falsecount="0"/>
        <line num="585" count="5" type="stmt"/>
        <line num="586" count="5" type="stmt"/>
        <line num="587" count="5" type="stmt"/>
        <line num="589" count="5" type="cond" truecount="2" falsecount="0"/>
        <line num="592" count="5" type="stmt"/>
        <line num="594" count="5" type="stmt"/>
        <line num="608" count="2" type="stmt"/>
        <line num="609" count="2" type="stmt"/>
        <line num="611" count="2" type="stmt"/>
        <line num="612" count="2" type="stmt"/>
        <line num="613" count="2" type="stmt"/>
        <line num="614" count="2" type="stmt"/>
        <line num="615" count="2" type="stmt"/>
        <line num="617" count="2" type="stmt"/>
        <line num="636" count="2" type="stmt"/>
        <line num="637" count="2" type="stmt"/>
        <line num="638" count="2" type="stmt"/>
        <line num="639" count="2" type="stmt"/>
        <line num="640" count="2" type="stmt"/>
        <line num="641" count="2" type="stmt"/>
        <line num="645" count="2" type="stmt"/>
        <line num="647" count="2" type="stmt"/>
        <line num="661" count="10" type="stmt"/>
        <line num="662" count="10" type="stmt"/>
        <line num="663" count="10" type="stmt"/>
        <line num="664" count="10" type="stmt"/>
        <line num="681" count="10" type="stmt"/>
        <line num="682" count="10" type="stmt"/>
        <line num="683" count="10" type="stmt"/>
        <line num="684" count="10" type="stmt"/>
        <line num="702" count="20" type="cond" truecount="2" falsecount="0"/>
      </file>
    </package>
    <package name="handle.app-state.option-edit-view">
      <metrics statements="74" coveredstatements="74" conditionals="15" coveredconditionals="15" methods="13" coveredmethods="13"/>
      <file name="index.ts" path="/_data/Dev/projects/chrome-custom-code-injector/src/handle/app-state/option-edit-view/index.ts">
        <metrics statements="74" coveredstatements="74" conditionals="15" coveredconditionals="15" methods="13" coveredmethods="13"/>
        <line num="21" count="3" type="stmt"/>
        <line num="27" count="2" type="stmt"/>
        <line num="37" count="6" type="stmt"/>
        <line num="38" count="6" type="stmt"/>
        <line num="41" count="6" type="cond" truecount="2" falsecount="0"/>
        <line num="42" count="6" type="cond" truecount="2" falsecount="0"/>
        <line num="43" count="6" type="stmt"/>
        <line num="46" count="6" type="stmt"/>
        <line num="47" count="6" type="stmt"/>
        <line num="50" count="6" type="stmt"/>
        <line num="52" count="6" type="stmt"/>
        <line num="68" count="4" type="stmt"/>
        <line num="69" count="4" type="stmt"/>
        <line num="70" count="4" type="stmt"/>
        <line num="71" count="4" type="stmt"/>
        <line num="86" count="4" type="cond" truecount="2" falsecount="0"/>
        <line num="89" count="2" type="stmt"/>
        <line num="90" count="2" type="stmt"/>
        <line num="91" count="2" type="stmt"/>
        <line num="98" count="4" type="stmt"/>
        <line num="99" count="4" type="stmt"/>
        <line num="100" count="4" type="stmt"/>
        <line num="101" count="4" type="stmt"/>
        <line num="116" count="4" type="cond" truecount="2" falsecount="0"/>
        <line num="119" count="2" type="stmt"/>
        <line num="120" count="2" type="stmt"/>
        <line num="121" count="2" type="stmt"/>
        <line num="129" count="14" type="stmt"/>
        <line num="130" count="14" type="stmt"/>
        <line num="131" count="14" type="stmt"/>
        <line num="132" count="14" type="stmt"/>
        <line num="136" count="5" type="stmt"/>
        <line num="137" count="5" type="cond" truecount="4" falsecount="0"/>
        <line num="139" count="1" type="stmt"/>
        <line num="140" count="1" type="stmt"/>
        <line num="142" count="2" type="stmt"/>
        <line num="143" count="2" type="stmt"/>
        <line num="145" count="1" type="stmt"/>
        <line num="146" count="1" type="stmt"/>
        <line num="148" count="1" type="stmt"/>
        <line num="150" count="4" type="stmt"/>
        <line num="151" count="4" type="stmt"/>
        <line num="155" count="4" type="stmt"/>
        <line num="156" count="4" type="stmt"/>
        <line num="157" count="4" type="cond" truecount="3" falsecount="0"/>
        <line num="159" count="2" type="stmt"/>
        <line num="160" count="2" type="stmt"/>
        <line num="162" count="1" type="stmt"/>
        <line num="163" count="1" type="stmt"/>
        <line num="165" count="1" type="stmt"/>
        <line num="167" count="3" type="stmt"/>
        <line num="168" count="3" type="stmt"/>
        <line num="173" count="3" type="stmt"/>
        <line num="174" count="3" type="stmt"/>
        <line num="175" count="3" type="stmt"/>
        <line num="190" count="4" type="stmt"/>
        <line num="191" count="4" type="stmt"/>
        <line num="192" count="4" type="stmt"/>
        <line num="193" count="4" type="stmt"/>
        <line num="202" count="4" type="stmt"/>
        <line num="217" count="3" type="stmt"/>
        <line num="218" count="3" type="stmt"/>
        <line num="219" count="3" type="stmt"/>
        <line num="224" count="3" type="stmt"/>
        <line num="239" count="2" type="stmt"/>
        <line num="240" count="2" type="stmt"/>
        <line num="244" count="2" type="stmt"/>
        <line num="245" count="2" type="stmt"/>
        <line num="249" count="2" type="stmt"/>
        <line num="253" count="2" type="stmt"/>
        <line num="254" count="2" type="stmt"/>
        <line num="258" count="2" type="stmt"/>
        <line num="262" count="2" type="stmt"/>
        <line num="263" count="2" type="stmt"/>
      </file>
    </package>
    <package name="handle.app-state.option-list-view">
      <metrics statements="45" coveredstatements="45" conditionals="2" coveredconditionals="2" methods="14" coveredmethods="14"/>
      <file name="index.ts" path="/_data/Dev/projects/chrome-custom-code-injector/src/handle/app-state/option-list-view/index.ts">
        <metrics statements="45" coveredstatements="45" conditionals="2" coveredconditionals="2" methods="14" coveredmethods="14"/>
        <line num="11" count="4" type="stmt"/>
        <line num="16" count="7" type="stmt"/>
        <line num="17" count="7" type="stmt"/>
        <line num="29" count="2" type="stmt"/>
        <line num="41" count="1" type="stmt"/>
        <line num="64" count="1" type="stmt"/>
        <line num="65" count="1" type="stmt"/>
        <line num="80" count="5" type="stmt"/>
        <line num="81" count="5" type="stmt"/>
        <line num="85" count="5" type="stmt"/>
        <line num="88" count="5" type="stmt"/>
        <line num="89" count="5" type="stmt"/>
        <line num="99" count="5" type="stmt"/>
        <line num="115" count="6" type="stmt"/>
        <line num="116" count="6" type="stmt"/>
        <line num="117" count="6" type="stmt"/>
        <line num="121" count="6" type="stmt"/>
        <line num="136" count="8" type="stmt"/>
        <line num="137" count="8" type="stmt"/>
        <line num="138" count="8" type="stmt"/>
        <line num="140" count="8" type="stmt"/>
        <line num="155" count="30" type="stmt"/>
        <line num="158" count="30" type="stmt"/>
        <line num="159" count="30" type="stmt"/>
        <line num="160" count="30" type="stmt"/>
        <line num="162" count="30" type="stmt"/>
        <line num="181" count="3" type="stmt"/>
        <line num="182" count="3" type="stmt"/>
        <line num="183" count="3" type="stmt"/>
        <line num="188" count="3" type="stmt"/>
        <line num="189" count="3" type="stmt"/>
        <line num="190" count="3" type="stmt"/>
        <line num="195" count="3" type="stmt"/>
        <line num="196" count="3" type="stmt"/>
        <line num="197" count="3" type="stmt"/>
        <line num="198" count="3" type="stmt"/>
        <line num="202" count="4" type="stmt"/>
        <line num="203" count="4" type="stmt"/>
        <line num="204" count="4" type="stmt"/>
        <line num="208" count="4" type="stmt"/>
        <line num="209" count="4" type="stmt"/>
        <line num="210" count="4" type="stmt"/>
        <line num="214" count="4" type="stmt"/>
        <line num="215" count="4" type="stmt"/>
        <line num="216" count="4" type="stmt"/>
      </file>
    </package>
    <package name="handle.app-state.popup-view">
      <metrics statements="19" coveredstatements="19" conditionals="2" coveredconditionals="2" methods="6" coveredmethods="6"/>
      <file name="index.ts" path="/_data/Dev/projects/chrome-custom-code-injector/src/handle/app-state/popup-view/index.ts">
        <metrics statements="19" coveredstatements="19" conditionals="2" coveredconditionals="2" methods="6" coveredmethods="6"/>
        <line num="10" count="2" type="stmt"/>
        <line num="11" count="2" type="stmt"/>
        <line num="15" count="3" type="stmt"/>
        <line num="16" count="3" type="stmt"/>
        <line num="17" count="3" type="stmt"/>
        <line num="21" count="2" type="stmt"/>
        <line num="22" count="2" type="stmt"/>
        <line num="23" count="2" type="stmt"/>
        <line num="24" count="2" type="stmt"/>
        <line num="28" count="2" type="stmt"/>
        <line num="29" count="2" type="stmt"/>
        <line num="30" count="2" type="stmt"/>
        <line num="31" count="2" type="stmt"/>
        <line num="35" count="2" type="stmt"/>
        <line num="36" count="2" type="stmt"/>
        <line num="40" count="4" type="stmt"/>
        <line num="41" count="4" type="cond" truecount="2" falsecount="0"/>
        <line num="44" count="4" type="stmt"/>
        <line num="45" count="4" type="stmt"/>
      </file>
    </package>
    <package name="handle.app-state.url-to-app-state">
      <metrics statements="36" coveredstatements="36" conditionals="16" coveredconditionals="16" methods="4" coveredmethods="4"/>
      <file name="index.ts" path="/_data/Dev/projects/chrome-custom-code-injector/src/handle/app-state/url-to-app-state/index.ts">
        <metrics statements="36" coveredstatements="36" conditionals="16" coveredconditionals="16" methods="4" coveredmethods="4"/>
        <line num="8" count="1" type="stmt"/>
        <line num="9" count="1" type="stmt"/>
        <line num="25" count="1" type="stmt"/>
        <line num="26" count="1" type="stmt"/>
        <line num="27" count="1" type="stmt"/>
        <line num="32" count="6" type="stmt"/>
        <line num="33" count="6" type="stmt"/>
        <line num="35" count="1" type="stmt"/>
        <line num="38" count="5" type="stmt"/>
        <line num="39" count="5" type="cond" truecount="2" falsecount="0"/>
        <line num="41" count="4" type="cond" truecount="4" falsecount="0"/>
        <line num="43" count="1" type="stmt"/>
        <line num="45" count="1" type="stmt"/>
        <line num="47" count="1" type="stmt"/>
        <line num="49" count="1" type="stmt"/>
        <line num="55" count="3" type="stmt"/>
        <line num="56" count="3" type="stmt"/>
        <line num="57" count="3" type="cond" truecount="2" falsecount="0"/>
        <line num="59" count="2" type="stmt"/>
        <line num="60" count="2" type="stmt"/>
        <line num="61" count="2" type="stmt"/>
        <line num="62" count="2" type="cond" truecount="2" falsecount="0"/>
        <line num="64" count="1" type="stmt"/>
        <line num="68" count="2" type="stmt"/>
        <line num="69" count="2" type="cond" truecount="2" falsecount="0"/>
        <line num="71" count="1" type="stmt"/>
        <line num="72" count="1" type="stmt"/>
        <line num="73" count="1" type="stmt"/>
        <line num="85" count="4" type="stmt"/>
        <line num="86" count="4" type="stmt"/>
        <line num="87" count="4" type="cond" truecount="4" falsecount="0"/>
        <line num="89" count="1" type="stmt"/>
        <line num="90" count="1" type="stmt"/>
        <line num="91" count="1" type="stmt"/>
        <line num="92" count="1" type="stmt"/>
        <line num="104" count="1" type="stmt"/>
      </file>
    </package>
    <package name="handle.chrome">
      <metrics statements="64" coveredstatements="64" conditionals="29" coveredconditionals="29" methods="25" coveredmethods="25"/>
      <file name="index.ts" path="/_data/Dev/projects/chrome-custom-code-injector/src/handle/chrome/index.ts">
        <metrics statements="64" coveredstatements="64" conditionals="29" coveredconditionals="29" methods="25" coveredmethods="25"/>
        <line num="6" count="10" type="stmt"/>
        <line num="7" count="10" type="cond" truecount="2" falsecount="0"/>
        <line num="10" count="10" type="cond" truecount="2" falsecount="0"/>
        <line num="11" count="1" type="stmt"/>
        <line num="19" count="2" type="stmt"/>
        <line num="20" count="2" type="cond" truecount="2" falsecount="0"/>
        <line num="21" count="1" type="stmt"/>
        <line num="22" count="1" type="stmt"/>
        <line num="27" count="2" type="stmt"/>
        <line num="28" count="2" type="stmt"/>
        <line num="29" count="2" type="cond" truecount="2" falsecount="0"/>
        <line num="35" count="1" type="stmt"/>
        <line num="42" count="66" type="cond" truecount="2" falsecount="0"/>
        <line num="45" count="2" type="cond" truecount="2" falsecount="0"/>
        <line num="46" count="1" type="stmt"/>
        <line num="47" count="1" type="stmt"/>
        <line num="48" count="1" type="stmt"/>
        <line num="50" count="1" type="stmt"/>
        <line num="53" count="2" type="stmt"/>
        <line num="60" count="1" type="stmt"/>
        <line num="61" count="1" type="stmt"/>
        <line num="65" count="5" type="stmt"/>
        <line num="66" count="5" type="cond" truecount="5" falsecount="0"/>
        <line num="74" count="2" type="stmt"/>
        <line num="75" count="2" type="stmt"/>
        <line num="81" count="1" type="stmt"/>
        <line num="91" count="4" type="stmt"/>
        <line num="92" count="4" type="stmt"/>
        <line num="93" count="4" type="stmt"/>
        <line num="95" count="4" type="stmt"/>
        <line num="96" count="4" type="stmt"/>
        <line num="99" count="4" type="cond" truecount="2" falsecount="0"/>
        <line num="100" count="2" type="cond" truecount="2" falsecount="0"/>
        <line num="101" count="1" type="stmt"/>
        <line num="108" count="2" type="stmt"/>
        <line num="109" count="2" type="cond" truecount="2" falsecount="0"/>
        <line num="110" count="1" type="stmt"/>
        <line num="113" count="4" type="stmt"/>
        <line num="120" count="2" type="stmt"/>
        <line num="121" count="2" type="stmt"/>
        <line num="128" count="9" type="stmt"/>
        <line num="129" count="9" type="stmt"/>
        <line num="137" count="2" type="stmt"/>
        <line num="138" count="2" type="stmt"/>
        <line num="146" count="4" type="stmt"/>
        <line num="147" count="4" type="stmt"/>
        <line num="148" count="4" type="stmt"/>
        <line num="149" count="4" type="stmt"/>
        <line num="150" count="4" type="stmt"/>
        <line num="151" count="4" type="cond" truecount="2" falsecount="0"/>
        <line num="156" count="4" type="stmt"/>
        <line num="161" count="1" type="stmt"/>
        <line num="162" count="1" type="stmt"/>
        <line num="163" count="1" type="stmt"/>
        <line num="168" count="1" type="stmt"/>
        <line num="169" count="1" type="stmt"/>
        <line num="170" count="1" type="stmt"/>
        <line num="178" count="1" type="stmt"/>
        <line num="183" count="1" type="stmt"/>
        <line num="184" count="1" type="stmt"/>
        <line num="185" count="1" type="stmt"/>
        <line num="190" count="2" type="stmt"/>
        <line num="191" count="2" type="stmt"/>
        <line num="195" count="8" type="stmt"/>
      </file>
    </package>
    <package name="handle.code-runner">
      <metrics statements="57" coveredstatements="57" conditionals="28" coveredconditionals="28" methods="15" coveredmethods="15"/>
      <file name="index.ts" path="/_data/Dev/projects/chrome-custom-code-injector/src/handle/code-runner/index.ts">
        <metrics statements="57" coveredstatements="57" conditionals="28" coveredconditionals="28" methods="15" coveredmethods="15"/>
        <line num="6" count="1" type="stmt"/>
        <line num="10" count="3" type="stmt"/>
        <line num="11" count="3" type="stmt"/>
        <line num="13" count="3" type="stmt"/>
        <line num="14" count="3" type="stmt"/>
        <line num="15" count="3" type="cond" truecount="2" falsecount="0"/>
        <line num="16" count="2" type="stmt"/>
        <line num="19" count="2" type="stmt"/>
        <line num="20" count="2" type="stmt"/>
        <line num="21" count="2" type="stmt"/>
        <line num="22" count="2" type="cond" truecount="2" falsecount="0"/>
        <line num="23" count="1" type="stmt"/>
        <line num="29" count="2" type="cond" truecount="2" falsecount="0"/>
        <line num="40" count="2" type="stmt"/>
        <line num="42" count="2" type="cond" truecount="2" falsecount="0"/>
        <line num="43" count="2" type="cond" truecount="2" falsecount="0"/>
        <line num="44" count="2" type="cond" truecount="2" falsecount="0"/>
        <line num="48" count="1" type="stmt"/>
        <line num="49" count="1" type="stmt"/>
        <line num="54" count="1" type="stmt"/>
        <line num="55" count="1" type="stmt"/>
        <line num="56" count="1" type="stmt"/>
        <line num="57" count="1" type="stmt"/>
        <line num="67" count="1" type="stmt"/>
        <line num="68" count="1" type="stmt"/>
        <line num="69" count="1" type="stmt"/>
        <line num="70" count="1" type="stmt"/>
        <line num="80" count="3" type="stmt"/>
        <line num="81" count="3" type="stmt"/>
        <line num="82" count="3" type="stmt"/>
        <line num="84" count="3" type="stmt"/>
        <line num="85" count="3" type="stmt"/>
        <line num="86" count="3" type="cond" truecount="2" falsecount="0"/>
        <line num="87" count="2" type="cond" truecount="2" falsecount="0"/>
        <line num="88" count="2" type="cond" truecount="2" falsecount="0"/>
        <line num="90" count="3" type="cond" truecount="2" falsecount="0"/>
        <line num="97" count="3" type="cond" truecount="2" falsecount="0"/>
        <line num="107" count="1" type="stmt"/>
        <line num="108" count="1" type="stmt"/>
        <line num="109" count="1" type="stmt"/>
        <line num="110" count="1" type="stmt"/>
        <line num="111" count="1" type="stmt"/>
        <line num="115" count="1" type="stmt"/>
        <line num="116" count="1" type="stmt"/>
        <line num="117" count="1" type="stmt"/>
        <line num="118" count="1" type="stmt"/>
        <line num="122" count="4" type="stmt"/>
        <line num="123" count="4" type="cond" truecount="2" falsecount="0"/>
        <line num="124" count="2" type="cond" truecount="2" falsecount="0"/>
        <line num="126" count="2" type="cond" truecount="2" falsecount="0"/>
        <line num="127" count="2" type="stmt"/>
        <line num="134" count="2" type="stmt"/>
        <line num="140" count="1" type="stmt"/>
        <line num="141" count="1" type="stmt"/>
        <line num="142" count="1" type="stmt"/>
        <line num="144" count="1" type="stmt"/>
        <line num="148" count="1" type="stmt"/>
      </file>
    </package>
    <package name="handle.data">
      <metrics statements="134" coveredstatements="134" conditionals="59" coveredconditionals="59" methods="57" coveredmethods="57"/>
      <file name="index.ts" path="/_data/Dev/projects/chrome-custom-code-injector/src/handle/data/index.ts">
        <metrics statements="134" coveredstatements="134" conditionals="59" coveredconditionals="59" methods="57" coveredmethods="57"/>
        <line num="8" count="121" type="stmt"/>
        <line num="9" count="129" type="stmt"/>
        <line num="10" count="121" type="stmt"/>
        <line num="11" count="121" type="stmt"/>
        <line num="13" count="121" type="cond" truecount="2" falsecount="0"/>
        <line num="14" count="13" type="stmt"/>
        <line num="19" count="121" type="cond" truecount="2" falsecount="0"/>
        <line num="21" count="1" type="stmt"/>
        <line num="22" count="2" type="stmt"/>
        <line num="24" count="121" type="stmt"/>
        <line num="28" count="4" type="stmt"/>
        <line num="29" count="4" type="stmt"/>
        <line num="31" count="4" type="stmt"/>
        <line num="32" count="4" type="cond" truecount="2" falsecount="0"/>
        <line num="36" count="4" type="stmt"/>
        <line num="37" count="4" type="cond" truecount="2" falsecount="0"/>
        <line num="43" count="4" type="cond" truecount="3" falsecount="0"/>
        <line num="47" count="379" type="stmt"/>
        <line num="49" count="694" type="stmt"/>
        <line num="50" count="379" type="cond" truecount="2" falsecount="0"/>
        <line num="51" count="13" type="stmt"/>
        <line num="56" count="379" type="cond" truecount="2" falsecount="0"/>
        <line num="58" count="1" type="stmt"/>
        <line num="59" count="6" type="stmt"/>
        <line num="62" count="379" type="cond" truecount="4" falsecount="0"/>
        <line num="66" count="129" type="stmt"/>
        <line num="67" count="129" type="cond" truecount="2" falsecount="0"/>
        <line num="69" count="20" type="stmt"/>
        <line num="70" count="20" type="stmt"/>
        <line num="71" count="61" type="stmt"/>
        <line num="72" count="61" type="stmt"/>
        <line num="73" count="61" type="stmt"/>
        <line num="76" count="61" type="stmt"/>
        <line num="79" count="63" type="cond" truecount="2" falsecount="0"/>
        <line num="82" count="121" type="stmt"/>
        <line num="83" count="121" type="stmt"/>
        <line num="84" count="121" type="stmt"/>
        <line num="85" count="121" type="stmt"/>
        <line num="87" count="123" type="cond" truecount="2" falsecount="0"/>
        <line num="97" count="4" type="stmt"/>
        <line num="98" count="4" type="cond" truecount="2" falsecount="0"/>
        <line num="99" count="4" type="stmt"/>
        <line num="103" count="6" type="stmt"/>
        <line num="104" count="6" type="stmt"/>
        <line num="105" count="6" type="stmt"/>
        <line num="106" count="6" type="stmt"/>
        <line num="107" count="6" type="cond" truecount="2" falsecount="0"/>
        <line num="112" count="6" type="stmt"/>
        <line num="113" count="6" type="stmt"/>
        <line num="114" count="4" type="stmt"/>
        <line num="115" count="4" type="stmt"/>
        <line num="116" count="4" type="cond" truecount="2" falsecount="0"/>
        <line num="122" count="8" type="stmt"/>
        <line num="123" count="8" type="stmt"/>
        <line num="126" count="8" type="cond" truecount="2" falsecount="0"/>
        <line num="127" count="8" type="stmt"/>
        <line num="128" count="8" type="stmt"/>
        <line num="131" count="8" type="stmt"/>
        <line num="132" count="8" type="cond" truecount="4" falsecount="0"/>
        <line num="133" count="8" type="stmt"/>
        <line num="135" count="8" type="stmt"/>
        <line num="140" count="2" type="stmt"/>
        <line num="141" count="2" type="stmt"/>
        <line num="145" count="2" type="stmt"/>
        <line num="146" count="2" type="stmt"/>
        <line num="150" count="2" type="stmt"/>
        <line num="151" count="2" type="stmt"/>
        <line num="155" count="3" type="stmt"/>
        <line num="156" count="3" type="stmt"/>
        <line num="160" count="3" type="stmt"/>
        <line num="161" count="3" type="stmt"/>
        <line num="165" count="3" type="stmt"/>
        <line num="166" count="3" type="stmt"/>
        <line num="170" count="14" type="stmt"/>
        <line num="171" count="14" type="stmt"/>
        <line num="175" count="4" type="stmt"/>
        <line num="176" count="4" type="stmt"/>
        <line num="180" count="5" type="stmt"/>
        <line num="181" count="5" type="stmt"/>
        <line num="185" count="4" type="stmt"/>
        <line num="186" count="4" type="stmt"/>
        <line num="190" count="2" type="stmt"/>
        <line num="191" count="2" type="stmt"/>
        <line num="195" count="1" type="stmt"/>
        <line num="196" count="1" type="stmt"/>
        <line num="200" count="2" type="stmt"/>
        <line num="201" count="2" type="stmt"/>
        <line num="205" count="2" type="stmt"/>
        <line num="206" count="2" type="stmt"/>
        <line num="210" count="2" type="stmt"/>
        <line num="211" count="2" type="stmt"/>
        <line num="217" count="2" type="stmt"/>
[...]
        <line num="32" count="152" type="stmt"/>
        <line num="49" count="544" type="stmt"/>
        <line num="50" count="544" type="stmt"/>
        <line num="52" count="544" type="stmt"/>
        <line num="54" count="1678" type="stmt"/>
        <line num="64" count="1678" type="stmt"/>
        <line num="73" count="1678" type="stmt"/>
        <line num="80" count="1678" type="stmt"/>
        <line num="85" count="1678" type="cond" truecount="2" falsecount="0"/>
        <line num="90" count="1678" type="stmt"/>
        <line num="91" count="1678" type="stmt"/>
        <line num="92" count="1678" type="cond" truecount="2" falsecount="0"/>
        <line num="97" count="546" type="stmt"/>
        <line num="98" count="546" type="cond" truecount="2" falsecount="0"/>
        <line num="99" count="546" type="cond" truecount="2" falsecount="0"/>
        <line num="101" count="546" type="stmt"/>
        <line num="103" count="546" type="cond" truecount="2" falsecount="0"/>
        <line num="104" count="546" type="cond" truecount="2" falsecount="0"/>
        <line num="109" count="546" type="stmt"/>
        <line num="115" count="1842" type="cond" truecount="4" falsecount="0"/>
        <line num="119" count="1683" type="stmt"/>
        <line num="120" count="1683" type="cond" truecount="2" falsecount="0"/>
        <line num="123" count="399" type="stmt"/>
        <line num="124" count="399" type="cond" truecount="2" falsecount="0"/>
        <line num="125" count="397" type="cond" truecount="2" falsecount="0"/>
        <line num="127" count="396" type="stmt"/>
        <line num="129" count="396" type="stmt"/>
        <line num="132" count="396" type="stmt"/>
        <line num="133" count="396" type="cond" truecount="4" falsecount="0"/>
        <line num="135" count="395" type="cond" truecount="4" falsecount="0"/>
        <line num="139" count="1680" type="cond" truecount="2" falsecount="0"/>
        <line num="140" count="1680" type="cond" truecount="2" falsecount="0"/>
        <line num="141" count="1680" type="stmt"/>
        <line num="145" count="1680" type="cond" truecount="2" falsecount="0"/>
        <line num="149" count="3" type="cond" truecount="2" falsecount="0"/>
      </file>
    </package>
    <package name="handle.sort">
      <metrics statements="41" coveredstatements="41" conditionals="37" coveredconditionals="37" methods="16" coveredmethods="16"/>
      <file name="index.ts" path="/_data/Dev/projects/chrome-custom-code-injector/src/handle/sort/index.ts">
        <metrics statements="41" coveredstatements="41" conditionals="37" coveredconditionals="37" methods="16" coveredmethods="16"/>
        <line num="10" count="155" type="stmt"/>
        <line num="11" count="155" type="stmt"/>
        <line num="12" count="155" type="stmt"/>
        <line num="16" count="12" type="stmt"/>
        <line num="17" count="42" type="stmt"/>
        <line num="18" count="42" type="stmt"/>
        <line num="19" count="42" type="stmt"/>
        <line num="20" count="42" type="stmt"/>
        <line num="21" count="42" type="cond" truecount="2" falsecount="0"/>
        <line num="24" count="42" type="cond" truecount="2" falsecount="0"/>
        <line num="25" count="37" type="cond" truecount="2" falsecount="0"/>
        <line num="26" count="31" type="cond" truecount="2" falsecount="0"/>
        <line num="27" count="5" type="stmt"/>
        <line num="32" count="7" type="stmt"/>
        <line num="33" count="7" type="cond" truecount="2" falsecount="0"/>
        <line num="47" count="32" type="stmt"/>
        <line num="48" count="32" type="stmt"/>
        <line num="49" count="32" type="cond" truecount="2" falsecount="0"/>
        <line num="53" count="10" type="cond" truecount="2" falsecount="0"/>
        <line num="57" count="83" type="cond" truecount="2" falsecount="0"/>
        <line num="61" count="163" type="cond" truecount="3" falsecount="0"/>
        <line num="66" count="161" type="cond" truecount="2" falsecount="0"/>
        <line num="67" count="161" type="stmt"/>
        <line num="71" count="158" type="stmt"/>
        <line num="80" count="161" type="stmt"/>
        <line num="81" count="161" type="stmt"/>
        <line num="82" count="161" type="stmt"/>
        <line num="88" count="1" type="stmt"/>
        <line num="93" count="315" type="stmt"/>
        <line num="94" count="315" type="stmt"/>
        <line num="95" count="315" type="stmt"/>
        <line num="96" count="315" type="stmt"/>
        <line num="100" count="320" type="stmt"/>
        <line num="101" count="320" type="stmt"/>
        <line num="102" count="320" type="cond" truecount="2" falsecount="0"/>
        <line num="104" count="320" type="stmt"/>
        <line num="107" count="8" type="stmt"/>
        <line num="115" count="316" type="stmt"/>
        <line num="116" count="4" type="stmt"/>
        <line num="117" count="4" type="stmt"/>
        <line num="118" count="4" type="cond" truecount="2" falsecount="0"/>
      </file>
    </package>
    <package name="handle.state">
      <metrics statements="7" coveredstatements="7" conditionals="0" coveredconditionals="0" methods="3" coveredmethods="3"/>
      <file name="index.tsx" path="/_data/Dev/projects/chrome-custom-code-injector/src/handle/state/index.tsx">
        <metrics statements="7" coveredstatements="7" conditionals="0" coveredconditionals="0" methods="3" coveredmethods="3"/>
        <line num="16" count="8" type="stmt"/>
        <line num="20" count="78" type="stmt"/>
        <line num="24" count="78" type="stmt"/>
        <line num="25" count="78" type="stmt"/>
        <line num="26" count="78" type="stmt"/>
        <line num="27" count="78" type="stmt"/>
        <line num="31" count="252" type="stmt"/>
      </file>
    </package>
    <package name="handle.state.base-component">
      <metrics statements="37" coveredstatements="37" conditionals="18" coveredconditionals="18" methods="11" coveredmethods="11"/>
      <file name="index.ts" path="/_data/Dev/projects/chrome-custom-code-injector/src/handle/state/base-component/index.ts">
        <metrics statements="37" coveredstatements="37" conditionals="18" coveredconditionals="18" methods="11" coveredmethods="11"/>
        <line num="6" count="90" type="stmt"/>
        <line num="10" count="80" type="stmt"/>
        <line num="11" count="80" type="cond" truecount="2" falsecount="0"/>
        <line num="12" count="77" type="stmt"/>
        <line num="13" count="77" type="stmt"/>
        <line num="20" count="3" type="stmt"/>
        <line num="23" count="6" type="stmt"/>
        <line num="24" count="6" type="stmt"/>
        <line num="26" count="6" type="stmt"/>
        <line num="27" count="6" type="stmt"/>
        <line num="28" count="6" type="stmt"/>
        <line num="29" count="6" type="stmt"/>
        <line num="37" count="84" type="stmt"/>
        <line num="38" count="84" type="stmt"/>
        <line num="39" count="84" type="stmt"/>
        <line num="41" count="84" type="stmt"/>
        <line num="43" count="10274" type="stmt"/>
        <line num="49" count="10274" type="cond" truecount="2" falsecount="0"/>
        <line num="52" count="10225" type="stmt"/>
        <line num="53" count="237" type="stmt"/>
        <line num="55" count="237" type="cond" truecount="2" falsecount="0"/>
        <line num="58" count="236" type="cond" truecount="2" falsecount="0"/>
        <line num="59" count="1" type="stmt"/>
        <line num="60" count="1" type="stmt"/>
        <line num="64" count="235" type="stmt"/>
        <line num="73" count="81" type="stmt"/>
        <line num="74" count="81" type="stmt"/>
        <line num="77" count="5062" type="stmt"/>
        <line num="78" count="5062" type="cond" truecount="4" falsecount="0"/>
        <line num="83" count="235" type="stmt"/>
        <line num="87" count="236" type="stmt"/>
        <line num="88" count="236" type="cond" truecount="2" falsecount="0"/>
        <line num="91" count="236" type="stmt"/>
        <line num="92" count="236" type="stmt"/>
        <line num="96" count="9" type="stmt"/>
        <line num="97" count="9" type="stmt"/>
        <line num="98" count="9" type="cond" truecount="4" falsecount="0"/>
      </file>
    </package>
    <package name="handle.state.base-state-manager">
      <metrics statements="18" coveredstatements="18" conditionals="4" coveredconditionals="4" methods="9" coveredmethods="9"/>
      <file name="index.ts" path="/_data/Dev/projects/chrome-custom-code-injector/src/handle/state/base-state-manager/index.ts">
        <metrics statements="18" coveredstatements="18" conditionals="4" coveredconditionals="4" methods="9" coveredmethods="9"/>
        <line num="5" count="107" type="stmt"/>
        <line num="6" count="107" type="stmt"/>
        <line num="10" count="4" type="stmt"/>
        <line num="11" count="12" type="stmt"/>
        <line num="12" count="12" type="stmt"/>
        <line num="14" count="12" type="stmt"/>
        <line num="15" count="154" type="cond" truecount="2" falsecount="0"/>
        <line num="18" count="12" type="stmt"/>
        <line num="19" count="142" type="stmt"/>
        <line num="22" count="4" type="stmt"/>
        <line num="26" count="86" type="stmt"/>
        <line num="30" count="1" type="stmt"/>
        <line num="31" count="1" type="stmt"/>
        <line num="32" count="1" type="stmt"/>
        <line num="36" count="235" type="stmt"/>
        <line num="37" count="235" type="stmt"/>
        <line num="41" count="1" type="stmt"/>
        <line num="45" count="236" type="cond" truecount="2" falsecount="0"/>
      </file>
    </package>
    <package name="handle.util">
      <metrics statements="7" coveredstatements="7" conditionals="5" coveredconditionals="5" methods="3" coveredmethods="3"/>
      <file name="index.ts" path="/_data/Dev/projects/chrome-custom-code-injector/src/handle/util/index.ts">
        <metrics statements="7" coveredstatements="7" conditionals="5" coveredconditionals="5" methods="3" coveredmethods="3"/>
        <line num="1" count="25" type="stmt"/>
        <line num="3" count="12507" type="cond" truecount="2" falsecount="0"/>
        <line num="5" count="8372" type="stmt"/>
        <line num="9" count="12341" type="cond" truecount="2" falsecount="0"/>
        <line num="16" count="5208" type="stmt"/>
        <line num="17" count="5208" type="stmt"/>
        <line num="18" count="5208" type="stmt"/>
      </file>
    </package>
    <package name="handle.validation">
      <metrics statements="20" coveredstatements="20" conditionals="6" coveredconditionals="6" methods="5" coveredmethods="5"/>
      <file name="index.ts" path="/_data/Dev/projects/chrome-custom-code-injector/src/handle/validation/index.ts">
        <metrics statements="20" coveredstatements="20" conditionals="6" coveredconditionals="6" methods="5" coveredmethods="5"/>
        <line num="5" count="22" type="stmt"/>
        <line num="7" count="22" type="stmt"/>
        <line num="12" count="22" type="stmt"/>
        <line num="17" count="22" type="stmt"/>
        <line num="22" count="22" type="stmt"/>
        <line num="23" count="2" type="stmt"/>
        <line num="27" count="22" type="stmt"/>
        <line num="28" count="2" type="stmt"/>
        <line num="32" count="22" type="stmt"/>
        <line num="37" count="22" type="stmt"/>
        <line num="42" count="22" type="stmt"/>
        <line num="45" count="3" type="stmt"/>
        <line num="46" count="3" type="stmt"/>
        <line num="48" count="1" type="stmt"/>
        <line num="52" count="2" type="stmt"/>
        <line num="53" count="2" type="cond" truecount="2" falsecount="0"/>
        <line num="56" count="1" type="stmt"/>
        <line num="61" count="6" type="cond" truecount="4" falsecount="0"/>
        <line num="62" count="2" type="stmt"/>
        <line num="65" count="4" type="stmt"/>
      </file>
    </package>
    <package name="mock.data">
      <metrics statements="15" coveredstatements="15" conditionals="0" coveredconditionals="0" methods="5" coveredmethods="5"/>
      <file name="index.ts" path="/_data/Dev/projects/chrome-custom-code-injector/src/mock/data/index.ts">
        <metrics statements="15" coveredstatements="15" conditionals="0" coveredconditionals="0" methods="5" coveredmethods="5"/>
        <line num="3" count="2" type="stmt"/>
        <line num="10" count="2" type="stmt"/>
        <line num="16" count="2" type="stmt"/>
        <line num="22" count="2" type="stmt"/>
        <line num="23" count="80" type="stmt"/>
        <line num="24" count="320" type="stmt"/>
        <line num="25" count="320" type="stmt"/>
        <line num="27" count="320" type="stmt"/>
        <line num="28" count="960" type="stmt"/>
        <line num="29" count="960" type="stmt"/>
        <line num="31" count="960" type="stmt"/>
        <line num="32" count="2880" type="stmt"/>
        <line num="36" count="320" type="stmt"/>
        <line num="37" count="960" type="stmt"/>
        <line num="40" count="320" type="stmt"/>
      </file>
    </package>
    <package name="mock.state">
      <metrics statements="5" coveredstatements="5" conditionals="0" coveredconditionals="0" methods="1" coveredmethods="1"/>
      <file name="index.ts" path="/_data/Dev/projects/chrome-custom-code-injector/src/mock/state/index.ts">
        <metrics statements="5" coveredstatements="5" conditionals="0" coveredconditionals="0" methods="1" coveredmethods="1"/>
        <line num="6" count="1" type="stmt"/>
        <line num="7" count="66" type="stmt"/>
        <line num="8" count="66" type="stmt"/>
        <line num="9" count="66" type="stmt"/>
        <line num="10" count="66" type="stmt"/>
      </file>
    </package>
    <package name="model.data-grid-state">
      <metrics statements="13" coveredstatements="13" conditionals="6" coveredconditionals="6" methods="1" coveredmethods="1"/>
      <file name="index.ts" path="/_data/Dev/projects/chrome-custom-code-injector/src/model/data-grid-state/index.ts">
        <metrics statements="13" coveredstatements="13" conditionals="6" coveredconditionals="6" methods="1" coveredmethods="1"/>
        <line num="9" count="7" type="stmt"/>
        <line num="10" count="7" type="stmt"/>
        <line num="14" count="350" type="stmt"/>
        <line num="19" count="350" type="stmt"/>
        <line num="22" count="350" type="stmt"/>
        <line num="28" count="350" type="stmt"/>
        <line num="42" count="350" type="cond" truecount="2" falsecount="0"/>
        <line num="44" count="179" type="stmt"/>
        <line num="45" count="179" type="cond" truecount="2" falsecount="0"/>
        <line num="46" count="178" type="stmt"/>
        <line num="50" count="178" type="stmt"/>
        <line num="55" count="178" type="stmt"/>
        <line num="56" count="178" type="stmt"/>
      </file>
    </package>
    <package name="model.local-state">
      <metrics statements="5" coveredstatements="5" conditionals="0" coveredconditionals="0" methods="1" coveredmethods="1"/>
      <file name="index.ts" path="/_data/Dev/projects/chrome-custom-code-injector/src/model/local-state/index.ts">
        <metrics statements="5" coveredstatements="5" conditionals="0" coveredconditionals="0" methods="1" coveredmethods="1"/>
        <line num="9" count="158" type="stmt"/>
        <line num="10" count="158" type="stmt"/>
        <line num="15" count="158" type="stmt"/>
        <line num="24" count="158" type="stmt"/>
        <line num="28" count="158" type="stmt"/>
      </file>
    </package>
    <package name="model.modal-state">
      <metrics statements="7" coveredstatements="7" conditionals="0" coveredconditionals="0" methods="0" coveredmethods="0"/>
      <file name="index.ts" path="/_data/Dev/projects/chrome-custom-code-injector/src/model/modal-state/index.ts">
        <metrics statements="7" coveredstatements="7" conditionals="0" coveredconditionals="0" methods="0" coveredmethods="0"/>
        <line num="5" count="273" type="stmt"/>
        <line num="6" count="273" type="stmt"/>
        <line num="7" count="273" type="stmt"/>
        <line num="8" count="273" type="stmt"/>
        <line num="9" count="273" type="stmt"/>
        <line num="10" count="273" type="stmt"/>
        <line num="11" count="273" type="stmt"/>
      </file>
    </package>
    <package name="model.rule">
      <metrics statements="26" coveredstatements="26" conditionals="0" coveredconditionals="0" methods="2" coveredmethods="2"/>
      <file name="index.ts" path="/_data/Dev/projects/chrome-custom-code-injector/src/model/rule/index.ts">
        <metrics statements="26" coveredstatements="26" conditionals="0" coveredconditionals="0" methods="2" coveredmethods="2"/>
        <line num="9" count="1353" type="stmt"/>
        <line num="10" count="1353" type="stmt"/>
        <line num="11" count="1353" type="stmt"/>
        <line num="12" count="1353" type="stmt"/>
        <line num="18" count="1350" type="stmt"/>
        <line num="19" count="1350" type="stmt"/>
        <line num="20" count="1350" type="stmt"/>
        <line num="21" count="1350" type="stmt"/>
        <line num="22" count="1350" type="stmt"/>
        <line num="23" count="1350" type="stmt"/>
        <line num="24" count="1350" type="stmt"/>
        <line num="27" count="1350" type="stmt"/>
        <line num="28" count="1350" type="stmt"/>
        <line num="29" count="1350" type="stmt"/>
        <line num="30" count="1350" type="stmt"/>
        <line num="35" count="363" type="stmt"/>
        <line num="36" count="363" type="stmt"/>
        <line num="37" count="363" type="stmt"/>
        <line num="42" count="3861" type="stmt"/>
        <line num="43" count="3861" type="stmt"/>
        <line num="44" count="3861" type="stmt"/>
        <line num="45" count="3861" type="stmt"/>
        <line num="46" count="3861" type="stmt"/>
        <line num="49" count="3861" type="stmt"/>
        <line num="50" count="3861" type="stmt"/>
        <line num="51" count="3861" type="stmt"/>
      </file>
    </package>
    <package name="model.rule-id-ctx-state">
      <metrics statements="2" coveredstatements="2" conditionals="2" coveredconditionals="2" methods="1" coveredmethods="1"/>
      <file name="index.ts" path="/_data/Dev/projects/chrome-custom-code-injector/src/model/rule-id-ctx-state/index.ts">
        <metrics statements="2" coveredstatements="2" conditionals="2" coveredconditionals="2" methods="1" coveredmethods="1"/>
        <line num="7" count="779" type="cond" truecount="2" falsecount="0"/>
        <line num="8" count="13" type="stmt"/>
      </file>
    </package>
    <package name="model.setting-state">
      <metrics statements="3" coveredstatements="3" conditionals="0" coveredconditionals="0" methods="0" coveredmethods="0"/>
      <file name="index.ts" path="/_data/Dev/projects/chrome-custom-code-injector/src/model/setting-state/index.ts">
        <metrics statements="3" coveredstatements="3" conditionals="0" coveredconditionals="0" methods="0" coveredmethods="0"/>
        <line num="2" count="169" type="stmt"/>
        <line num="3" count="169" type="stmt"/>
        <line num="4" count="169" type="stmt"/>
      </file>
    </package>
    <package name="model.text-input-state">
      <metrics statements="5" coveredstatements="5" conditionals="2" coveredconditionals="2" methods="1" coveredmethods="1"/>
      <file name="index.ts" path="/_data/Dev/projects/chrome-custom-code-injector/src/model/text-input-state/index.ts">
        <metrics statements="5" coveredstatements="5" conditionals="2" coveredconditionals="2" methods="1" coveredmethods="1"/>
        <line num="2" count="1225" type="stmt"/>
        <line num="3" count="1225" type="stmt"/>
        <line num="4" count="1225" type="stmt"/>
        <line num="7" count="1225" type="cond" truecount="2" falsecount="0"/>
        <line num="8" count="89" type="stmt"/>
      </file>
    </package>
  </project>
</coverage>
