{"/_data/Dev/projects/chrome-custom-code-injector/src/component/app/option/index.tsx": {"path":"/_data/Dev/projects/chrome-custom-code-injector/src/component/app/option/index.tsx","statementMap":{"0":{"start":{"line":27,"column":17},"end":{"line":27,"column":47}},"1":{"start":{"line":28,"column":18},"end":{"line":28,"column":33}},"2":{"start":{"line":34,"column":25},"end":{"line":34,"column":49}},"3":{"start":{"line":35,"column":8},"end":{"line":35,"column":39}},"4":{"start":{"line":36,"column":8},"end":{"line":36,"column":39}},"5":{"start":{"line":40,"column":25},"end":{"line":40,"column":44}},"6":{"start":{"line":41,"column":8},"end":{"line":41,"column":30}},"7":{"start":{"line":41,"column":23},"end":{"line":41,"column":30}},"8":{"start":{"line":42,"column":8},"end":{"line":42,"column":46}},"9":{"start":{"line":43,"column":8},"end":{"line":43,"column":36}},"10":{"start":{"line":47,"column":26},"end":{"line":47,"column":30}},"11":{"start":{"line":48,"column":31},"end":{"line":48,"column":55}},"12":{"start":{"line":49,"column":30},"end":{"line":49,"column":45}},"13":{"start":{"line":50,"column":25},"end":{"line":50,"column":74}},"14":{"start":{"line":52,"column":8},"end":{"line":73,"column":10}},"15":{"start":{"line":77,"column":8},"end":{"line":81,"column":18}},"16":{"start":{"line":85,"column":22},"end":{"line":85,"column":38}},"17":{"start":{"line":86,"column":30},"end":{"line":86,"column":60}},"18":{"start":{"line":87,"column":8},"end":{"line":87,"column":41}},"19":{"start":{"line":87,"column":34},"end":{"line":87,"column":41}},"20":{"start":{"line":88,"column":8},"end":{"line":88,"column":44}},"21":{"start":{"line":92,"column":38},"end":{"line":92,"column":51}},"22":{"start":{"line":93,"column":51},"end":{"line":93,"column":61}},"23":{"start":{"line":104,"column":12},"end":{"line":104,"column":31}},"24":{"start":{"line":107,"column":31},"end":{"line":107,"column":39}},"25":{"start":{"line":108,"column":30},"end":{"line":108,"column":65}},"26":{"start":{"line":111,"column":30},"end":{"line":111,"column":62}},"27":{"start":{"line":112,"column":21},"end":{"line":112,"column":66}},"28":{"start":{"line":113,"column":23},"end":{"line":113,"column":54}},"29":{"start":{"line":115,"column":8},"end":{"line":169,"column":10}},"30":{"start":{"line":126,"column":39},"end":{"line":126,"column":70}},"31":{"start":{"line":173,"column":28},"end":{"line":173,"column":47}},"32":{"start":{"line":174,"column":70},"end":{"line":174,"column":87}},"33":{"start":{"line":175,"column":30},"end":{"line":175,"column":45}},"34":{"start":{"line":187,"column":12},"end":{"line":187,"column":31}},"35":{"start":{"line":189,"column":8},"end":{"line":282,"column":10}},"36":{"start":{"line":286,"column":28},"end":{"line":286,"column":49}},"37":{"start":{"line":287,"column":51},"end":{"line":287,"column":66}},"38":{"start":{"line":292,"column":12},"end":{"line":292,"column":31}},"39":{"start":{"line":294,"column":8},"end":{"line":314,"column":10}},"40":{"start":{"line":318,"column":28},"end":{"line":318,"column":49}},"41":{"start":{"line":319,"column":68},"end":{"line":319,"column":83}},"42":{"start":{"line":324,"column":12},"end":{"line":324,"column":31}},"43":{"start":{"line":326,"column":8},"end":{"line":352,"column":10}},"44":{"start":{"line":356,"column":28},"end":{"line":356,"column":44}},"45":{"start":{"line":357,"column":75},"end":{"line":357,"column":90}},"46":{"start":{"line":363,"column":12},"end":{"line":363,"column":31}},"47":{"start":{"line":365,"column":8},"end":{"line":404,"column":10}},"48":{"start":{"line":408,"column":28},"end":{"line":408,"column":44}},"49":{"start":{"line":409,"column":75},"end":{"line":409,"column":90}},"50":{"start":{"line":415,"column":12},"end":{"line":415,"column":31}},"51":{"start":{"line":417,"column":8},"end":{"line":456,"column":10}},"52":{"start":{"line":460,"column":28},"end":{"line":460,"column":43}},"53":{"start":{"line":461,"column":51},"end":{"line":461,"column":66}},"54":{"start":{"line":462,"column":51},"end":{"line":462,"column":70}},"55":{"start":{"line":464,"column":8},"end":{"line":478,"column":10}},"56":{"start":{"line":482,"column":28},"end":{"line":482,"column":44}},"57":{"start":{"line":483,"column":51},"end":{"line":483,"column":66}},"58":{"start":{"line":484,"column":52},"end":{"line":484,"column":71}},"59":{"start":{"line":485,"column":8},"end":{"line":499,"column":10}},"60":{"start":{"line":503,"column":28},"end":{"line":503,"column":50}},"61":{"start":{"line":504,"column":30},"end":{"line":504,"column":45}},"62":{"start":{"line":505,"column":58},"end":{"line":505,"column":77}},"63":{"start":{"line":507,"column":8},"end":{"line":521,"column":10}},"64":{"start":{"line":525,"column":28},"end":{"line":525,"column":45}},"65":{"start":{"line":526,"column":30},"end":{"line":526,"column":45}},"66":{"start":{"line":530,"column":12},"end":{"line":530,"column":31}},"67":{"start":{"line":532,"column":8},"end":{"line":546,"column":10}},"68":{"start":{"line":550,"column":28},"end":{"line":550,"column":43}},"69":{"start":{"line":551,"column":30},"end":{"line":551,"column":45}},"70":{"start":{"line":552,"column":51},"end":{"line":552,"column":70}},"71":{"start":{"line":553,"column":8},"end":{"line":567,"column":10}},"72":{"start":{"line":571,"column":28},"end":{"line":571,"column":44}},"73":{"start":{"line":572,"column":30},"end":{"line":572,"column":45}},"74":{"start":{"line":573,"column":52},"end":{"line":573,"column":71}},"75":{"start":{"line":574,"column":8},"end":{"line":588,"column":10}},"76":{"start":{"line":592,"column":45},"end":{"line":592,"column":64}},"77":{"start":{"line":593,"column":8},"end":{"line":599,"column":10}},"78":{"start":{"line":603,"column":42},"end":{"line":603,"column":57}},"79":{"start":{"line":604,"column":57},"end":{"line":604,"column":76}},"80":{"start":{"line":606,"column":8},"end":{"line":633,"column":13}},"81":{"start":{"line":637,"column":8},"end":{"line":637,"column":41}},"82":{"start":{"line":641,"column":8},"end":{"line":641,"column":35}},"83":{"start":{"line":645,"column":8},"end":{"line":645,"column":43}},"84":{"start":{"line":649,"column":8},"end":{"line":649,"column":52}}},"fnMap":{"0":{"name":"(anonymous_0)","decl":{"start":{"line":33,"column":4},"end":{"line":33,"column":5}},"loc":{"start":{"line":33,"column":24},"end":{"line":37,"column":5}},"line":33},"1":{"name":"(anonymous_1)","decl":{"start":{"line":39,"column":4},"end":{"line":39,"column":5}},"loc":{"start":{"line":39,"column":27},"end":{"line":44,"column":5}},"line":39},"2":{"name":"(anonymous_2)","decl":{"start":{"line":46,"column":4},"end":{"line":46,"column":5}},"loc":{"start":{"line":46,"column":13},"end":{"line":74,"column":5}},"line":46},"3":{"name":"(anonymous_3)","decl":{"start":{"line":76,"column":4},"end":{"line":76,"column":5}},"loc":{"start":{"line":76,"column":54},"end":{"line":82,"column":5}},"line":76},"4":{"name":"(anonymous_4)","decl":{"start":{"line":84,"column":4},"end":{"line":84,"column":5}},"loc":{"start":{"line":84,"column":43},"end":{"line":89,"column":5}},"line":84},"5":{"name":"(anonymous_5)","decl":{"start":{"line":91,"column":4},"end":{"line":91,"column":5}},"loc":{"start":{"line":91,"column":18},"end":{"line":170,"column":5}},"line":91},"6":{"name":"(anonymous_6)","decl":{"start":{"line":126,"column":33},"end":{"line":126,"column":34}},"loc":{"start":{"line":126,"column":39},"end":{"line":126,"column":70}},"line":126},"7":{"name":"(anonymous_7)","decl":{"start":{"line":172,"column":4},"end":{"line":172,"column":5}},"loc":{"start":{"line":172,"column":24},"end":{"line":283,"column":5}},"line":172},"8":{"name":"(anonymous_8)","decl":{"start":{"line":285,"column":4},"end":{"line":285,"column":5}},"loc":{"start":{"line":285,"column":27},"end":{"line":315,"column":5}},"line":285},"9":{"name":"(anonymous_9)","decl":{"start":{"line":317,"column":4},"end":{"line":317,"column":5}},"loc":{"start":{"line":317,"column":27},"end":{"line":353,"column":5}},"line":317},"10":{"name":"(anonymous_10)","decl":{"start":{"line":355,"column":4},"end":{"line":355,"column":5}},"loc":{"start":{"line":355,"column":24},"end":{"line":405,"column":5}},"line":355},"11":{"name":"(anonymous_11)","decl":{"start":{"line":407,"column":4},"end":{"line":407,"column":5}},"loc":{"start":{"line":407,"column":24},"end":{"line":457,"column":5}},"line":407},"12":{"name":"(anonymous_12)","decl":{"start":{"line":459,"column":4},"end":{"line":459,"column":5}},"loc":{"start":{"line":459,"column":23},"end":{"line":479,"column":5}},"line":459},"13":{"name":"(anonymous_13)","decl":{"start":{"line":481,"column":4},"end":{"line":481,"column":5}},"loc":{"start":{"line":481,"column":24},"end":{"line":500,"column":5}},"line":481},"14":{"name":"(anonymous_14)","decl":{"start":{"line":502,"column":4},"end":{"line":502,"column":5}},"loc":{"start":{"line":502,"column":30},"end":{"line":522,"column":5}},"line":502},"15":{"name":"(anonymous_15)","decl":{"start":{"line":524,"column":4},"end":{"line":524,"column":5}},"loc":{"start":{"line":524,"column":25},"end":{"line":547,"column":5}},"line":524},"16":{"name":"(anonymous_16)","decl":{"start":{"line":549,"column":4},"end":{"line":549,"column":5}},"loc":{"start":{"line":549,"column":23},"end":{"line":568,"column":5}},"line":549},"17":{"name":"(anonymous_17)","decl":{"start":{"line":570,"column":4},"end":{"line":570,"column":5}},"loc":{"start":{"line":570,"column":24},"end":{"line":589,"column":5}},"line":570},"18":{"name":"(anonymous_18)","decl":{"start":{"line":591,"column":4},"end":{"line":591,"column":5}},"loc":{"start":{"line":591,"column":33},"end":{"line":600,"column":5}},"line":591},"19":{"name":"(anonymous_19)","decl":{"start":{"line":602,"column":4},"end":{"line":602,"column":5}},"loc":{"start":{"line":602,"column":25},"end":{"line":634,"column":5}},"line":602},"20":{"name":"(anonymous_20)","decl":{"start":{"line":636,"column":4},"end":{"line":636,"column":5}},"loc":{"start":{"line":636,"column":25},"end":{"line":638,"column":5}},"line":636},"21":{"name":"(anonymous_21)","decl":{"start":{"line":640,"column":4},"end":{"line":640,"column":5}},"loc":{"start":{"line":640,"column":19},"end":{"line":642,"column":5}},"line":640},"22":{"name":"(anonymous_22)","decl":{"start":{"line":644,"column":4},"end":{"line":644,"column":5}},"loc":{"start":{"line":644,"column":23},"end":{"line":646,"column":5}},"line":644},"23":{"name":"(anonymous_23)","decl":{"start":{"line":648,"column":4},"end":{"line":648,"column":5}},"loc":{"start":{"line":648,"column":21},"end":{"line":650,"column":5}},"line":648}},"branchMap":{"0":{"loc":{"start":{"line":41,"column":8},"end":{"line":41,"column":30}},"type":"if","locations":[{"start":{"line":41,"column":8},"end":{"line":41,"column":30}},{"start":{"line":41,"column":8},"end":{"line":41,"column":30}}],"line":41},"1":{"loc":{"start":{"line":50,"column":45},"end":{"line":50,"column":73}},"type":"cond-expr","locations":[{"start":{"line":50,"column":58},"end":{"line":50,"column":64}},{"start":{"line":50,"column":67},"end":{"line":50,"column":73}}],"line":50},"2":{"loc":{"start":{"line":55,"column":44},"end":{"line":57,"column":51}},"type":"cond-expr","locations":[{"start":{"line":56,"column":22},"end":{"line":56,"column":51}},{"start":{"line":57,"column":22},"end":{"line":57,"column":51}}],"line":55},"3":{"loc":{"start":{"line":58,"column":24},"end":{"line":71,"column":24}},"type":"binary-expr","locations":[{"start":{"line":58,"column":24},"end":{"line":58,"column":33}},{"start":{"line":59,"column":16},"end":{"line":71,"column":23}}],"line":58},"4":{"loc":{"start":{"line":76,"column":34},"end":{"line":76,"column":46}},"type":"default-arg","locations":[{"start":{"line":76,"column":42},"end":{"line":76,"column":46}}],"line":76},"5":{"loc":{"start":{"line":87,"column":8},"end":{"line":87,"column":41}},"type":"if","locations":[{"start":{"line":87,"column":8},"end":{"line":87,"column":41}},{"start":{"line":87,"column":8},"end":{"line":87,"column":41}}],"line":87},"6":{"loc":{"start":{"line":87,"column":12},"end":{"line":87,"column":32}},"type":"binary-expr","locations":[{"start":{"line":87,"column":12},"end":{"line":87,"column":18}},{"start":{"line":87,"column":22},"end":{"line":87,"column":32}}],"line":87},"7":{"loc":{"start":{"line":111,"column":30},"end":{"line":111,"column":62}},"type":"cond-expr","locations":[{"start":{"line":111,"column":43},"end":{"line":111,"column":51}},{"start":{"line":111,"column":54},"end":{"line":111,"column":62}}],"line":111},"8":{"loc":{"start":{"line":116,"column":40},"end":{"line":133,"column":23}},"type":"binary-expr","locations":[{"start":{"line":116,"column":40},"end":{"line":116,"column":51}},{"start":{"line":117,"column":16},"end":{"line":133,"column":22}}],"line":116},"9":{"loc":{"start":{"line":127,"column":27},"end":{"line":132,"column":22}},"type":"binary-expr","locations":[{"start":{"line":127,"column":27},"end":{"line":127,"column":33}},{"start":{"line":128,"column":20},"end":{"line":132,"column":22}}],"line":127},"10":{"loc":{"start":{"line":134,"column":47},"end":{"line":141,"column":26}},"type":"binary-expr","locations":[{"start":{"line":134,"column":47},"end":{"line":134,"column":57}},{"start":{"line":135,"column":20},"end":{"line":141,"column":26}}],"line":134}},"s":{"0":1,"1":1,"2":59,"3":59,"4":59,"5":2,"6":2,"7":1,"8":1,"9":1,"10":213,"11":213,"12":213,"13":213,"14":213,"15":62,"16":27,"17":27,"18":27,"19":25,"20":2,"21":213,"22":213,"23":213,"24":213,"25":213,"26":213,"27":213,"28":213,"29":213,"30":6,"31":28,"32":28,"33":28,"34":28,"35":28,"36":28,"37":28,"38":28,"39":28,"40":28,"41":28,"42":28,"43":28,"44":28,"45":28,"46":28,"47":28,"48":28,"49":28,"50":28,"51":28,"52":28,"53":28,"54":28,"55":28,"56":28,"57":28,"58":28,"59":28,"60":28,"61":28,"62":28,"63":28,"64":28,"65":28,"66":28,"67":28,"68":28,"69":28,"70":28,"71":28,"72":28,"73":28,"74":28,"75":28,"76":112,"77":112,"78":56,"79":56,"80":56,"81":691,"82":453,"83":28,"84":577},"f":{"0":59,"1":2,"2":213,"3":62,"4":27,"5":213,"6":6,"7":28,"8":28,"9":28,"10":28,"11":28,"12":28,"13":28,"14":28,"15":28,"16":28,"17":28,"18":112,"19":56,"20":691,"21":453,"22":28,"23":577},"b":{"0":[1,1],"1":[119,94],"2":[119,94],"3":[213,28],"4":[60],"5":[25,2],"6":[27,26],"7":[119,94],"8":[213,94],"9":[94,90],"10":[213,119]},"_coverageSchema":"1a1c01bbd47fc00a2c39e90264f33305004495a9","hash":"8a116ca2d08c51549df99b7aaa730791bf7b3a37"}
,"/_data/Dev/projects/chrome-custom-code-injector/src/component/app/popup/index.tsx": {"path":"/_data/Dev/projects/chrome-custom-code-injector/src/component/app/popup/index.tsx","statementMap":{"0":{"start":{"line":10,"column":45},"end":{"line":10,"column":55}},"1":{"start":{"line":11,"column":31},"end":{"line":11,"column":39}},"2":{"start":{"line":13,"column":26},"end":{"line":13,"column":63}},"3":{"start":{"line":14,"column":26},"end":{"line":14,"column":74}},"4":{"start":{"line":15,"column":23},"end":{"line":15,"column":36}},"5":{"start":{"line":16,"column":23},"end":{"line":16,"column":36}},"6":{"start":{"line":17,"column":26},"end":{"line":17,"column":36}},"7":{"start":{"line":18,"column":26},"end":{"line":18,"column":50}},"8":{"start":{"line":20,"column":44},"end":{"line":20,"column":47}},"9":{"start":{"line":21,"column":34},"end":{"line":21,"column":54}},"10":{"start":{"line":22,"column":34},"end":{"line":22,"column":85}},"11":{"start":{"line":36,"column":12},"end":{"line":36,"column":26}},"12":{"start":{"line":38,"column":8},"end":{"line":150,"column":10}},"13":{"start":{"line":51,"column":39},"end":{"line":51,"column":56}},"14":{"start":{"line":67,"column":44},"end":{"line":67,"column":65}},"15":{"start":{"line":74,"column":44},"end":{"line":74,"column":66}},"16":{"start":{"line":81,"column":44},"end":{"line":81,"column":66}},"17":{"start":{"line":87,"column":43},"end":{"line":87,"column":76}},"18":{"start":{"line":94,"column":43},"end":{"line":94,"column":81}},"19":{"start":{"line":101,"column":43},"end":{"line":101,"column":69}},"20":{"start":{"line":111,"column":44},"end":{"line":111,"column":65}},"21":{"start":{"line":118,"column":44},"end":{"line":118,"column":66}},"22":{"start":{"line":125,"column":44},"end":{"line":125,"column":66}},"23":{"start":{"line":131,"column":43},"end":{"line":131,"column":76}},"24":{"start":{"line":138,"column":43},"end":{"line":138,"column":94}},"25":{"start":{"line":145,"column":43},"end":{"line":145,"column":69}}},"fnMap":{"0":{"name":"(anonymous_0)","decl":{"start":{"line":9,"column":4},"end":{"line":9,"column":5}},"loc":{"start":{"line":9,"column":13},"end":{"line":151,"column":5}},"line":9},"1":{"name":"(anonymous_1)","decl":{"start":{"line":51,"column":33},"end":{"line":51,"column":34}},"loc":{"start":{"line":51,"column":39},"end":{"line":51,"column":56}},"line":51},"2":{"name":"(anonymous_2)","decl":{"start":{"line":67,"column":38},"end":{"line":67,"column":39}},"loc":{"start":{"line":67,"column":44},"end":{"line":67,"column":65}},"line":67},"3":{"name":"(anonymous_3)","decl":{"start":{"line":74,"column":38},"end":{"line":74,"column":39}},"loc":{"start":{"line":74,"column":44},"end":{"line":74,"column":66}},"line":74},"4":{"name":"(anonymous_4)","decl":{"start":{"line":81,"column":38},"end":{"line":81,"column":39}},"loc":{"start":{"line":81,"column":44},"end":{"line":81,"column":66}},"line":81},"5":{"name":"(anonymous_5)","decl":{"start":{"line":87,"column":37},"end":{"line":87,"column":38}},"loc":{"start":{"line":87,"column":43},"end":{"line":87,"column":76}},"line":87},"6":{"name":"(anonymous_6)","decl":{"start":{"line":94,"column":37},"end":{"line":94,"column":38}},"loc":{"start":{"line":94,"column":43},"end":{"line":94,"column":81}},"line":94},"7":{"name":"(anonymous_7)","decl":{"start":{"line":101,"column":37},"end":{"line":101,"column":38}},"loc":{"start":{"line":101,"column":43},"end":{"line":101,"column":69}},"line":101},"8":{"name":"(anonymous_8)","decl":{"start":{"line":111,"column":38},"end":{"line":111,"column":39}},"loc":{"start":{"line":111,"column":44},"end":{"line":111,"column":65}},"line":111},"9":{"name":"(anonymous_9)","decl":{"start":{"line":118,"column":38},"end":{"line":118,"column":39}},"loc":{"start":{"line":118,"column":44},"end":{"line":118,"column":66}},"line":118},"10":{"name":"(anonymous_10)","decl":{"start":{"line":125,"column":38},"end":{"line":125,"column":39}},"loc":{"start":{"line":125,"column":44},"end":{"line":125,"column":66}},"line":125},"11":{"name":"(anonymous_11)","decl":{"start":{"line":131,"column":37},"end":{"line":131,"column":38}},"loc":{"start":{"line":131,"column":43},"end":{"line":131,"column":76}},"line":131},"12":{"name":"(anonymous_12)","decl":{"start":{"line":138,"column":37},"end":{"line":138,"column":38}},"loc":{"start":{"line":138,"column":43},"end":{"line":138,"column":94}},"line":138},"13":{"name":"(anonymous_13)","decl":{"start":{"line":145,"column":37},"end":{"line":145,"column":38}},"loc":{"start":{"line":145,"column":43},"end":{"line":145,"column":69}},"line":145}},"branchMap":{"0":{"loc":{"start":{"line":22,"column":34},"end":{"line":22,"column":85}},"type":"binary-expr","locations":[{"start":{"line":22,"column":34},"end":{"line":22,"column":51}},{"start":{"line":22,"column":55},"end":{"line":22,"column":65}},{"start":{"line":22,"column":69},"end":{"line":22,"column":85}}],"line":22},"1":{"loc":{"start":{"line":82,"column":32},"end":{"line":95,"column":30}},"type":"cond-expr","locations":[{"start":{"line":83,"column":24},"end":{"line":88,"column":30}},{"start":{"line":89,"column":24},"end":{"line":95,"column":30}}],"line":82},"2":{"loc":{"start":{"line":126,"column":32},"end":{"line":139,"column":30}},"type":"cond-expr","locations":[{"start":{"line":127,"column":24},"end":{"line":132,"column":30}},{"start":{"line":133,"column":24},"end":{"line":139,"column":30}}],"line":126}},"s":{"0":28,"1":28,"2":28,"3":28,"4":28,"5":28,"6":28,"7":28,"8":28,"9":28,"10":28,"11":28,"12":28,"13":1,"14":1,"15":1,"16":1,"17":1,"18":1,"19":1,"20":1,"21":1,"22":1,"23":1,"24":1,"25":1},"f":{"0":28,"1":1,"2":1,"3":1,"4":1,"5":1,"6":1,"7":1,"8":1,"9":1,"10":1,"11":1,"12":1,"13":1},"b":{"0":[28,27,19],"1":[19,9],"2":[14,14]},"_coverageSchema":"1a1c01bbd47fc00a2c39e90264f33305004495a9","hash":"50e7679a233e76c8a8663234149c6fb8747f6785"}
,"/_data/Dev/projects/chrome-custom-code-injector/src/component/base/btn-icon/index.tsx": {"path":"/_data/Dev/projects/chrome-custom-code-injector/src/component/base/btn-icon/index.tsx","statementMap":{"0":{"start":{"line":6,"column":19},"end":{"line":6,"column":29}},"1":{"start":{"line":7,"column":17},"end":{"line":7,"column":27}},"2":{"start":{"line":9,"column":23},"end":{"line":16,"column":2}},"3":{"start":{"line":10,"column":21},"end":{"line":10,"column":48}},"4":{"start":{"line":11,"column":4},"end":{"line":15,"column":6}}},"fnMap":{"0":{"name":"(anonymous_0)","decl":{"start":{"line":9,"column":28},"end":{"line":9,"column":29}},"loc":{"start":{"line":9,"column":76},"end":{"line":16,"column":1}},"line":9}},"branchMap":{},"s":{"0":3,"1":3,"2":3,"3":3238,"4":3238},"f":{"0":3238},"b":{},"_coverageSchema":"1a1c01bbd47fc00a2c39e90264f33305004495a9","hash":"e4414e710e0ce4e1b26938822ac5a10fc2fa80ca"}
,"/_data/Dev/projects/chrome-custom-code-injector/src/component/base/btn-sort/index.tsx": {"path":"/_data/Dev/projects/chrome-custom-code-injector/src/component/base/btn-sort/index.tsx","statementMap":{"0":{"start":{"line":4,"column":42},"end":{"line":10,"column":1}},"1":{"start":{"line":5,"column":21},"end":{"line":5,"column":67}},"2":{"start":{"line":6,"column":21},"end":{"line":6,"column":31}},"3":{"start":{"line":7,"column":24},"end":{"line":7,"column":78}},"4":{"start":{"line":8,"column":21},"end":{"line":8,"column":43}},"5":{"start":{"line":9,"column":4},"end":{"line":9,"column":57}},"6":{"start":{"line":12,"column":23},"end":{"line":12,"column":37}}},"fnMap":{"0":{"name":"(anonymous_0)","decl":{"start":{"line":4,"column":42},"end":{"line":4,"column":43}},"loc":{"start":{"line":4,"column":76},"end":{"line":10,"column":1}},"line":4}},"branchMap":{"0":{"loc":{"start":{"line":5,"column":21},"end":{"line":5,"column":67}},"type":"binary-expr","locations":[{"start":{"line":5,"column":21},"end":{"line":5,"column":49}},{"start":{"line":5,"column":53},"end":{"line":5,"column":67}}],"line":5},"1":{"loc":{"start":{"line":7,"column":24},"end":{"line":7,"column":78}},"type":"cond-expr","locations":[{"start":{"line":7,"column":35},"end":{"line":7,"column":73}},{"start":{"line":7,"column":76},"end":{"line":7,"column":78}}],"line":7},"2":{"loc":{"start":{"line":7,"column":52},"end":{"line":7,"column":69}},"type":"cond-expr","locations":[{"start":{"line":7,"column":60},"end":{"line":7,"column":63}},{"start":{"line":7,"column":66},"end":{"line":7,"column":69}}],"line":7}},"s":{"0":4,"1":331,"2":331,"3":331,"4":331,"5":331,"6":4},"f":{"0":331},"b":{"0":[331,316],"1":[4,327],"2":[3,1]},"_coverageSchema":"1a1c01bbd47fc00a2c39e90264f33305004495a9","hash":"521210cc970e09cd35a5d4cd2b58810df3513157"}
,"/_data/Dev/projects/chrome-custom-code-injector/src/component/base/btn-text/index.tsx": {"path":"/_data/Dev/projects/chrome-custom-code-injector/src/component/base/btn-text/index.tsx","statementMap":{"0":{"start":{"line":4,"column":17},"end":{"line":4,"column":27}},"1":{"start":{"line":6,"column":23},"end":{"line":18,"column":2}},"2":{"start":{"line":7,"column":21},"end":{"line":7,"column":81}},"3":{"start":{"line":9,"column":4},"end":{"line":17,"column":6}}},"fnMap":{"0":{"name":"(anonymous_0)","decl":{"start":{"line":6,"column":28},"end":{"line":6,"column":29}},"loc":{"start":{"line":6,"column":69},"end":{"line":18,"column":1}},"line":6}},"branchMap":{"0":{"loc":{"start":{"line":7,"column":52},"end":{"line":7,"column":80}},"type":"cond-expr","locations":[{"start":{"line":7,"column":62},"end":{"line":7,"column":71}},{"start":{"line":7,"column":74},"end":{"line":7,"column":80}}],"line":7}},"s":{"0":3,"1":3,"2":72,"3":72},"f":{"0":72},"b":{"0":[34,38]},"_coverageSchema":"1a1c01bbd47fc00a2c39e90264f33305004495a9","hash":"faa3e5b999df92308a56ece542fcb8f1a152f714"}
,"/_data/Dev/projects/chrome-custom-code-injector/src/component/base/checkbox/index.tsx": {"path":"/_data/Dev/projects/chrome-custom-code-injector/src/component/base/checkbox/index.tsx","statementMap":{"0":{"start":{"line":5,"column":19},"end":{"line":5,"column":29}},"1":{"start":{"line":7,"column":42},"end":{"line":22,"column":2}},"2":{"start":{"line":8,"column":61},"end":{"line":8,"column":66}},"3":{"start":{"line":9,"column":21},"end":{"line":9,"column":91}},"4":{"start":{"line":11,"column":4},"end":{"line":21,"column":6}}},"fnMap":{"0":{"name":"(anonymous_0)","decl":{"start":{"line":7,"column":47},"end":{"line":7,"column":48}},"loc":{"start":{"line":7,"column":66},"end":{"line":22,"column":1}},"line":7}},"branchMap":{"0":{"loc":{"start":{"line":9,"column":41},"end":{"line":9,"column":56}},"type":"binary-expr","locations":[{"start":{"line":9,"column":41},"end":{"line":9,"column":50}},{"start":{"line":9,"column":54},"end":{"line":9,"column":56}}],"line":9},"1":{"loc":{"start":{"line":9,"column":63},"end":{"line":9,"column":88}},"type":"cond-expr","locations":[{"start":{"line":9,"column":73},"end":{"line":9,"column":83}},{"start":{"line":9,"column":86},"end":{"line":9,"column":88}}],"line":9},"2":{"loc":{"start":{"line":18,"column":20},"end":{"line":19,"column":47}},"type":"binary-expr","locations":[{"start":{"line":18,"column":20},"end":{"line":18,"column":25}},{"start":{"line":19,"column":12},"end":{"line":19,"column":47}}],"line":18}},"s":{"0":2,"1":2,"2":663,"3":663,"4":663},"f":{"0":663},"b":{"0":[663,396],"1":[1,662],"2":[663,2]},"_coverageSchema":"1a1c01bbd47fc00a2c39e90264f33305004495a9","hash":"414705d6fd746e77a6ded2eb7798f6eca5270165"}
,"/_data/Dev/projects/chrome-custom-code-injector/src/component/base/checkbox-icon-switch/index.tsx": {"path":"/_data/Dev/projects/chrome-custom-code-injector/src/component/base/checkbox-icon-switch/index.tsx","statementMap":{"0":{"start":{"line":8,"column":19},"end":{"line":8,"column":29}},"1":{"start":{"line":9,"column":17},"end":{"line":9,"column":30}},"2":{"start":{"line":11,"column":44},"end":{"line":32,"column":2}},"3":{"start":{"line":12,"column":65},"end":{"line":12,"column":70}},"4":{"start":{"line":13,"column":21},"end":{"line":13,"column":48}},"5":{"start":{"line":15,"column":4},"end":{"line":31,"column":6}}},"fnMap":{"0":{"name":"(anonymous_0)","decl":{"start":{"line":11,"column":49},"end":{"line":11,"column":50}},"loc":{"start":{"line":11,"column":68},"end":{"line":32,"column":1}},"line":11}},"branchMap":{"0":{"loc":{"start":{"line":27,"column":14},"end":{"line":29,"column":69}},"type":"cond-expr","locations":[{"start":{"line":28,"column":18},"end":{"line":28,"column":62}},{"start":{"line":29,"column":18},"end":{"line":29,"column":69}}],"line":27}},"s":{"0":2,"1":2,"2":2,"3":994,"4":994,"5":994},"f":{"0":994},"b":{"0":[484,510]},"_coverageSchema":"1a1c01bbd47fc00a2c39e90264f33305004495a9","hash":"ce2278a928c7b7eaff97b80a649f48ec861949a3"}
,"/_data/Dev/projects/chrome-custom-code-injector/src/component/base/checkbox-slider-switch/index.tsx": {"path":"/_data/Dev/projects/chrome-custom-code-injector/src/component/base/checkbox-slider-switch/index.tsx","statementMap":{"0":{"start":{"line":5,"column":19},"end":{"line":5,"column":29}},"1":{"start":{"line":7,"column":46},"end":{"line":22,"column":2}},"2":{"start":{"line":8,"column":61},"end":{"line":8,"column":66}},"3":{"start":{"line":9,"column":21},"end":{"line":9,"column":97}},"4":{"start":{"line":11,"column":4},"end":{"line":21,"column":6}}},"fnMap":{"0":{"name":"(anonymous_0)","decl":{"start":{"line":7,"column":51},"end":{"line":7,"column":52}},"loc":{"start":{"line":7,"column":70},"end":{"line":22,"column":1}},"line":7}},"branchMap":{"0":{"loc":{"start":{"line":9,"column":46},"end":{"line":9,"column":61}},"type":"binary-expr","locations":[{"start":{"line":9,"column":46},"end":{"line":9,"column":55}},{"start":{"line":9,"column":59},"end":{"line":9,"column":61}}],"line":9},"1":{"loc":{"start":{"line":9,"column":69},"end":{"line":9,"column":94}},"type":"cond-expr","locations":[{"start":{"line":9,"column":79},"end":{"line":9,"column":89}},{"start":{"line":9,"column":92},"end":{"line":9,"column":94}}],"line":9},"2":{"loc":{"start":{"line":18,"column":20},"end":{"line":19,"column":47}},"type":"binary-expr","locations":[{"start":{"line":18,"column":20},"end":{"line":18,"column":25}},{"start":{"line":19,"column":12},"end":{"line":19,"column":47}}],"line":18}},"s":{"0":2,"1":2,"2":1468,"3":1468,"4":1468},"f":{"0":1468},"b":{"0":[1468,1468],"1":[1,1467],"2":[1468,2]},"_coverageSchema":"1a1c01bbd47fc00a2c39e90264f33305004495a9","hash":"deac3ab6bb9f358c06e9878c7306e2c8f718c02e"}
,"/_data/Dev/projects/chrome-custom-code-injector/src/component/base/checkbox-symbol-switch/index.tsx": {"path":"/_data/Dev/projects/chrome-custom-code-injector/src/component/base/checkbox-symbol-switch/index.tsx","statementMap":{"0":{"start":{"line":4,"column":46},"end":{"line":18,"column":2}},"1":{"start":{"line":5,"column":41},"end":{"line":5,"column":46}},"2":{"start":{"line":7,"column":4},"end":{"line":17,"column":6}}},"fnMap":{"0":{"name":"(anonymous_0)","decl":{"start":{"line":4,"column":51},"end":{"line":4,"column":52}},"loc":{"start":{"line":4,"column":70},"end":{"line":18,"column":1}},"line":4}},"branchMap":{},"s":{"0":2,"1":169,"2":169},"f":{"0":169},"b":{},"_coverageSchema":"1a1c01bbd47fc00a2c39e90264f33305004495a9","hash":"0f62c4c8ff78d5d9378995a716b16783ac65586d"}
,"/_data/Dev/projects/chrome-custom-code-injector/src/component/base/checkbox-tab-switch/index.tsx": {"path":"/_data/Dev/projects/chrome-custom-code-injector/src/component/base/checkbox-tab-switch/index.tsx","statementMap":{"0":{"start":{"line":6,"column":20},"end":{"line":6,"column":43}},"1":{"start":{"line":7,"column":22},"end":{"line":7,"column":40}},"2":{"start":{"line":8,"column":16},"end":{"line":8,"column":33}},"3":{"start":{"line":9,"column":23},"end":{"line":9,"column":45}},"4":{"start":{"line":10,"column":28},"end":{"line":10,"column":81}},"5":{"start":{"line":13,"column":43},"end":{"line":17,"column":5}},"6":{"start":{"line":20,"column":40},"end":{"line":20,"column":44}},"7":{"start":{"line":21,"column":85},"end":{"line":21,"column":90}},"8":{"start":{"line":22,"column":32},"end":{"line":22,"column":63}},"9":{"start":{"line":24,"column":8},"end":{"line":65,"column":10}},"10":{"start":{"line":26,"column":33},"end":{"line":26,"column":53}},"11":{"start":{"line":27,"column":32},"end":{"line":27,"column":46}},"12":{"start":{"line":28,"column":33},"end":{"line":28,"column":75}},"13":{"start":{"line":29,"column":31},"end":{"line":29,"column":47}},"14":{"start":{"line":30,"column":38},"end":{"line":30,"column":59}},"15":{"start":{"line":31,"column":34},"end":{"line":31,"column":45}},"16":{"start":{"line":32,"column":38},"end":{"line":32,"column":55}},"17":{"start":{"line":33,"column":35},"end":{"line":33,"column":47}},"18":{"start":{"line":35,"column":16},"end":{"line":62,"column":27}},"19":{"start":{"line":42,"column":45},"end":{"line":42,"column":82}},"20":{"start":{"line":54,"column":45},"end":{"line":54,"column":82}},"21":{"start":{"line":69,"column":59},"end":{"line":69,"column":69}},"22":{"start":{"line":71,"column":8},"end":{"line":71,"column":45}},"23":{"start":{"line":71,"column":33},"end":{"line":71,"column":45}},"24":{"start":{"line":73,"column":8},"end":{"line":73,"column":55}},"25":{"start":{"line":73,"column":25},"end":{"line":73,"column":55}},"26":{"start":{"line":75,"column":8},"end":{"line":80,"column":11}},"27":{"start":{"line":76,"column":12},"end":{"line":79,"column":14}}},"fnMap":{"0":{"name":"(anonymous_0)","decl":{"start":{"line":19,"column":4},"end":{"line":19,"column":5}},"loc":{"start":{"line":19,"column":13},"end":{"line":66,"column":5}},"line":19},"1":{"name":"(anonymous_1)","decl":{"start":{"line":25,"column":50},"end":{"line":25,"column":51}},"loc":{"start":{"line":25,"column":93},"end":{"line":63,"column":17}},"line":25},"2":{"name":"(anonymous_2)","decl":{"start":{"line":42,"column":38},"end":{"line":42,"column":39}},"loc":{"start":{"line":42,"column":45},"end":{"line":42,"column":82}},"line":42},"3":{"name":"(anonymous_3)","decl":{"start":{"line":54,"column":38},"end":{"line":54,"column":39}},"loc":{"start":{"line":54,"column":45},"end":{"line":54,"column":82}},"line":54},"4":{"name":"(anonymous_4)","decl":{"start":{"line":68,"column":4},"end":{"line":68,"column":5}},"loc":{"start":{"line":68,"column":15},"end":{"line":81,"column":5}},"line":68},"5":{"name":"(anonymous_5)","decl":{"start":{"line":75,"column":30},"end":{"line":75,"column":31}},"loc":{"start":{"line":75,"column":66},"end":{"line":80,"column":9}},"line":75}},"branchMap":{"0":{"loc":{"start":{"line":24,"column":15},"end":{"line":65,"column":9}},"type":"binary-expr","locations":[{"start":{"line":24,"column":15},"end":{"line":24,"column":26}},{"start":{"line":25,"column":12},"end":{"line":64,"column":17}}],"line":24},"1":{"loc":{"start":{"line":28,"column":33},"end":{"line":28,"column":75}},"type":"cond-expr","locations":[{"start":{"line":28,"column":44},"end":{"line":28,"column":59}},{"start":{"line":28,"column":62},"end":{"line":28,"column":75}}],"line":28},"2":{"loc":{"start":{"line":71,"column":8},"end":{"line":71,"column":45}},"type":"if","locations":[{"start":{"line":71,"column":8},"end":{"line":71,"column":45}},{"start":{"line":71,"column":8},"end":{"line":71,"column":45}}],"line":71},"3":{"loc":{"start":{"line":73,"column":8},"end":{"line":73,"column":55}},"type":"if","locations":[{"start":{"line":73,"column":8},"end":{"line":73,"column":55}},{"start":{"line":73,"column":8},"end":{"line":73,"column":55}}],"line":73}},"s":{"0":2,"1":2,"2":2,"3":2,"4":2,"5":2,"6":99,"7":99,"8":99,"9":99,"10":290,"11":290,"12":290,"13":290,"14":290,"15":290,"16":290,"17":290,"18":290,"19":14,"20":2,"21":102,"22":102,"23":6,"24":96,"25":1,"26":95,"27":284},"f":{"0":99,"1":290,"2":14,"3":2,"4":102,"5":284},"b":{"0":[99,98],"1":[98,192],"2":[6,96],"3":[1,95]},"_coverageSchema":"1a1c01bbd47fc00a2c39e90264f33305004495a9","hash":"c731bc4427444f394e015ad21131b7dfae559aad"}
,"/_data/Dev/projects/chrome-custom-code-injector/src/component/base/input-file/index.tsx": {"path":"/_data/Dev/projects/chrome-custom-code-injector/src/component/base/input-file/index.tsx","statementMap":{"0":{"start":{"line":5,"column":17},"end":{"line":5,"column":29}},"1":{"start":{"line":6,"column":20},"end":{"line":6,"column":42}},"2":{"start":{"line":9,"column":20},"end":{"line":12,"column":5}},"3":{"start":{"line":15,"column":8},"end":{"line":15,"column":21}},"4":{"start":{"line":16,"column":8},"end":{"line":16,"column":49}},"5":{"start":{"line":20,"column":41},"end":{"line":20,"column":45}},"6":{"start":{"line":21,"column":83},"end":{"line":21,"column":88}},"7":{"start":{"line":22,"column":36},"end":{"line":22,"column":41}},"8":{"start":{"line":23,"column":25},"end":{"line":23,"column":52}},"9":{"start":{"line":25,"column":8},"end":{"line":39,"column":10}},"10":{"start":{"line":36,"column":20},"end":{"line":36,"column":70}},"11":{"start":{"line":43,"column":43},"end":{"line":43,"column":53}},"12":{"start":{"line":44,"column":8},"end":{"line":44,"column":38}},"13":{"start":{"line":44,"column":31},"end":{"line":44,"column":38}},"14":{"start":{"line":48,"column":27},"end":{"line":48,"column":51}},"15":{"start":{"line":49,"column":31},"end":{"line":49,"column":33}},"16":{"start":{"line":51,"column":8},"end":{"line":59,"column":9}},"17":{"start":{"line":52,"column":12},"end":{"line":52,"column":37}},"18":{"start":{"line":55,"column":12},"end":{"line":58,"column":13}},"19":{"start":{"line":55,"column":23},"end":{"line":55,"column":24}},"20":{"start":{"line":56,"column":34},"end":{"line":56,"column":45}},"21":{"start":{"line":57,"column":16},"end":{"line":57,"column":63}},"22":{"start":{"line":61,"column":35},"end":{"line":61,"column":70}},"23":{"start":{"line":62,"column":8},"end":{"line":62,"column":34}},"24":{"start":{"line":63,"column":8},"end":{"line":63,"column":48}},"25":{"start":{"line":67,"column":31},"end":{"line":67,"column":33}},"26":{"start":{"line":70,"column":8},"end":{"line":80,"column":9}},"27":{"start":{"line":71,"column":25},"end":{"line":71,"column":46}},"28":{"start":{"line":72,"column":28},"end":{"line":72,"column":41}},"29":{"start":{"line":73,"column":12},"end":{"line":73,"column":72}},"30":{"start":{"line":77,"column":34},"end":{"line":77,"column":43}},"31":{"start":{"line":78,"column":28},"end":{"line":78,"column":38}},"32":{"start":{"line":79,"column":12},"end":{"line":79,"column":43}},"33":{"start":{"line":79,"column":26},"end":{"line":79,"column":43}},"34":{"start":{"line":82,"column":8},"end":{"line":82,"column":22}}},"fnMap":{"0":{"name":"(anonymous_0)","decl":{"start":{"line":14,"column":4},"end":{"line":14,"column":5}},"loc":{"start":{"line":14,"column":31},"end":{"line":17,"column":5}},"line":14},"1":{"name":"(anonymous_1)","decl":{"start":{"line":19,"column":4},"end":{"line":19,"column":5}},"loc":{"start":{"line":19,"column":13},"end":{"line":40,"column":5}},"line":19},"2":{"name":"(anonymous_2)","decl":{"start":{"line":35,"column":64},"end":{"line":35,"column":65}},"loc":{"start":{"line":36,"column":20},"end":{"line":36,"column":70}},"line":36},"3":{"name":"(anonymous_3)","decl":{"start":{"line":42,"column":4},"end":{"line":42,"column":5}},"loc":{"start":{"line":42,"column":81},"end":{"line":64,"column":5}},"line":42},"4":{"name":"(anonymous_4)","decl":{"start":{"line":66,"column":4},"end":{"line":66,"column":5}},"loc":{"start":{"line":66,"column":62},"end":{"line":83,"column":5}},"line":66}},"branchMap":{"0":{"loc":{"start":{"line":34,"column":24},"end":{"line":37,"column":21}},"type":"binary-expr","locations":[{"start":{"line":34,"column":24},"end":{"line":34,"column":40}},{"start":{"line":34,"column":44},"end":{"line":34,"column":52}},{"start":{"line":35,"column":16},"end":{"line":37,"column":21}}],"line":34},"1":{"loc":{"start":{"line":44,"column":8},"end":{"line":44,"column":38}},"type":"if","locations":[{"start":{"line":44,"column":8},"end":{"line":44,"column":38}},{"start":{"line":44,"column":8},"end":{"line":44,"column":38}}],"line":44},"2":{"loc":{"start":{"line":51,"column":8},"end":{"line":59,"column":9}},"type":"if","locations":[{"start":{"line":51,"column":8},"end":{"line":59,"column":9}},{"start":{"line":51,"column":8},"end":{"line":59,"column":9}}],"line":51},"3":{"loc":{"start":{"line":70,"column":8},"end":{"line":80,"column":9}},"type":"if","locations":[{"start":{"line":70,"column":8},"end":{"line":80,"column":9}},{"start":{"line":70,"column":8},"end":{"line":80,"column":9}}],"line":70},"4":{"loc":{"start":{"line":73,"column":21},"end":{"line":73,"column":71}},"type":"cond-expr","locations":[{"start":{"line":73,"column":31},"end":{"line":73,"column":37}},{"start":{"line":73,"column":40},"end":{"line":73,"column":71}}],"line":73},"5":{"loc":{"start":{"line":79,"column":12},"end":{"line":79,"column":43}},"type":"if","locations":[{"start":{"line":79,"column":12},"end":{"line":79,"column":43}},{"start":{"line":79,"column":12},"end":{"line":79,"column":43}}],"line":79}},"s":{"0":2,"1":2,"2":12,"3":12,"4":12,"5":4,"6":4,"7":4,"8":4,"9":4,"10":1,"11":5,"12":5,"13":2,"14":3,"15":3,"16":3,"17":2,"18":1,"19":1,"20":2,"21":2,"22":3,"23":3,"24":3,"25":4,"26":4,"27":2,"28":2,"29":2,"30":2,"31":2,"32":2,"33":1,"34":4},"f":{"0":12,"1":4,"2":1,"3":5,"4":4},"b":{"0":[4,2,2],"1":[2,3],"2":[2,1],"3":[2,2],"4":[1,1],"5":[1,1]},"_coverageSchema":"1a1c01bbd47fc00a2c39e90264f33305004495a9","hash":"feee2943840805b914d7abff42c1f1b9906dc601"}
,"/_data/Dev/projects/chrome-custom-code-injector/src/component/base/input-search/index.tsx": {"path":"/_data/Dev/projects/chrome-custom-code-injector/src/component/base/input-search/index.tsx","statementMap":{"0":{"start":{"line":6,"column":19},"end":{"line":6,"column":42}},"1":{"start":{"line":7,"column":20},"end":{"line":7,"column":44}},"2":{"start":{"line":13,"column":8},"end":{"line":13,"column":21}},"3":{"start":{"line":14,"column":8},"end":{"line":14,"column":49}},"4":{"start":{"line":15,"column":8},"end":{"line":15,"column":47}},"5":{"start":{"line":19,"column":26},"end":{"line":19,"column":36}},"6":{"start":{"line":20,"column":27},"end":{"line":20,"column":44}},"7":{"start":{"line":21,"column":8},"end":{"line":21,"column":63}},"8":{"start":{"line":25,"column":8},"end":{"line":25,"column":31}},"9":{"start":{"line":26,"column":8},"end":{"line":26,"column":28}},"10":{"start":{"line":27,"column":8},"end":{"line":27,"column":43}},"11":{"start":{"line":31,"column":79},"end":{"line":31,"column":89}},"12":{"start":{"line":32,"column":25},"end":{"line":32,"column":73}},"13":{"start":{"line":34,"column":8},"end":{"line":62,"column":10}},"14":{"start":{"line":43,"column":30},"end":{"line":43,"column":45}}},"fnMap":{"0":{"name":"(anonymous_0)","decl":{"start":{"line":12,"column":4},"end":{"line":12,"column":5}},"loc":{"start":{"line":12,"column":31},"end":{"line":16,"column":5}},"line":12},"1":{"name":"(anonymous_1)","decl":{"start":{"line":18,"column":4},"end":{"line":18,"column":5}},"loc":{"start":{"line":18,"column":61},"end":{"line":22,"column":5}},"line":18},"2":{"name":"(anonymous_2)","decl":{"start":{"line":24,"column":4},"end":{"line":24,"column":5}},"loc":{"start":{"line":24,"column":72},"end":{"line":28,"column":5}},"line":24},"3":{"name":"(anonymous_3)","decl":{"start":{"line":30,"column":4},"end":{"line":30,"column":5}},"loc":{"start":{"line":30,"column":13},"end":{"line":63,"column":5}},"line":30},"4":{"name":"(anonymous_4)","decl":{"start":{"line":43,"column":25},"end":{"line":43,"column":26}},"loc":{"start":{"line":43,"column":30},"end":{"line":43,"column":45}},"line":43}},"branchMap":{"0":{"loc":{"start":{"line":32,"column":37},"end":{"line":32,"column":72}},"type":"cond-expr","locations":[{"start":{"line":32,"column":48},"end":{"line":32,"column":67}},{"start":{"line":32,"column":70},"end":{"line":32,"column":72}}],"line":32},"1":{"loc":{"start":{"line":49,"column":20},"end":{"line":59,"column":31}},"type":"cond-expr","locations":[{"start":{"line":50,"column":20},"end":{"line":58,"column":29}},{"start":{"line":59,"column":20},"end":{"line":59,"column":31}}],"line":49}},"s":{"0":2,"1":2,"2":67,"3":67,"4":67,"5":8,"6":8,"7":8,"8":3,"9":3,"10":3,"11":122,"12":122,"13":122,"14":213},"f":{"0":67,"1":8,"2":3,"3":122,"4":213},"b":{"0":[3,119],"1":[13,109]},"_coverageSchema":"1a1c01bbd47fc00a2c39e90264f33305004495a9","hash":"ef3e7a569bf72ad76c67578bb7a0197a226e07b5"}
,"/_data/Dev/projects/chrome-custom-code-injector/src/component/base/input-text/index.tsx": {"path":"/_data/Dev/projects/chrome-custom-code-injector/src/component/base/input-text/index.tsx","statementMap":{"0":{"start":{"line":6,"column":17},"end":{"line":6,"column":27}},"1":{"start":{"line":7,"column":19},"end":{"line":7,"column":42}},"2":{"start":{"line":12,"column":43},"end":{"line":14,"column":5}},"3":{"start":{"line":17,"column":8},"end":{"line":17,"column":21}},"4":{"start":{"line":18,"column":8},"end":{"line":18,"column":49}},"5":{"start":{"line":19,"column":8},"end":{"line":19,"column":45}},"6":{"start":{"line":23,"column":27},"end":{"line":23,"column":31}},"7":{"start":{"line":24,"column":98},"end":{"line":24,"column":108}},"8":{"start":{"line":25,"column":60},"end":{"line":25,"column":111}},"9":{"start":{"line":27,"column":31},"end":{"line":27,"column":87}},"10":{"start":{"line":28,"column":30},"end":{"line":28,"column":55}},"11":{"start":{"line":29,"column":27},"end":{"line":29,"column":53}},"12":{"start":{"line":31,"column":28},"end":{"line":31,"column":81}},"13":{"start":{"line":32,"column":27},"end":{"line":32,"column":87}},"14":{"start":{"line":33,"column":25},"end":{"line":33,"column":88}},"15":{"start":{"line":34,"column":26},"end":{"line":34,"column":87}},"16":{"start":{"line":36,"column":28},"end":{"line":40,"column":16}},"17":{"start":{"line":38,"column":16},"end":{"line":38,"column":63}},"18":{"start":{"line":42,"column":8},"end":{"line":59,"column":10}},"19":{"start":{"line":49,"column":34},"end":{"line":49,"column":49}},"20":{"start":{"line":64,"column":8},"end":{"line":64,"column":55}},"21":{"start":{"line":69,"column":8},"end":{"line":69,"column":53}},"22":{"start":{"line":73,"column":8},"end":{"line":73,"column":26}},"23":{"start":{"line":73,"column":19},"end":{"line":73,"column":26}},"24":{"start":{"line":75,"column":26},"end":{"line":75,"column":47}},"25":{"start":{"line":76,"column":20},"end":{"line":76,"column":36}},"26":{"start":{"line":77,"column":23},"end":{"line":77,"column":38}},"27":{"start":{"line":78,"column":27},"end":{"line":78,"column":57}},"28":{"start":{"line":79,"column":8},"end":{"line":84,"column":11}},"29":{"start":{"line":88,"column":8},"end":{"line":88,"column":46}},"30":{"start":{"line":88,"column":39},"end":{"line":88,"column":46}},"31":{"start":{"line":90,"column":33},"end":{"line":90,"column":35}},"32":{"start":{"line":91,"column":8},"end":{"line":102,"column":11}},"33":{"start":{"line":92,"column":26},"end":{"line":92,"column":30}},"34":{"start":{"line":94,"column":12},"end":{"line":99,"column":13}},"35":{"start":{"line":95,"column":16},"end":{"line":95,"column":37}},"36":{"start":{"line":97,"column":19},"end":{"line":99,"column":13}},"37":{"start":{"line":98,"column":16},"end":{"line":98,"column":51}},"38":{"start":{"line":101,"column":12},"end":{"line":101,"column":43}},"39":{"start":{"line":101,"column":26},"end":{"line":101,"column":43}},"40":{"start":{"line":103,"column":8},"end":{"line":106,"column":10}},"41":{"start":{"line":110,"column":8},"end":{"line":110,"column":33}},"42":{"start":{"line":114,"column":8},"end":{"line":119,"column":10}}},"fnMap":{"0":{"name":"(anonymous_0)","decl":{"start":{"line":16,"column":4},"end":{"line":16,"column":5}},"loc":{"start":{"line":16,"column":31},"end":{"line":20,"column":5}},"line":16},"1":{"name":"(anonymous_1)","decl":{"start":{"line":22,"column":4},"end":{"line":22,"column":5}},"loc":{"start":{"line":22,"column":13},"end":{"line":60,"column":5}},"line":22},"2":{"name":"(anonymous_2)","decl":{"start":{"line":37,"column":51},"end":{"line":37,"column":52}},"loc":{"start":{"line":38,"column":16},"end":{"line":38,"column":63}},"line":38},"3":{"name":"(anonymous_3)","decl":{"start":{"line":49,"column":29},"end":{"line":49,"column":30}},"loc":{"start":{"line":49,"column":34},"end":{"line":49,"column":49}},"line":49},"4":{"name":"(anonymous_4)","decl":{"start":{"line":63,"column":4},"end":{"line":63,"column":5}},"loc":{"start":{"line":63,"column":61},"end":{"line":65,"column":5}},"line":63},"5":{"name":"(anonymous_5)","decl":{"start":{"line":68,"column":4},"end":{"line":68,"column":5}},"loc":{"start":{"line":68,"column":59},"end":{"line":70,"column":5}},"line":68},"6":{"name":"(anonymous_6)","decl":{"start":{"line":72,"column":4},"end":{"line":72,"column":5}},"loc":{"start":{"line":72,"column":80},"end":{"line":85,"column":5}},"line":72},"7":{"name":"(anonymous_7)","decl":{"start":{"line":87,"column":4},"end":{"line":87,"column":5}},"loc":{"start":{"line":87,"column":76},"end":{"line":107,"column":5}},"line":87},"8":{"name":"(anonymous_8)","decl":{"start":{"line":91,"column":22},"end":{"line":91,"column":23}},"loc":{"start":{"line":91,"column":56},"end":{"line":102,"column":9}},"line":91},"9":{"name":"(anonymous_9)","decl":{"start":{"line":109,"column":4},"end":{"line":109,"column":5}},"loc":{"start":{"line":109,"column":52},"end":{"line":111,"column":5}},"line":109},"10":{"name":"(anonymous_10)","decl":{"start":{"line":113,"column":4},"end":{"line":113,"column":5}},"loc":{"start":{"line":113,"column":30},"end":{"line":120,"column":5}},"line":113}},"branchMap":{"0":{"loc":{"start":{"line":27,"column":31},"end":{"line":27,"column":87}},"type":"binary-expr","locations":[{"start":{"line":27,"column":31},"end":{"line":27,"column":55}},{"start":{"line":27,"column":59},"end":{"line":27,"column":87}}],"line":27},"1":{"loc":{"start":{"line":28,"column":30},"end":{"line":28,"column":55}},"type":"binary-expr","locations":[{"start":{"line":28,"column":30},"end":{"line":28,"column":44}},{"start":{"line":28,"column":48},"end":{"line":28,"column":55}}],"line":28},"2":{"loc":{"start":{"line":29,"column":27},"end":{"line":29,"column":53}},"type":"binary-expr","locations":[{"start":{"line":29,"column":27},"end":{"line":29,"column":41}},{"start":{"line":29,"column":45},"end":{"line":29,"column":53}}],"line":29},"3":{"loc":{"start":{"line":31,"column":28},"end":{"line":31,"column":81}},"type":"cond-expr","locations":[{"start":{"line":31,"column":46},"end":{"line":31,"column":75}},{"start":{"line":31,"column":79},"end":{"line":31,"column":81}}],"line":31},"4":{"loc":{"start":{"line":31,"column":46},"end":{"line":31,"column":75}},"type":"cond-expr","locations":[{"start":{"line":31,"column":56},"end":{"line":31,"column":63}},{"start":{"line":31,"column":66},"end":{"line":31,"column":75}}],"line":31},"5":{"loc":{"start":{"line":32,"column":45},"end":{"line":32,"column":65}},"type":"cond-expr","locations":[{"start":{"line":32,"column":53},"end":{"line":32,"column":60}},{"start":{"line":32,"column":63},"end":{"line":32,"column":65}}],"line":32},"6":{"loc":{"start":{"line":33,"column":54},"end":{"line":33,"column":87}},"type":"cond-expr","locations":[{"start":{"line":33,"column":77},"end":{"line":33,"column":82}},{"start":{"line":33,"column":85},"end":{"line":33,"column":87}}],"line":33},"7":{"loc":{"start":{"line":34,"column":53},"end":{"line":34,"column":86}},"type":"cond-expr","locations":[{"start":{"line":34,"column":70},"end":{"line":34,"column":81}},{"start":{"line":34,"column":84},"end":{"line":34,"column":86}}],"line":34},"8":{"loc":{"start":{"line":36,"column":28},"end":{"line":40,"column":16}},"type":"cond-expr","locations":[{"start":{"line":37,"column":12},"end":{"line":39,"column":17}},{"start":{"line":40,"column":12},"end":{"line":40,"column":16}}],"line":36},"9":{"loc":{"start":{"line":36,"column":28},"end":{"line":36,"column":48}},"type":"binary-expr","locations":[{"start":{"line":36,"column":28},"end":{"line":36,"column":38}},{"start":{"line":36,"column":42},"end":{"line":36,"column":48}}],"line":36},"10":{"loc":{"start":{"line":43,"column":42},"end":{"line":44,"column":72}},"type":"binary-expr","locations":[{"start":{"line":43,"column":42},"end":{"line":43,"column":47}},{"start":{"line":44,"column":16},"end":{"line":44,"column":72}}],"line":43},"11":{"loc":{"start":{"line":54,"column":22},"end":{"line":54,"column":49}},"type":"binary-expr","locations":[{"start":{"line":54,"column":22},"end":{"line":54,"column":35}},{"start":{"line":54,"column":39},"end":{"line":54,"column":49}}],"line":54},"12":{"loc":{"start":{"line":55,"column":22},"end":{"line":55,"column":51}},"type":"binary-expr","locations":[{"start":{"line":55,"column":22},"end":{"line":55,"column":36}},{"start":{"line":55,"column":40},"end":{"line":55,"column":51}}],"line":55},"13":{"loc":{"start":{"line":57,"column":18},"end":{"line":57,"column":48}},"type":"binary-expr","locations":[{"start":{"line":57,"column":18},"end":{"line":57,"column":33}},{"start":{"line":57,"column":37},"end":{"line":57,"column":48}}],"line":57},"14":{"loc":{"start":{"line":73,"column":8},"end":{"line":73,"column":26}},"type":"if","locations":[{"start":{"line":73,"column":8},"end":{"line":73,"column":26}},{"start":{"line":73,"column":8},"end":{"line":73,"column":26}}],"line":73},"15":{"loc":{"start":{"line":88,"column":8},"end":{"line":88,"column":46}},"type":"if","locations":[{"start":{"line":88,"column":8},"end":{"line":88,"column":46}},{"start":{"line":88,"column":8},"end":{"line":88,"column":46}}],"line":88},"16":{"loc":{"start":{"line":94,"column":12},"end":{"line":99,"column":13}},"type":"if","locations":[{"start":{"line":94,"column":12},"end":{"line":99,"column":13}},{"start":{"line":94,"column":12},"end":{"line":99,"column":13}}],"line":94},"17":{"loc":{"start":{"line":97,"column":19},"end":{"line":99,"column":13}},"type":"if","locations":[{"start":{"line":97,"column":19},"end":{"line":99,"column":13}},{"start":{"line":97,"column":19},"end":{"line":99,"column":13}}],"line":97},"18":{"loc":{"start":{"line":101,"column":12},"end":{"line":101,"column":43}},"type":"if","locations":[{"start":{"line":101,"column":12},"end":{"line":101,"column":43}},{"start":{"line":101,"column":12},"end":{"line":101,"column":43}}],"line":101}},"s":{"0":2,"1":2,"2":2,"3":101,"4":101,"5":101,"6":256,"7":256,"8":256,"9":256,"10":256,"11":256,"12":256,"13":256,"14":256,"15":256,"16":256,"17":17,"18":256,"19":450,"20":24,"21":2,"22":27,"23":3,"24":24,"25":24,"26":24,"27":24,"28":24,"29":28,"30":1,"31":27,"32":27,"33":27,"34":27,"35":2,"36":25,"37":24,"38":27,"39":12,"40":27,"41":284,"42":256},"f":{"0":101,"1":256,"2":17,"3":450,"4":24,"5":2,"6":27,"7":28,"8":27,"9":284,"10":256},"b":{"0":[256,248],"1":[256,38],"2":[256,38],"3":[38,218],"4":[21,17],"5":[255,1],"6":[245,11],"7":[255,1],"8":[17,239],"9":[256,17],"10":[256,255],"11":[256,21],"12":[256,255],"13":[256,1],"14":[3,24],"15":[1,27],"16":[2,25],"17":[24,1],"18":[12,15]},"_coverageSchema":"1a1c01bbd47fc00a2c39e90264f33305004495a9","hash":"c51ba911202d66b6f8b0a5db74be93b1cd9c0e61"}
,"/_data/Dev/projects/chrome-custom-code-injector/src/component/base/num-badge/index.tsx": {"path":"/_data/Dev/projects/chrome-custom-code-injector/src/component/base/num-badge/index.tsx","statementMap":{"0":{"start":{"line":4,"column":42},"end":{"line":12,"column":2}},"1":{"start":{"line":5,"column":18},"end":{"line":5,"column":27}},"2":{"start":{"line":6,"column":18},"end":{"line":6,"column":27}},"3":{"start":{"line":7,"column":22},"end":{"line":7,"column":63}},"4":{"start":{"line":9,"column":4},"end":{"line":11,"column":6}},"5":{"start":{"line":14,"column":0},"end":{"line":16,"column":2}}},"fnMap":{"0":{"name":"(anonymous_0)","decl":{"start":{"line":4,"column":47},"end":{"line":4,"column":48}},"loc":{"start":{"line":4,"column":62},"end":{"line":12,"column":1}},"line":4}},"branchMap":{"0":{"loc":{"start":{"line":7,"column":22},"end":{"line":7,"column":63}},"type":"cond-expr","locations":[{"start":{"line":7,"column":30},"end":{"line":7,"column":34}},{"start":{"line":7,"column":38},"end":{"line":7,"column":62}}],"line":7},"1":{"loc":{"start":{"line":7,"column":38},"end":{"line":7,"column":62}},"type":"cond-expr","locations":[{"start":{"line":7,"column":46},"end":{"line":7,"column":49}},{"start":{"line":7,"column":52},"end":{"line":7,"column":62}}],"line":7}},"s":{"0":3,"1":368,"2":368,"3":368,"4":368,"5":3},"f":{"0":368},"b":{"0":[1,367],"1":[1,366]},"_coverageSchema":"1a1c01bbd47fc00a2c39e90264f33305004495a9","hash":"0f871e97e30d917c59695e708e248dbad09cf2b1"}
,"/_data/Dev/projects/chrome-custom-code-injector/src/component/base/select-dropdown/index.tsx": {"path":"/_data/Dev/projects/chrome-custom-code-injector/src/component/base/select-dropdown/index.tsx","statementMap":{"0":{"start":{"line":6,"column":17},"end":{"line":6,"column":43}},"1":{"start":{"line":10,"column":8},"end":{"line":10,"column":21}},"2":{"start":{"line":11,"column":8},"end":{"line":11,"column":49}},"3":{"start":{"line":12,"column":8},"end":{"line":12,"column":49}},"4":{"start":{"line":16,"column":50},"end":{"line":16,"column":60}},"5":{"start":{"line":17,"column":37},"end":{"line":17,"column":102}},"6":{"start":{"line":20,"column":8},"end":{"line":23,"column":9}},"7":{"start":{"line":21,"column":34},"end":{"line":21,"column":73}},"8":{"start":{"line":22,"column":12},"end":{"line":22,"column":33}},"9":{"start":{"line":27,"column":113},"end":{"line":27,"column":123}},"10":{"start":{"line":28,"column":40},"end":{"line":28,"column":50}},"11":{"start":{"line":29,"column":25},"end":{"line":29,"column":68}},"12":{"start":{"line":30,"column":28},"end":{"line":30,"column":80}},"13":{"start":{"line":32,"column":8},"end":{"line":48,"column":10}},"14":{"start":{"line":40,"column":20},"end":{"line":42,"column":29}},"15":{"start":{"line":52,"column":8},"end":{"line":55,"column":10}},"16":{"start":{"line":60,"column":35},"end":{"line":60,"column":59}},"17":{"start":{"line":61,"column":28},"end":{"line":61,"column":63}},"18":{"start":{"line":62,"column":8},"end":{"line":66,"column":11}},"19":{"start":{"line":70,"column":23},"end":{"line":72,"column":45}},"20":{"start":{"line":73,"column":8},"end":{"line":73,"column":47}}},"fnMap":{"0":{"name":"(anonymous_0)","decl":{"start":{"line":9,"column":4},"end":{"line":9,"column":5}},"loc":{"start":{"line":9,"column":31},"end":{"line":13,"column":5}},"line":9},"1":{"name":"(anonymous_1)","decl":{"start":{"line":15,"column":4},"end":{"line":15,"column":5}},"loc":{"start":{"line":15,"column":64},"end":{"line":24,"column":5}},"line":15},"2":{"name":"(anonymous_2)","decl":{"start":{"line":26,"column":4},"end":{"line":26,"column":5}},"loc":{"start":{"line":26,"column":13},"end":{"line":49,"column":5}},"line":26},"3":{"name":"(anonymous_3)","decl":{"start":{"line":38,"column":32},"end":{"line":38,"column":33}},"loc":{"start":{"line":40,"column":20},"end":{"line":42,"column":29}},"line":40},"4":{"name":"(anonymous_4)","decl":{"start":{"line":51,"column":4},"end":{"line":51,"column":5}},"loc":{"start":{"line":51,"column":64},"end":{"line":56,"column":5}},"line":51},"5":{"name":"(anonymous_5)","decl":{"start":{"line":58,"column":4},"end":{"line":58,"column":5}},"loc":{"start":{"line":58,"column":62},"end":{"line":67,"column":5}},"line":58},"6":{"name":"(anonymous_6)","decl":{"start":{"line":69,"column":4},"end":{"line":69,"column":5}},"loc":{"start":{"line":69,"column":90},"end":{"line":74,"column":5}},"line":69}},"branchMap":{"0":{"loc":{"start":{"line":17,"column":37},"end":{"line":17,"column":102}},"type":"binary-expr","locations":[{"start":{"line":17,"column":37},"end":{"line":17,"column":72}},{"start":{"line":17,"column":76},"end":{"line":17,"column":102}}],"line":17},"1":{"loc":{"start":{"line":20,"column":8},"end":{"line":23,"column":9}},"type":"if","locations":[{"start":{"line":20,"column":8},"end":{"line":23,"column":9}},{"start":{"line":20,"column":8},"end":{"line":23,"column":9}}],"line":20},"2":{"loc":{"start":{"line":30,"column":28},"end":{"line":30,"column":80}},"type":"cond-expr","locations":[{"start":{"line":30,"column":42},"end":{"line":30,"column":72}},{"start":{"line":30,"column":75},"end":{"line":30,"column":80}}],"line":30},"3":{"loc":{"start":{"line":32,"column":15},"end":{"line":48,"column":9}},"type":"binary-expr","locations":[{"start":{"line":32,"column":15},"end":{"line":32,"column":21}},{"start":{"line":33,"column":12},"end":{"line":47,"column":18}}],"line":32},"4":{"loc":{"start":{"line":41,"column":26},"end":{"line":41,"column":74}},"type":"cond-expr","locations":[{"start":{"line":41,"column":45},"end":{"line":41,"column":67}},{"start":{"line":41,"column":70},"end":{"line":41,"column":74}}],"line":41},"5":{"loc":{"start":{"line":46,"column":18},"end":{"line":46,"column":62}},"type":"binary-expr","locations":[{"start":{"line":46,"column":18},"end":{"line":46,"column":23}},{"start":{"line":46,"column":27},"end":{"line":46,"column":62}}],"line":46},"6":{"loc":{"start":{"line":54,"column":25},"end":{"line":54,"column":94}},"type":"binary-expr","locations":[{"start":{"line":54,"column":25},"end":{"line":54,"column":52}},{"start":{"line":54,"column":56},"end":{"line":54,"column":94}}],"line":54},"7":{"loc":{"start":{"line":69,"column":15},"end":{"line":69,"column":37}},"type":"default-arg","locations":[{"start":{"line":69,"column":35},"end":{"line":69,"column":37}}],"line":69},"8":{"loc":{"start":{"line":69,"column":56},"end":{"line":69,"column":80}},"type":"default-arg","locations":[{"start":{"line":69,"column":75},"end":{"line":69,"column":80}}],"line":69},"9":{"loc":{"start":{"line":71,"column":18},"end":{"line":71,"column":45}},"type":"cond-expr","locations":[{"start":{"line":71,"column":27},"end":{"line":71,"column":35}},{"start":{"line":71,"column":38},"end":{"line":71,"column":45}}],"line":71},"10":{"loc":{"start":{"line":72,"column":18},"end":{"line":72,"column":43}},"type":"cond-expr","locations":[{"start":{"line":72,"column":28},"end":{"line":72,"column":38}},{"start":{"line":72,"column":41},"end":{"line":72,"column":43}}],"line":72}},"s":{"0":3,"1":449,"2":449,"3":449,"4":430,"5":430,"6":430,"7":4,"8":4,"9":866,"10":866,"11":866,"12":866,"13":866,"14":1880,"15":455,"16":6,"17":6,"18":6,"19":869,"20":869},"f":{"0":449,"1":430,"2":866,"3":1880,"4":455,"5":6,"6":869},"b":{"0":[430,429],"1":[4,426],"2":[858,8],"3":[866,865],"4":[628,1252],"5":[865,1],"6":[455,441],"7":[628],"8":[867],"9":[334,535],"10":[1,868]},"_coverageSchema":"1a1c01bbd47fc00a2c39e90264f33305004495a9","hash":"9d3bc9fd3770a694ca85bf75a2b34fb4a05ecb19"}
,"/_data/Dev/projects/chrome-custom-code-injector/src/component/base/side-bar/index.tsx": {"path":"/_data/Dev/projects/chrome-custom-code-injector/src/component/base/side-bar/index.tsx","statementMap":{"0":{"start":{"line":7,"column":17},"end":{"line":7,"column":27}},"1":{"start":{"line":8,"column":23},"end":{"line":8,"column":31}},"2":{"start":{"line":9,"column":22},"end":{"line":9,"column":29}},"3":{"start":{"line":10,"column":30},"end":{"line":10,"column":37}},"4":{"start":{"line":11,"column":35},"end":{"line":11,"column":61}},"5":{"start":{"line":12,"column":35},"end":{"line":12,"column":61}},"6":{"start":{"line":15,"column":43},"end":{"line":20,"column":5}},"7":{"start":{"line":23,"column":34},"end":{"line":23,"column":38}},"8":{"start":{"line":24,"column":25},"end":{"line":24,"column":30}},"9":{"start":{"line":25,"column":25},"end":{"line":25,"column":68}},"10":{"start":{"line":27,"column":8},"end":{"line":33,"column":10}},"11":{"start":{"line":30,"column":59},"end":{"line":30,"column":89}},"12":{"start":{"line":37,"column":34},"end":{"line":37,"column":38}},"13":{"start":{"line":43,"column":13},"end":{"line":43,"column":18}},"14":{"start":{"line":45,"column":28},"end":{"line":45,"column":46}},"15":{"start":{"line":46,"column":33},"end":{"line":46,"column":52}},"16":{"start":{"line":47,"column":25},"end":{"line":47,"column":46}},"17":{"start":{"line":48,"column":32},"end":{"line":48,"column":62}},"18":{"start":{"line":49,"column":31},"end":{"line":49,"column":67}},"19":{"start":{"line":51,"column":55},"end":{"line":56,"column":10}},"20":{"start":{"line":57,"column":35},"end":{"line":57,"column":53}},"21":{"start":{"line":58,"column":32},"end":{"line":58,"column":58}},"22":{"start":{"line":59,"column":32},"end":{"line":59,"column":74}},"23":{"start":{"line":61,"column":27},"end":{"line":61,"column":86}},"24":{"start":{"line":62,"column":31},"end":{"line":62,"column":91}},"25":{"start":{"line":64,"column":8},"end":{"line":87,"column":10}},"26":{"start":{"line":68,"column":34},"end":{"line":68,"column":66}},"27":{"start":{"line":79,"column":24},"end":{"line":83,"column":26}},"28":{"start":{"line":91,"column":58},"end":{"line":91,"column":68}},"29":{"start":{"line":93,"column":25},"end":{"line":93,"column":51}},"30":{"start":{"line":94,"column":27},"end":{"line":94,"column":66}},"31":{"start":{"line":95,"column":35},"end":{"line":95,"column":78}},"32":{"start":{"line":96,"column":55},"end":{"line":100,"column":10}},"33":{"start":{"line":102,"column":8},"end":{"line":109,"column":10}},"34":{"start":{"line":106,"column":34},"end":{"line":106,"column":70}},"35":{"start":{"line":113,"column":8},"end":{"line":113,"column":34}},"36":{"start":{"line":114,"column":8},"end":{"line":114,"column":34}},"37":{"start":{"line":118,"column":27},"end":{"line":120,"column":16}},"38":{"start":{"line":122,"column":8},"end":{"line":126,"column":10}}},"fnMap":{"0":{"name":"(anonymous_0)","decl":{"start":{"line":22,"column":4},"end":{"line":22,"column":5}},"loc":{"start":{"line":22,"column":13},"end":{"line":34,"column":5}},"line":22},"1":{"name":"(anonymous_1)","decl":{"start":{"line":30,"column":30},"end":{"line":30,"column":31}},"loc":{"start":{"line":30,"column":59},"end":{"line":30,"column":89}},"line":30},"2":{"name":"(anonymous_2)","decl":{"start":{"line":36,"column":4},"end":{"line":36,"column":5}},"loc":{"start":{"line":36,"column":58},"end":{"line":88,"column":5}},"line":36},"3":{"name":"(anonymous_3)","decl":{"start":{"line":68,"column":25},"end":{"line":68,"column":26}},"loc":{"start":{"line":68,"column":34},"end":{"line":68,"column":66}},"line":68},"4":{"name":"(anonymous_4)","decl":{"start":{"line":78,"column":39},"end":{"line":78,"column":40}},"loc":{"start":{"line":79,"column":24},"end":{"line":83,"column":26}},"line":79},"5":{"name":"(anonymous_5)","decl":{"start":{"line":90,"column":4},"end":{"line":90,"column":5}},"loc":{"start":{"line":90,"column":64},"end":{"line":110,"column":5}},"line":90},"6":{"name":"(anonymous_6)","decl":{"start":{"line":106,"column":25},"end":{"line":106,"column":26}},"loc":{"start":{"line":106,"column":34},"end":{"line":106,"column":70}},"line":106},"7":{"name":"(anonymous_7)","decl":{"start":{"line":112,"column":4},"end":{"line":112,"column":5}},"loc":{"start":{"line":112,"column":37},"end":{"line":115,"column":5}},"line":112},"8":{"name":"(anonymous_8)","decl":{"start":{"line":117,"column":4},"end":{"line":117,"column":5}},"loc":{"start":{"line":117,"column":89},"end":{"line":127,"column":5}},"line":117}},"branchMap":{"0":{"loc":{"start":{"line":48,"column":32},"end":{"line":48,"column":62}},"type":"binary-expr","locations":[{"start":{"line":48,"column":32},"end":{"line":48,"column":40}},{"start":{"line":48,"column":44},"end":{"line":48,"column":62}}],"line":48},"1":{"loc":{"start":{"line":61,"column":27},"end":{"line":61,"column":86}},"type":"cond-expr","locations":[{"start":{"line":61,"column":59},"end":{"line":61,"column":71}},{"start":{"line":61,"column":74},"end":{"line":61,"column":86}}],"line":61},"2":{"loc":{"start":{"line":61,"column":28},"end":{"line":61,"column":55}},"type":"binary-expr","locations":[{"start":{"line":61,"column":28},"end":{"line":61,"column":36}},{"start":{"line":61,"column":40},"end":{"line":61,"column":55}}],"line":61},"3":{"loc":{"start":{"line":62,"column":44},"end":{"line":62,"column":89}},"type":"cond-expr","locations":[{"start":{"line":62,"column":62},"end":{"line":62,"column":83}},{"start":{"line":62,"column":86},"end":{"line":62,"column":89}}],"line":62},"4":{"loc":{"start":{"line":74,"column":22},"end":{"line":85,"column":21}},"type":"binary-expr","locations":[{"start":{"line":74,"column":22},"end":{"line":74,"column":37}},{"start":{"line":75,"column":16},"end":{"line":85,"column":21}}],"line":74},"5":{"loc":{"start":{"line":95,"column":35},"end":{"line":95,"column":78}},"type":"binary-expr","locations":[{"start":{"line":95,"column":35},"end":{"line":95,"column":60}},{"start":{"line":95,"column":64},"end":{"line":95,"column":78}}],"line":95},"6":{"loc":{"start":{"line":118,"column":27},"end":{"line":120,"column":16}},"type":"cond-expr","locations":[{"start":{"line":119,"column":14},"end":{"line":119,"column":58}},{"start":{"line":120,"column":14},"end":{"line":120,"column":16}}],"line":118},"7":{"loc":{"start":{"line":119,"column":21},"end":{"line":119,"column":56}},"type":"cond-expr","locations":[{"start":{"line":119,"column":38},"end":{"line":119,"column":51}},{"start":{"line":119,"column":54},"end":{"line":119,"column":56}}],"line":119}},"s":{"0":2,"1":2,"2":2,"3":2,"4":2,"5":2,"6":2,"7":101,"8":101,"9":101,"10":101,"11":382,"12":382,"13":382,"14":382,"15":382,"16":382,"17":382,"18":382,"19":382,"20":382,"21":382,"22":382,"23":382,"24":382,"25":382,"26":2,"27":297,"28":297,"29":297,"30":297,"31":297,"32":297,"33":297,"34":4,"35":6,"36":6,"37":679,"38":679},"f":{"0":101,"1":382,"2":382,"3":2,"4":297,"5":297,"6":4,"7":6,"8":679},"b":{"0":[382,101],"1":[101,281],"2":[382,281],"3":[101,281],"4":[382,101],"5":[297,2],"6":[106,573],"7":[5,101]},"_coverageSchema":"1a1c01bbd47fc00a2c39e90264f33305004495a9","hash":"73fde401647a01206d464d72af0bce556c65fb77"}
,"/_data/Dev/projects/chrome-custom-code-injector/src/component/extendable/memo-component/index.ts": {"path":"/_data/Dev/projects/chrome-custom-code-injector/src/component/extendable/memo-component/index.ts","statementMap":{"0":{"start":{"line":8,"column":22},"end":{"line":8,"column":39}},"1":{"start":{"line":12,"column":43},"end":{"line":12,"column":83}},"2":{"start":{"line":13,"column":28},"end":{"line":16,"column":14}},"3":{"start":{"line":15,"column":16},"end":{"line":15,"column":47}},"4":{"start":{"line":18,"column":8},"end":{"line":18,"column":37}},"5":{"start":{"line":18,"column":25},"end":{"line":18,"column":37}},"6":{"start":{"line":21,"column":43},"end":{"line":21,"column":67}},"7":{"start":{"line":22,"column":44},"end":{"line":22,"column":70}},"8":{"start":{"line":25,"column":8},"end":{"line":25,"column":74}},"9":{"start":{"line":25,"column":61},"end":{"line":25,"column":74}},"10":{"start":{"line":28,"column":8},"end":{"line":30,"column":11}},"11":{"start":{"line":29,"column":12},"end":{"line":29,"column":43}}},"fnMap":{"0":{"name":"(anonymous_0)","decl":{"start":{"line":10,"column":4},"end":{"line":10,"column":5}},"loc":{"start":{"line":10,"column":58},"end":{"line":31,"column":5}},"line":10},"1":{"name":"(anonymous_1)","decl":{"start":{"line":14,"column":31},"end":{"line":14,"column":32}},"loc":{"start":{"line":14,"column":58},"end":{"line":16,"column":13}},"line":14},"2":{"name":"(anonymous_2)","decl":{"start":{"line":28,"column":34},"end":{"line":28,"column":35}},"loc":{"start":{"line":28,"column":61},"end":{"line":30,"column":9}},"line":28}},"branchMap":{"0":{"loc":{"start":{"line":12,"column":43},"end":{"line":12,"column":83}},"type":"cond-expr","locations":[{"start":{"line":12,"column":54},"end":{"line":12,"column":78}},{"start":{"line":12,"column":81},"end":{"line":12,"column":83}}],"line":12},"1":{"loc":{"start":{"line":13,"column":28},"end":{"line":16,"column":14}},"type":"binary-expr","locations":[{"start":{"line":13,"column":28},"end":{"line":13,"column":48}},{"start":{"line":14,"column":12},"end":{"line":16,"column":14}}],"line":13},"2":{"loc":{"start":{"line":18,"column":8},"end":{"line":18,"column":37}},"type":"if","locations":[{"start":{"line":18,"column":8},"end":{"line":18,"column":37}},{"start":{"line":18,"column":8},"end":{"line":18,"column":37}}],"line":18},"3":{"loc":{"start":{"line":25,"column":8},"end":{"line":25,"column":74}},"type":"if","locations":[{"start":{"line":25,"column":8},"end":{"line":25,"column":74}},{"start":{"line":25,"column":8},"end":{"line":25,"column":74}}],"line":25},"4":{"loc":{"start":{"line":25,"column":12},"end":{"line":25,"column":59}},"type":"binary-expr","locations":[{"start":{"line":25,"column":12},"end":{"line":25,"column":33}},{"start":{"line":25,"column":37},"end":{"line":25,"column":59}}],"line":25}},"s":{"0":1269,"1":1509,"2":1509,"3":1026,"4":1509,"5":87,"6":1422,"7":1422,"8":1422,"9":3,"10":1419,"11":5807},"f":{"0":1509,"1":1026,"2":5807},"b":{"0":[518,991],"1":[1509,514],"2":[87,1422],"3":[3,1419],"4":[1422,1419]},"_coverageSchema":"1a1c01bbd47fc00a2c39e90264f33305004495a9","hash":"e0365fbc8685465cf05ec7f5a267e092f450600b"}
,"/_data/Dev/projects/chrome-custom-code-injector/src/component/static/icon/index.tsx": {"path":"/_data/Dev/projects/chrome-custom-code-injector/src/component/static/icon/index.tsx","statementMap":{"0":{"start":{"line":5,"column":21},"end":{"line":5,"column":91}},"1":{"start":{"line":6,"column":4},"end":{"line":6,"column":51}}},"fnMap":{"0":{"name":"inclStaticIcon","decl":{"start":{"line":4,"column":16},"end":{"line":4,"column":30}},"loc":{"start":{"line":4,"column":107},"end":{"line":7,"column":1}},"line":4}},"branchMap":{"0":{"loc":{"start":{"line":4,"column":48},"end":{"line":4,"column":71}},"type":"default-arg","locations":[{"start":{"line":4,"column":64},"end":{"line":4,"column":71}}],"line":4},"1":{"loc":{"start":{"line":4,"column":73},"end":{"line":4,"column":91}},"type":"default-arg","locations":[{"start":{"line":4,"column":89},"end":{"line":4,"column":91}}],"line":4},"2":{"loc":{"start":{"line":5,"column":49},"end":{"line":5,"column":90}},"type":"cond-expr","locations":[{"start":{"line":5,"column":69},"end":{"line":5,"column":86}},{"start":{"line":5,"column":88},"end":{"line":5,"column":90}}],"line":5}},"s":{"0":3749,"1":3749},"f":{"0":3749},"b":{"0":[420],"1":[3749],"2":[3329,420]},"_coverageSchema":"1a1c01bbd47fc00a2c39e90264f33305004495a9","hash":"458815aaea212880f7117d9f724399a880b6b102"}
,"/_data/Dev/projects/chrome-custom-code-injector/src/component/view/option-edit/index.tsx": {"path":"/_data/Dev/projects/chrome-custom-code-injector/src/component/view/option-edit/index.tsx","statementMap":{"0":{"start":{"line":46,"column":12},"end":{"line":46,"column":31}},"1":{"start":{"line":48,"column":26},"end":{"line":48,"column":39}},"2":{"start":{"line":49,"column":64},"end":{"line":49,"column":82}},"3":{"start":{"line":52,"column":21},"end":{"line":52,"column":96}},"4":{"start":{"line":53,"column":37},"end":{"line":53,"column":88}},"5":{"start":{"line":54,"column":93},"end":{"line":54,"column":97}},"6":{"start":{"line":57,"column":53},"end":{"line":57,"column":66}},"7":{"start":{"line":58,"column":26},"end":{"line":58,"column":41}},"8":{"start":{"line":61,"column":24},"end":{"line":61,"column":42}},"9":{"start":{"line":62,"column":25},"end":{"line":62,"column":43}},"10":{"start":{"line":63,"column":25},"end":{"line":63,"column":43}},"11":{"start":{"line":64,"column":26},"end":{"line":64,"column":45}},"12":{"start":{"line":65,"column":25},"end":{"line":65,"column":47}},"13":{"start":{"line":68,"column":44},"end":{"line":68,"column":52}},"14":{"start":{"line":69,"column":26},"end":{"line":69,"column":39}},"15":{"start":{"line":72,"column":53},"end":{"line":72,"column":88}},"16":{"start":{"line":75,"column":31},"end":{"line":75,"column":62}},"17":{"start":{"line":79,"column":12},"end":{"line":85,"column":18}},"18":{"start":{"line":87,"column":23},"end":{"line":92,"column":9}},"19":{"start":{"line":88,"column":12},"end":{"line":91,"column":15}},"20":{"start":{"line":93,"column":22},"end":{"line":98,"column":9}},"21":{"start":{"line":94,"column":12},"end":{"line":97,"column":15}},"22":{"start":{"line":99,"column":24},"end":{"line":106,"column":9}},"23":{"start":{"line":100,"column":12},"end":{"line":105,"column":18}},"24":{"start":{"line":108,"column":12},"end":{"line":114,"column":18}},"25":{"start":{"line":117,"column":8},"end":{"line":233,"column":13}},"26":{"start":{"line":161,"column":44},"end":{"line":161,"column":68}},"27":{"start":{"line":167,"column":44},"end":{"line":167,"column":73}},"28":{"start":{"line":178,"column":43},"end":{"line":178,"column":86}},"29":{"start":{"line":191,"column":40},"end":{"line":191,"column":78}},"30":{"start":{"line":192,"column":40},"end":{"line":192,"column":72}},"31":{"start":{"line":201,"column":59},"end":{"line":205,"column":22}},"32":{"start":{"line":237,"column":8},"end":{"line":237,"column":35}},"33":{"start":{"line":241,"column":8},"end":{"line":241,"column":41}},"34":{"start":{"line":245,"column":8},"end":{"line":245,"column":49}}},"fnMap":{"0":{"name":"(anonymous_0)","decl":{"start":{"line":27,"column":4},"end":{"line":27,"column":5}},"loc":{"start":{"line":27,"column":13},"end":{"line":234,"column":5}},"line":27},"1":{"name":"(anonymous_1)","decl":{"start":{"line":87,"column":23},"end":{"line":87,"column":24}},"loc":{"start":{"line":88,"column":12},"end":{"line":91,"column":15}},"line":88},"2":{"name":"(anonymous_2)","decl":{"start":{"line":93,"column":22},"end":{"line":93,"column":23}},"loc":{"start":{"line":94,"column":12},"end":{"line":97,"column":15}},"line":94},"3":{"name":"(anonymous_3)","decl":{"start":{"line":99,"column":24},"end":{"line":99,"column":25}},"loc":{"start":{"line":100,"column":12},"end":{"line":105,"column":18}},"line":100},"4":{"name":"(anonymous_4)","decl":{"start":{"line":161,"column":38},"end":{"line":161,"column":39}},"loc":{"start":{"line":161,"column":44},"end":{"line":161,"column":68}},"line":161},"5":{"name":"(anonymous_5)","decl":{"start":{"line":167,"column":38},"end":{"line":167,"column":39}},"loc":{"start":{"line":167,"column":44},"end":{"line":167,"column":73}},"line":167},"6":{"name":"(anonymous_6)","decl":{"start":{"line":178,"column":34},"end":{"line":178,"column":35}},"loc":{"start":{"line":178,"column":43},"end":{"line":178,"column":86}},"line":178},"7":{"name":"(anonymous_7)","decl":{"start":{"line":191,"column":33},"end":{"line":191,"column":34}},"loc":{"start":{"line":191,"column":40},"end":{"line":191,"column":78}},"line":191},"8":{"name":"(anonymous_8)","decl":{"start":{"line":192,"column":33},"end":{"line":192,"column":34}},"loc":{"start":{"line":192,"column":40},"end":{"line":192,"column":72}},"line":192},"9":{"name":"(anonymous_9)","decl":{"start":{"line":201,"column":36},"end":{"line":201,"column":37}},"loc":{"start":{"line":201,"column":59},"end":{"line":205,"column":22}},"line":201},"10":{"name":"(anonymous_10)","decl":{"start":{"line":236,"column":4},"end":{"line":236,"column":5}},"loc":{"start":{"line":236,"column":19},"end":{"line":238,"column":5}},"line":236},"11":{"name":"(anonymous_11)","decl":{"start":{"line":240,"column":4},"end":{"line":240,"column":5}},"loc":{"start":{"line":240,"column":25},"end":{"line":242,"column":5}},"line":240},"12":{"name":"(anonymous_12)","decl":{"start":{"line":244,"column":4},"end":{"line":244,"column":5}},"loc":{"start":{"line":244,"column":24},"end":{"line":246,"column":5}},"line":244}},"branchMap":{"0":{"loc":{"start":{"line":64,"column":26},"end":{"line":64,"column":45}},"type":"binary-expr","locations":[{"start":{"line":64,"column":26},"end":{"line":64,"column":33}},{"start":{"line":64,"column":37},"end":{"line":64,"column":45}}],"line":64},"1":{"loc":{"start":{"line":65,"column":25},"end":{"line":65,"column":47}},"type":"cond-expr","locations":[{"start":{"line":65,"column":35},"end":{"line":65,"column":39}},{"start":{"line":65,"column":42},"end":{"line":65,"column":47}}],"line":65},"2":{"loc":{"start":{"line":75,"column":31},"end":{"line":75,"column":62}},"type":"binary-expr","locations":[{"start":{"line":75,"column":31},"end":{"line":75,"column":42}},{"start":{"line":75,"column":46},"end":{"line":75,"column":62}}],"line":75},"3":{"loc":{"start":{"line":81,"column":27},"end":{"line":81,"column":63}},"type":"cond-expr","locations":[{"start":{"line":81,"column":49},"end":{"line":81,"column":58}},{"start":{"line":81,"column":61},"end":{"line":81,"column":63}}],"line":81},"4":{"loc":{"start":{"line":144,"column":31},"end":{"line":144,"column":55}},"type":"cond-expr","locations":[{"start":{"line":144,"column":40},"end":{"line":144,"column":46}},{"start":{"line":144,"column":49},"end":{"line":144,"column":55}}],"line":144},"5":{"loc":{"start":{"line":148,"column":35},"end":{"line":148,"column":69}},"type":"cond-expr","locations":[{"start":{"line":148,"column":44},"end":{"line":148,"column":55}},{"start":{"line":148,"column":58},"end":{"line":148,"column":69}}],"line":148},"6":{"loc":{"start":{"line":155,"column":54},"end":{"line":162,"column":30}},"type":"binary-expr","locations":[{"start":{"line":155,"column":54},"end":{"line":155,"column":60}},{"start":{"line":156,"column":24},"end":{"line":162,"column":30}}],"line":155},"7":{"loc":{"start":{"line":193,"column":24},"end":{"line":206,"column":22}},"type":"binary-expr","locations":[{"start":{"line":193,"column":24},"end":{"line":193,"column":33}},{"start":{"line":194,"column":16},"end":{"line":206,"column":22}}],"line":193},"8":{"loc":{"start":{"line":195,"column":27},"end":{"line":195,"column":53}},"type":"cond-expr","locations":[{"start":{"line":195,"column":37},"end":{"line":195,"column":43}},{"start":{"line":195,"column":46},"end":{"line":195,"column":53}}],"line":195},"9":{"loc":{"start":{"line":206,"column":25},"end":{"line":231,"column":22}},"type":"binary-expr","locations":[{"start":{"line":206,"column":25},"end":{"line":206,"column":33}},{"start":{"line":207,"column":16},"end":{"line":231,"column":22}}],"line":206}},"s":{"0":94,"1":94,"2":94,"3":94,"4":94,"5":94,"6":94,"7":94,"8":94,"9":94,"10":94,"11":94,"12":94,"13":94,"14":94,"15":94,"16":94,"17":94,"18":94,"19":38,"20":94,"21":38,"22":94,"23":38,"24":94,"25":94,"26":1,"27":1,"28":1,"29":13,"
[...]
,"/_data/Dev/projects/chrome-custom-code-injector/src/handle/util/index.ts": {"path":"/_data/Dev/projects/chrome-custom-code-injector/src/handle/util/index.ts","statementMap":{"0":{"start":{"line":1,"column":26},"end":{"line":20,"column":1}},"1":{"start":{"line":3,"column":8},"end":{"line":3,"column":39}},"2":{"start":{"line":3,"column":24},"end":{"line":3,"column":39}},"3":{"start":{"line":5,"column":8},"end":{"line":12,"column":14}},"4":{"start":{"line":9,"column":20},"end":{"line":9,"column":81}},"5":{"start":{"line":16,"column":25},"end":{"line":16,"column":61}},"6":{"start":{"line":17,"column":23},"end":{"line":17,"column":46}},"7":{"start":{"line":18,"column":8},"end":{"line":18,"column":33}}},"fnMap":{"0":{"name":"(anonymous_0)","decl":{"start":{"line":2,"column":4},"end":{"line":2,"column":5}},"loc":{"start":{"line":2,"column":60},"end":{"line":13,"column":5}},"line":2},"1":{"name":"(anonymous_1)","decl":{"start":{"line":8,"column":16},"end":{"line":8,"column":17}},"loc":{"start":{"line":8,"column":53},"end":{"line":10,"column":17}},"line":8},"2":{"name":"(anonymous_2)","decl":{"start":{"line":15,"column":4},"end":{"line":15,"column":5}},"loc":{"start":{"line":15,"column":23},"end":{"line":19,"column":5}},"line":15}},"branchMap":{"0":{"loc":{"start":{"line":2,"column":28},"end":{"line":2,"column":50}},"type":"default-arg","locations":[{"start":{"line":2,"column":48},"end":{"line":2,"column":50}}],"line":2},"1":{"loc":{"start":{"line":3,"column":8},"end":{"line":3,"column":39}},"type":"if","locations":[{"start":{"line":3,"column":8},"end":{"line":3,"column":39}},{"start":{"line":3,"column":8},"end":{"line":3,"column":39}}],"line":3},"2":{"loc":{"start":{"line":9,"column":27},"end":{"line":9,"column":80}},"type":"cond-expr","locations":[{"start":{"line":9,"column":36},"end":{"line":9,"column":70}},{"start":{"line":9,"column":73},"end":{"line":9,"column":80}}],"line":9}},"s":{"0":25,"1":12507,"2":4135,"3":8372,"4":12341,"5":5208,"6":5208,"7":5208},"f":{"0":12507,"1":12341,"2":5208},"b":{"0":[3467],"1":[4135,8372],"2":[7305,5036]},"_coverageSchema":"1a1c01bbd47fc00a2c39e90264f33305004495a9","hash":"5932ac83128b3126373f43560b36f01905b0888d"}
,"/_data/Dev/projects/chrome-custom-code-injector/src/handle/validation/index.ts": {"path":"/_data/Dev/projects/chrome-custom-code-injector/src/handle/validation/index.ts","statementMap":{"0":{"start":{"line":5,"column":17},"end":{"line":5,"column":33}},"1":{"start":{"line":7,"column":19},"end":{"line":10,"column":5}},"2":{"start":{"line":12,"column":23},"end":{"line":15,"column":5}},"3":{"start":{"line":17,"column":23},"end":{"line":20,"column":5}},"4":{"start":{"line":22,"column":28},"end":{"line":25,"column":5}},"5":{"start":{"line":23,"column":34},"end":{"line":23,"column":40}},"6":{"start":{"line":27,"column":27},"end":{"line":30,"column":5}},"7":{"start":{"line":28,"column":34},"end":{"line":28,"column":49}},"8":{"start":{"line":32,"column":24},"end":{"line":35,"column":5}},"9":{"start":{"line":37,"column":25},"end":{"line":40,"column":5}},"10":{"start":{"line":42,"column":30},"end":{"line":58,"column":5}},"11":{"start":{"line":45,"column":8},"end":{"line":49,"column":9}},"12":{"start":{"line":46,"column":12},"end":{"line":46,"column":60}},"13":{"start":{"line":48,"column":12},"end":{"line":48,"column":36}},"14":{"start":{"line":52,"column":34},"end":{"line":52,"column":69}},"15":{"start":{"line":53,"column":8},"end":{"line":57,"column":15}},"16":{"start":{"line":56,"column":16},"end":{"line":56,"column":67}},"17":{"start":{"line":61,"column":8},"end":{"line":63,"column":9}},"18":{"start":{"line":62,"column":12},"end":{"line":62,"column":92}},"19":{"start":{"line":65,"column":8},"end":{"line":68,"column":10}}},"fnMap":{"0":{"name":"(anonymous_0)","decl":{"start":{"line":23,"column":14},"end":{"line":23,"column":15}},"loc":{"start":{"line":23,"column":34},"end":{"line":23,"column":40}},"line":23},"1":{"name":"(anonymous_1)","decl":{"start":{"line":28,"column":14},"end":{"line":28,"column":15}},"loc":{"start":{"line":28,"column":34},"end":{"line":28,"column":49}},"line":28},"2":{"name":"(anonymous_2)","decl":{"start":{"line":42,"column":30},"end":{"line":42,"column":31}},"loc":{"start":{"line":42,"column":78},"end":{"line":58,"column":5}},"line":42},"3":{"name":"(anonymous_3)","decl":{"start":{"line":55,"column":25},"end":{"line":55,"column":26}},"loc":{"start":{"line":55,"column":32},"end":{"line":57,"column":13}},"line":55},"4":{"name":"(anonymous_4)","decl":{"start":{"line":60,"column":4},"end":{"line":60,"column":5}},"loc":{"start":{"line":60,"column":29},"end":{"line":69,"column":5}},"line":60}},"branchMap":{"0":{"loc":{"start":{"line":53,"column":15},"end":{"line":57,"column":14}},"type":"cond-expr","locations":[{"start":{"line":54,"column":14},"end":{"line":54,"column":18}},{"start":{"line":55,"column":14},"end":{"line":57,"column":14}}],"line":53},"1":{"loc":{"start":{"line":61,"column":8},"end":{"line":63,"column":9}},"type":"if","locations":[{"start":{"line":61,"column":8},"end":{"line":63,"column":9}},{"start":{"line":61,"column":8},"end":{"line":63,"column":9}}],"line":61},"2":{"loc":{"start":{"line":61,"column":12},"end":{"line":61,"column":53}},"type":"binary-expr","locations":[{"start":{"line":61,"column":12},"end":{"line":61,"column":38}},{"start":{"line":61,"column":42},"end":{"line":61,"column":53}}],"line":61}},"s":{"0":22,"1":22,"2":22,"3":22,"4":22,"5":2,"6":22,"7":2,"8":22,"9":22,"10":22,"11":3,"12":3,"13":1,"14":2,"15":2,"16":1,"17":6,"18":2,"19":4},"f":{"0":2,"1":2,"2":3,"3":1,"4":6},"b":{"0":[1,1],"1":[2,4],"2":[6,5]},"_coverageSchema":"1a1c01bbd47fc00a2c39e90264f33305004495a9","hash":"d5b65997762baf037ae0fca3c78e0a397c594182"}
,"/_data/Dev/projects/chrome-custom-code-injector/src/mock/data/index.ts": {"path":"/_data/Dev/projects/chrome-custom-code-injector/src/mock/data/index.ts","statementMap":{"0":{"start":{"line":3,"column":42},"end":{"line":8,"column":1}},"1":{"start":{"line":10,"column":42},"end":{"line":14,"column":1}},"2":{"start":{"line":16,"column":41},"end":{"line":20,"column":1}},"3":{"start":{"line":22,"column":31},"end":{"line":42,"column":1}},"4":{"start":{"line":23,"column":4},"end":{"line":41,"column":7}},"5":{"start":{"line":24,"column":37},"end":{"line":24,"column":41}},"6":{"start":{"line":25,"column":21},"end":{"line":25,"column":52}},"7":{"start":{"line":27,"column":8},"end":{"line":34,"column":10}},"8":{"start":{"line":28,"column":25},"end":{"line":28,"column":70}},"9":{"start":{"line":29,"column":12},"end":{"line":29,"column":34}},"10":{"start":{"line":31,"column":12},"end":{"line":33,"column":15}},"11":{"start":{"line":32,"column":16},"end":{"line":32,"column":84}},"12":{"start":{"line":36,"column":8},"end":{"line":38,"column":11}},"13":{"start":{"line":37,"column":12},"end":{"line":37,"column":71}},"14":{"start":{"line":40,"column":8},"end":{"line":40,"column":20}}},"fnMap":{"0":{"name":"(anonymous_0)","decl":{"start":{"line":22,"column":31},"end":{"line":22,"column":32}},"loc":{"start":{"line":22,"column":37},"end":{"line":42,"column":1}},"line":22},"1":{"name":"(anonymous_1)","decl":{"start":{"line":23,"column":29},"end":{"line":23,"column":30}},"loc":{"start":{"line":23,"column":37},"end":{"line":41,"column":5}},"line":23},"2":{"name":"(anonymous_2)","decl":{"start":{"line":27,"column":30},"end":{"line":27,"column":31}},"loc":{"start":{"line":27,"column":56},"end":{"line":34,"column":9}},"line":27},"3":{"name":"(anonymous_3)","decl":{"start":{"line":31,"column":33},"end":{"line":31,"column":34}},"loc":{"start":{"line":31,"column":58},"end":{"line":33,"column":13}},"line":31},"4":{"name":"(anonymous_4)","decl":{"start":{"line":36,"column":29},"end":{"line":36,"column":30}},"loc":{"start":{"line":36,"column":54},"end":{"line":38,"column":9}},"line":36}},"branchMap":{},"s":{"0":2,"1":2,"2":2,"3":2,"4":80,"5":320,"6":320,"7":320,"8":960,"9":960,"10":960,"11":2880,"12":320,"13":960,"14":320},"f":{"0":80,"1":320,"2":960,"3":2880,"4":960},"b":{},"_coverageSchema":"1a1c01bbd47fc00a2c39e90264f33305004495a9","hash":"d2efd6ff5844f1800d18913c71553e68a82ff3fa"}
,"/_data/Dev/projects/chrome-custom-code-injector/src/mock/state/index.ts": {"path":"/_data/Dev/projects/chrome-custom-code-injector/src/mock/state/index.ts","statementMap":{"0":{"start":{"line":6,"column":34},"end":{"line":15,"column":1}},"1":{"start":{"line":7,"column":18},"end":{"line":7,"column":35}},"2":{"start":{"line":8,"column":20},"end":{"line":8,"column":38}},"3":{"start":{"line":9,"column":23},"end":{"line":9,"column":51}},"4":{"start":{"line":10,"column":4},"end":{"line":14,"column":6}}},"fnMap":{"0":{"name":"(anonymous_0)","decl":{"start":{"line":6,"column":34},"end":{"line":6,"column":35}},"loc":{"start":{"line":6,"column":50},"end":{"line":15,"column":1}},"line":6}},"branchMap":{},"s":{"0":1,"1":66,"2":66,"3":66,"4":66},"f":{"0":66},"b":{},"_coverageSchema":"1a1c01bbd47fc00a2c39e90264f33305004495a9","hash":"5835f74d4c1a6f2f711aa6d3b45fb64c5111e9a2"}
,"/_data/Dev/projects/chrome-custom-code-injector/src/model/data-grid-state/index.ts": {"path":"/_data/Dev/projects/chrome-custom-code-injector/src/model/data-grid-state/index.ts","statementMap":{"0":{"start":{"line":9,"column":30},"end":{"line":9,"column":48}},"1":{"start":{"line":10,"column":18},"end":{"line":10,"column":33}},"2":{"start":{"line":14,"column":41},"end":{"line":14,"column":56}},"3":{"start":{"line":19,"column":27},"end":{"line":19,"column":31}},"4":{"start":{"line":22,"column":37},"end":{"line":25,"column":5}},"5":{"start":{"line":28,"column":24},"end":{"line":28,"column":28}},"6":{"start":{"line":42,"column":8},"end":{"line":42,"column":25}},"7":{"start":{"line":42,"column":18},"end":{"line":42,"column":25}},"8":{"start":{"line":44,"column":43},"end":{"line":44,"column":46}},"9":{"start":{"line":45,"column":8},"end":{"line":45,"column":36}},"10":{"start":{"line":45,"column":29},"end":{"line":45,"column":36}},"11":{"start":{"line":46,"column":26},"end":{"line":49,"column":9}},"12":{"start":{"line":50,"column":23},"end":{"line":54,"column":25}},"13":{"start":{"line":55,"column":8},"end":{"line":55,"column":32}},"14":{"start":{"line":56,"column":8},"end":{"line":56,"column":64}}},"fnMap":{"0":{"name":"(anonymous_0)","decl":{"start":{"line":41,"column":4},"end":{"line":41,"column":5}},"loc":{"start":{"line":41,"column":82},"end":{"line":57,"column":5}},"line":41}},"branchMap":{"0":{"loc":{"start":{"line":42,"column":8},"end":{"line":42,"column":25}},"type":"if","locations":[{"start":{"line":42,"column":8},"end":{"line":42,"column":25}},{"start":{"line":42,"column":8},"end":{"line":42,"column":25}}],"line":42},"1":{"loc":{"start":{"line":45,"column":8},"end":{"line":45,"column":36}},"type":"if","locations":[{"start":{"line":45,"column":8},"end":{"line":45,"column":36}},{"start":{"line":45,"column":8},"end":{"line":45,"column":36}}],"line":45},"2":{"loc":{"start":{"line":51,"column":12},"end":{"line":53,"column":27}},"type":"cond-expr","locations":[{"start":{"line":52,"column":18},"end":{"line":52,"column":48}},{"start":{"line":53,"column":18},"end":{"line":53,"column":27}}],"line":51}},"s":{"0":7,"1":7,"2":350,"3":350,"4":350,"5":350,"6":350,"7":171,"8":179,"9":179,"10":1,"11":178,"12":178,"13":178,"14":178},"f":{"0":350},"b":{"0":[171,179],"1":[1,178],"2":[17,161]},"_coverageSchema":"1a1c01bbd47fc00a2c39e90264f33305004495a9","hash":"158ad63d825144d080c94f8666f05adb57fc9f8a"}
,"/_data/Dev/projects/chrome-custom-code-injector/src/model/local-state/index.ts": {"path":"/_data/Dev/projects/chrome-custom-code-injector/src/model/local-state/index.ts","statementMap":{"0":{"start":{"line":9,"column":17},"end":{"line":9,"column":21}},"1":{"start":{"line":10,"column":31},"end":{"line":14,"column":5}},"2":{"start":{"line":15,"column":31},"end":{"line":21,"column":5}},"3":{"start":{"line":24,"column":12},"end":{"line":24,"column":28}},"4":{"start":{"line":28,"column":8},"end":{"line":28,"column":68}}},"fnMap":{"0":{"name":"(anonymous_0)","decl":{"start":{"line":26,"column":4},"end":{"line":26,"column":5}},"loc":{"start":{"line":26,"column":37},"end":{"line":29,"column":5}},"line":26}},"branchMap":{},"s":{"0":158,"1":158,"2":158,"3":158,"4":158},"f":{"0":158},"b":{},"_coverageSchema":"1a1c01bbd47fc00a2c39e90264f33305004495a9","hash":"a8efe6f7d8f676a77d15489df84c722d63bc9069"}
,"/_data/Dev/projects/chrome-custom-code-injector/src/model/modal-state/index.ts": {"path":"/_data/Dev/projects/chrome-custom-code-injector/src/model/modal-state/index.ts","statementMap":{"0":{"start":{"line":5,"column":24},"end":{"line":5,"column":28}},"1":{"start":{"line":6,"column":16},"end":{"line":6,"column":36}},"2":{"start":{"line":7,"column":22},"end":{"line":7,"column":42}},"3":{"start":{"line":8,"column":28},"end":{"line":8,"column":32}},"4":{"start":{"line":9,"column":17},"end":{"line":9,"column":37}},"5":{"start":{"line":10,"column":17},"end":{"line":10,"column":37}},"6":{"start":{"line":11,"column":35},"end":{"line":11,"column":40}}},"fnMap":{},"branchMap":{},"s":{"0":273,"1":273,"2":273,"3":273,"4":273,"5":273,"6":273},"f":{},"b":{},"_coverageSchema":"1a1c01bbd47fc00a2c39e90264f33305004495a9","hash":"d2dea112910b9b30ae447a61aa15bf29de367598"}
,"/_data/Dev/projects/chrome-custom-code-injector/src/model/rule/index.ts": {"path":"/_data/Dev/projects/chrome-custom-code-injector/src/model/rule/index.ts","statementMap":{"0":{"start":{"line":9,"column":13},"end":{"line":9,"column":18}},"1":{"start":{"line":10,"column":14},"end":{"line":10,"column":19}},"2":{"start":{"line":11,"column":14},"end":{"line":11,"column":19}},"3":{"start":{"line":12,"column":36},"end":{"line":12,"column":37}},"4":{"start":{"line":18,"column":19},"end":{"line":18,"column":24}},"5":{"start":{"line":19,"column":12},"end":{"line":19,"column":14}},"6":{"start":{"line":20,"column":12},"end":{"line":20,"column":14}},"7":{"start":{"line":21,"column":13},"end":{"line":21,"column":15}},"8":{"start":{"line":22,"column":14},"end":{"line":22,"column":16}},"9":{"start":{"line":23,"column":22},"end":{"line":23,"column":24}},"10":{"start":{"line":24,"column":34},"end":{"line":24,"column":35}},"11":{"start":{"line":27,"column":8},"end":{"line":27,"column":16}},"12":{"start":{"line":28,"column":8},"end":{"line":28,"column":40}},"13":{"start":{"line":29,"column":8},"end":{"line":29,"column":27}},"14":{"start":{"line":30,"column":8},"end":{"line":30,"column":27}},"15":{"start":{"line":35,"column":13},"end":{"line":35,"column":17}},"16":{"start":{"line":36,"column":14},"end":{"line":36,"column":19}},"17":{"start":{"line":37,"column":24},"end":{"line":37,"column":26}},"18":{"start":{"line":42,"column":21},"end":{"line":42,"column":25}},"19":{"start":{"line":43,"column":12},"end":{"line":43,"column":14}},"20":{"start":{"line":44,"column":12},"end":{"line":44,"column":14}},"21":{"start":{"line":45,"column":11},"end":{"line":45,"column":16}},"22":{"start":{"line":46,"column":14},"end":{"line":46,"column":18}},"23":{"start":{"line":49,"column":8},"end":{"line":49,"column":40}},"24":{"start":{"line":50,"column":8},"end":{"line":50,"column":27}},"25":{"start":{"line":51,"column":8},"end":{"line":51,"column":27}}},"fnMap":{"0":{"name":"(anonymous_0)","decl":{"start":{"line":26,"column":4},"end":{"line":26,"column":5}},"loc":{"start":{"line":26,"column":46},"end":{"line":31,"column":5}},"line":26},"1":{"name":"(anonymous_1)","decl":{"start":{"line":48,"column":4},"end":{"line":48,"column":5}},"loc":{"start":{"line":48,"column":46},"end":{"line":52,"column":5}},"line":48}},"branchMap":{},"s":{"0":1353,"1":1353,"2":1353,"3":1353,"4":1350,"5":1350,"6":1350,"7":1350,"8":1350,"9":1350,"10":1350,"11":1350,"12":1350,"13":1350,"14":1350,"15":363,"16":363,"17":363,"18":3861,"19":3861,"20":3861,"21":3861,"22":3861,"23":3861,"24":3861,"25":3861},"f":{"0":1350,"1":3861},"b":{},"_coverageSchema":"1a1c01bbd47fc00a2c39e90264f33305004495a9","hash":"29b23b4caca0582a80105065425604846a0e083c"}
,"/_data/Dev/projects/chrome-custom-code-injector/src/model/rule-id-ctx-state/index.ts": {"path":"/_data/Dev/projects/chrome-custom-code-injector/src/model/rule-id-ctx-state/index.ts","statementMap":{"0":{"start":{"line":7,"column":8},"end":{"line":7,"column":25}},"1":{"start":{"line":7,"column":18},"end":{"line":7,"column":25}},"2":{"start":{"line":8,"column":8},"end":{"line":8,"column":33}}},"fnMap":{"0":{"name":"(anonymous_0)","decl":{"start":{"line":6,"column":4},"end":{"line":6,"column":5}},"loc":{"start":{"line":6,"column":38},"end":{"line":9,"column":5}},"line":6}},"branchMap":{"0":{"loc":{"start":{"line":7,"column":8},"end":{"line":7,"column":25}},"type":"if","locations":[{"start":{"line":7,"column":8},"end":{"line":7,"column":25}},{"start":{"line":7,"column":8},"end":{"line":7,"column":25}}],"line":7}},"s":{"0":779,"1":766,"2":13},"f":{"0":779},"b":{"0":[766,13]},"_coverageSchema":"1a1c01bbd47fc00a2c39e90264f33305004495a9","hash":"3ca2c89e371a15c66b93decb740df7cb41fa2979"}
,"/_data/Dev/projects/chrome-custom-code-injector/src/model/setting-state/index.ts": {"path":"/_data/Dev/projects/chrome-custom-code-injector/src/model/setting-state/index.ts","statementMap":{"0":{"start":{"line":2,"column":22},"end":{"line":2,"column":26}},"1":{"start":{"line":3,"column":32},"end":{"line":3,"column":33}},"2":{"start":{"line":4,"column":20},"end":{"line":10,"column":5}}},"fnMap":{},"branchMap":{},"s":{"0":169,"1":169,"2":169},"f":{},"b":{},"_coverageSchema":"1a1c01bbd47fc00a2c39e90264f33305004495a9","hash":"4c9b9f2262ca7c8f634e49a7703fc9034405c55f"}
,"/_data/Dev/projects/chrome-custom-code-injector/src/model/text-input-state/index.ts": {"path":"/_data/Dev/projects/chrome-custom-code-injector/src/model/text-input-state/index.ts","statementMap":{"0":{"start":{"line":2,"column":13},"end":{"line":2,"column":15}},"1":{"start":{"line":3,"column":24},"end":{"line":3,"column":26}},"2":{"start":{"line":4,"column":24},"end":{"line":4,"column":28}},"3":{"start":{"line":7,"column":8},"end":{"line":7,"column":25}},"4":{"start":{"line":7,"column":18},"end":{"line":7,"column":25}},"5":{"start":{"line":8,"column":8},"end":{"line":8,"column":33}}},"fnMap":{"0":{"name":"(anonymous_0)","decl":{"start":{"line":6,"column":4},"end":{"line":6,"column":5}},"loc":{"start":{"line":6,"column":38},"end":{"line":9,"column":5}},"line":6}},"branchMap":{"0":{"loc":{"start":{"line":7,"column":8},"end":{"line":7,"column":25}},"type":"if","locations":[{"start":{"line":7,"column":8},"end":{"line":7,"column":25}},{"start":{"line":7,"column":8},"end":{"line":7,"column":25}}],"line":7}},"s":{"0":1225,"1":1225,"2":1225,"3":1225,"4":1136,"5":89},"f":{"0":1225},"b":{"0":[1136,89]},"_coverageSchema":"1a1c01bbd47fc00a2c39e90264f33305004495a9","hash":"934d204c03aab8036c1031258cb3aca68aebeaeb"}
}
