TN:
SF:src/component/app/option/index.tsx
FN:33,(anonymous_0)
FN:39,(anonymous_1)
FN:46,(anonymous_2)
FN:76,(anonymous_3)
FN:84,(anonymous_4)
FN:91,(anonymous_5)
FN:126,(anonymous_6)
FN:172,(anonymous_7)
FN:285,(anonymous_8)
FN:317,(anonymous_9)
FN:355,(anonymous_10)
FN:407,(anonymous_11)
FN:459,(anonymous_12)
FN:481,(anonymous_13)
FN:502,(anonymous_14)
FN:524,(anonymous_15)
FN:549,(anonymous_16)
FN:570,(anonymous_17)
FN:591,(anonymous_18)
FN:602,(anonymous_19)
FN:636,(anonymous_20)
FN:640,(anonymous_21)
FN:644,(anonymous_22)
FN:648,(anonymous_23)
FNF:24
FNH:24
FNDA:59,(anonymous_0)
FNDA:2,(anonymous_1)
FNDA:213,(anonymous_2)
FNDA:62,(anonymous_3)
FNDA:27,(anonymous_4)
FNDA:213,(anonymous_5)
FNDA:6,(anonymous_6)
FNDA:28,(anonymous_7)
FNDA:28,(anonymous_8)
FNDA:28,(anonymous_9)
FNDA:28,(anonymous_10)
FNDA:28,(anonymous_11)
FNDA:28,(anonymous_12)
FNDA:28,(anonymous_13)
FNDA:28,(anonymous_14)
FNDA:28,(anonymous_15)
FNDA:28,(anonymous_16)
FNDA:28,(anonymous_17)
FNDA:112,(anonymous_18)
FNDA:56,(anonymous_19)
FNDA:691,(anonymous_20)
FNDA:453,(anonymous_21)
FNDA:28,(anonymous_22)
FNDA:577,(anonymous_23)
DA:27,1
DA:28,1
DA:34,59
DA:35,59
DA:36,59
DA:40,2
DA:41,2
DA:42,1
DA:43,1
DA:47,213
DA:48,213
DA:49,213
DA:50,213
DA:52,213
DA:77,62
DA:85,27
DA:86,27
DA:87,27
DA:88,2
DA:92,213
DA:93,213
DA:104,213
DA:107,213
DA:108,213
DA:111,213
DA:112,213
DA:113,213
DA:115,213
DA:126,6
DA:173,28
DA:174,28
DA:175,28
DA:187,28
DA:189,28
DA:286,28
DA:287,28
DA:292,28
DA:294,28
DA:318,28
DA:319,28
DA:324,28
DA:326,28
DA:356,28
DA:357,28
DA:363,28
DA:365,28
DA:408,28
DA:409,28
DA:415,28
DA:417,28
DA:460,28
DA:461,28
DA:462,28
DA:464,28
DA:482,28
DA:483,28
DA:484,28
DA:485,28
DA:503,28
DA:504,28
DA:505,28
DA:507,28
DA:525,28
DA:526,28
DA:530,28
DA:532,28
DA:550,28
DA:551,28
DA:552,28
DA:553,28
DA:571,28
DA:572,28
DA:573,28
DA:574,28
DA:592,112
DA:593,112
DA:603,56
DA:604,56
DA:606,56
DA:637,691
DA:641,453
DA:645,28
DA:649,577
LF:83
LH:83
BRDA:41,0,0,1
BRDA:41,0,1,1
BRDA:50,1,0,119
BRDA:50,1,1,94
BRDA:55,2,0,119
BRDA:55,2,1,94
BRDA:58,3,0,213
BRDA:58,3,1,28
BRDA:76,4,0,60
BRDA:87,5,0,25
BRDA:87,5,1,2
BRDA:87,6,0,27
BRDA:87,6,1,26
BRDA:111,7,0,119
BRDA:111,7,1,94
BRDA:116,8,0,213
BRDA:116,8,1,94
BRDA:127,9,0,94
BRDA:127,9,1,90
BRDA:134,10,0,213
BRDA:134,10,1,119
BRF:21
BRH:21
end_of_record
TN:
SF:src/component/app/popup/index.tsx
FN:9,(anonymous_0)
FN:51,(anonymous_1)
FN:67,(anonymous_2)
FN:74,(anonymous_3)
FN:81,(anonymous_4)
FN:87,(anonymous_5)
FN:94,(anonymous_6)
FN:101,(anonymous_7)
FN:111,(anonymous_8)
FN:118,(anonymous_9)
FN:125,(anonymous_10)
FN:131,(anonymous_11)
FN:138,(anonymous_12)
FN:145,(anonymous_13)
FNF:14
FNH:14
FNDA:28,(anonymous_0)
FNDA:1,(anonymous_1)
FNDA:1,(anonymous_2)
FNDA:1,(anonymous_3)
FNDA:1,(anonymous_4)
FNDA:1,(anonymous_5)
FNDA:1,(anonymous_6)
FNDA:1,(anonymous_7)
FNDA:1,(anonymous_8)
FNDA:1,(anonymous_9)
FNDA:1,(anonymous_10)
FNDA:1,(anonymous_11)
FNDA:1,(anonymous_12)
FNDA:1,(anonymous_13)
DA:10,28
DA:11,28
DA:13,28
DA:14,28
DA:15,28
DA:16,28
DA:17,28
DA:18,28
DA:20,28
DA:21,28
DA:22,28
DA:36,28
DA:38,28
DA:51,1
DA:67,1
DA:74,1
DA:81,1
DA:87,1
DA:94,1
DA:101,1
DA:111,1
DA:118,1
DA:125,1
DA:131,1
DA:138,1
DA:145,1
LF:26
LH:26
BRDA:22,0,0,28
BRDA:22,0,1,27
BRDA:22,0,2,19
BRDA:82,1,0,19
BRDA:82,1,1,9
BRDA:126,2,0,14
BRDA:126,2,1,14
BRF:7
BRH:7
end_of_record
TN:
SF:src/component/base/btn-icon/index.tsx
FN:9,(anonymous_0)
FNF:1
FNH:1
FNDA:3238,(anonymous_0)
DA:6,3
DA:7,3
DA:9,3
DA:10,3238
DA:11,3238
LF:5
LH:5
BRF:0
BRH:0
end_of_record
TN:
SF:src/component/base/btn-sort/index.tsx
FN:4,(anonymous_0)
FNF:1
FNH:1
FNDA:331,(anonymous_0)
DA:4,4
DA:5,331
DA:6,331
DA:7,331
DA:8,331
DA:9,331
DA:12,4
LF:7
LH:7
BRDA:5,0,0,331
BRDA:5,0,1,316
BRDA:7,1,0,4
BRDA:7,1,1,327
BRDA:7,2,0,3
BRDA:7,2,1,1
BRF:6
BRH:6
end_of_record
TN:
SF:src/component/base/btn-text/index.tsx
FN:6,(anonymous_0)
FNF:1
FNH:1
FNDA:72,(anonymous_0)
DA:4,3
DA:6,3
DA:7,72
DA:9,72
LF:4
LH:4
BRDA:7,0,0,34
BRDA:7,0,1,38
BRF:2
BRH:2
end_of_record
TN:
SF:src/component/base/checkbox/index.tsx
FN:7,(anonymous_0)
FNF:1
FNH:1
FNDA:663,(anonymous_0)
DA:5,2
DA:7,2
DA:8,663
DA:9,663
DA:11,663
LF:5
LH:5
BRDA:9,0,0,663
BRDA:9,0,1,396
BRDA:9,1,0,1
BRDA:9,1,1,662
BRDA:18,2,0,663
BRDA:18,2,1,2
BRF:6
BRH:6
end_of_record
TN:
SF:src/component/base/checkbox-icon-switch/index.tsx
FN:11,(anonymous_0)
FNF:1
FNH:1
FNDA:994,(anonymous_0)
DA:8,2
DA:9,2
DA:11,2
DA:12,994
DA:13,994
DA:15,994
LF:6
LH:6
BRDA:27,0,0,484
BRDA:27,0,1,510
BRF:2
BRH:2
end_of_record
TN:
SF:src/component/base/checkbox-slider-switch/index.tsx
FN:7,(anonymous_0)
FNF:1
FNH:1
FNDA:1468,(anonymous_0)
DA:5,2
DA:7,2
DA:8,1468
DA:9,1468
DA:11,1468
LF:5
LH:5
BRDA:9,0,0,1468
BRDA:9,0,1,1468
BRDA:9,1,0,1
BRDA:9,1,1,1467
BRDA:18,2,0,1468
BRDA:18,2,1,2
BRF:6
BRH:6
end_of_record
TN:
SF:src/component/base/checkbox-symbol-switch/index.tsx
FN:4,(anonymous_0)
FNF:1
FNH:1
FNDA:169,(anonymous_0)
DA:4,2
DA:5,169
DA:7,169
LF:3
LH:3
BRF:0
BRH:0
end_of_record
TN:
SF:src/component/base/checkbox-tab-switch/index.tsx
FN:19,(anonymous_0)
FN:25,(anonymous_1)
FN:42,(anonymous_2)
FN:54,(anonymous_3)
FN:68,(anonymous_4)
FN:75,(anonymous_5)
FNF:6
FNH:6
FNDA:99,(anonymous_0)
FNDA:290,(anonymous_1)
FNDA:14,(anonymous_2)
FNDA:2,(anonymous_3)
FNDA:102,(anonymous_4)
FNDA:284,(anonymous_5)
DA:6,2
DA:7,2
DA:8,2
DA:9,2
DA:10,2
DA:13,2
DA:20,99
DA:21,99
DA:22,99
DA:24,99
DA:26,290
DA:27,290
DA:28,290
DA:29,290
DA:30,290
DA:31,290
DA:32,290
DA:33,290
DA:35,290
DA:42,14
DA:54,2
DA:69,102
DA:71,102
DA:73,96
DA:75,95
DA:76,284
LF:26
LH:26
BRDA:24,0,0,99
BRDA:24,0,1,98
BRDA:28,1,0,98
BRDA:28,1,1,192
BRDA:71,2,0,6
BRDA:71,2,1,96
BRDA:73,3,0,1
BRDA:73,3,1,95
BRF:8
BRH:8
end_of_record
TN:
SF:src/component/base/input-file/index.tsx
FN:14,(anonymous_0)
FN:19,(anonymous_1)
FN:35,(anonymous_2)
FN:42,(anonymous_3)
FN:66,(anonymous_4)
FNF:5
FNH:5
FNDA:12,(anonymous_0)
FNDA:4,(anonymous_1)
FNDA:1,(anonymous_2)
FNDA:5,(anonymous_3)
FNDA:4,(anonymous_4)
DA:5,2
DA:6,2
DA:9,12
DA:15,12
DA:16,12
DA:20,4
DA:21,4
DA:22,4
DA:23,4
DA:25,4
DA:36,1
DA:43,5
DA:44,5
DA:48,3
DA:49,3
DA:51,3
DA:52,2
DA:55,1
DA:56,2
DA:57,2
DA:61,3
DA:62,3
DA:63,3
DA:67,4
DA:70,4
DA:71,2
DA:72,2
DA:73,2
DA:77,2
DA:78,2
DA:79,2
DA:82,4
LF:32
LH:32
BRDA:34,0,0,4
BRDA:34,0,1,2
BRDA:34,0,2,2
BRDA:44,1,0,2
BRDA:44,1,1,3
BRDA:51,2,0,2
BRDA:51,2,1,1
BRDA:70,3,0,2
BRDA:70,3,1,2
BRDA:73,4,0,1
BRDA:73,4,1,1
BRDA:79,5,0,1
BRDA:79,5,1,1
BRF:13
BRH:13
end_of_record
TN:
SF:src/component/base/input-search/index.tsx
FN:12,(anonymous_0)
FN:18,(anonymous_1)
FN:24,(anonymous_2)
FN:30,(anonymous_3)
FN:43,(anonymous_4)
FNF:5
FNH:5
FNDA:67,(anonymous_0)
FNDA:8,(anonymous_1)
FNDA:3,(anonymous_2)
FNDA:122,(anonymous_3)
FNDA:213,(anonymous_4)
DA:6,2
DA:7,2
DA:13,67
DA:14,67
DA:15,67
DA:19,8
DA:20,8
DA:21,8
DA:25,3
DA:26,3
DA:27,3
DA:31,122
DA:32,122
DA:34,122
DA:43,213
LF:15
LH:15
BRDA:32,0,0,3
BRDA:32,0,1,119
BRDA:49,1,0,13
BRDA:49,1,1,109
BRF:4
BRH:4
end_of_record
TN:
SF:src/component/base/input-text/index.tsx
FN:16,(anonymous_0)
FN:22,(anonymous_1)
FN:37,(anonymous_2)
FN:49,(anonymous_3)
FN:63,(anonymous_4)
FN:68,(anonymous_5)
FN:72,(anonymous_6)
FN:87,(anonymous_7)
FN:91,(anonymous_8)
FN:109,(anonymous_9)
FN:113,(anonymous_10)
FNF:11
FNH:11
FNDA:101,(anonymous_0)
FNDA:256,(anonymous_1)
FNDA:17,(anonymous_2)
FNDA:450,(anonymous_3)
FNDA:24,(anonymous_4)
FNDA:2,(anonymous_5)
FNDA:27,(anonymous_6)
FNDA:28,(anonymous_7)
FNDA:27,(anonymous_8)
FNDA:284,(anonymous_9)
FNDA:256,(anonymous_10)
DA:6,2
DA:7,2
DA:12,2
DA:17,101
DA:18,101
DA:19,101
DA:23,256
DA:24,256
DA:25,256
DA:27,256
DA:28,256
DA:29,256
DA:31,256
DA:32,256
DA:33,256
DA:34,256
DA:36,256
DA:38,17
DA:42,256
DA:49,450
DA:64,24
DA:69,2
DA:73,27
DA:75,24
DA:76,24
DA:77,24
DA:78,24
DA:79,24
DA:88,28
DA:90,27
DA:91,27
DA:92,27
DA:94,27
DA:95,2
DA:97,25
DA:98,24
DA:101,27
DA:103,27
DA:110,284
DA:114,256
LF:40
LH:40
BRDA:27,0,0,256
BRDA:27,0,1,248
BRDA:28,1,0,256
BRDA:28,1,1,38
BRDA:29,2,0,256
BRDA:29,2,1,38
BRDA:31,3,0,38
BRDA:31,3,1,218
BRDA:31,4,0,21
BRDA:31,4,1,17
BRDA:32,5,0,255
BRDA:32,5,1,1
BRDA:33,6,0,245
BRDA:33,6,1,11
BRDA:34,7,0,255
BRDA:34,7,1,1
BRDA:36,8,0,17
BRDA:36,8,1,239
BRDA:36,9,0,256
BRDA:36,9,1,17
BRDA:43,10,0,256
BRDA:43,10,1,255
BRDA:54,11,0,256
BRDA:54,11,1,21
BRDA:55,12,0,256
BRDA:55,12,1,255
BRDA:57,13,0,256
BRDA:57,13,1,1
BRDA:73,14,0,3
BRDA:73,14,1,24
BRDA:88,15,0,1
BRDA:88,15,1,27
BRDA:94,16,0,2
BRDA:94,16,1,25
BRDA:97,17,0,24
BRDA:97,17,1,1
BRDA:101,18,0,12
BRDA:101,18,1,15
BRF:38
BRH:38
end_of_record
TN:
SF:src/component/base/num-badge/index.tsx
FN:4,(anonymous_0)
FNF:1
FNH:1
FNDA:368,(anonymous_0)
DA:4,3
DA:5,368
DA:6,368
DA:7,368
DA:9,368
DA:14,3
LF:6
LH:6
BRDA:7,0,0,1
BRDA:7,0,1,367
BRDA:7,1,0,1
BRDA:7,1,1,366
BRF:4
BRH:4
end_of_record
TN:
SF:src/component/base/select-dropdown/index.tsx
FN:9,(anonymous_0)
FN:15,(anonymous_1)
FN:26,(anonymous_2)
FN:38,(anonymous_3)
FN:51,(anonymous_4)
FN:58,(anonymous_5)
FN:69,(anonymous_6)
FNF:7
FNH:7
FNDA:449,(anonymous_0)
FNDA:430,(anonymous_1)
FNDA:866,(anonymous_2)
FNDA:1880,(anonymous_3)
FNDA:455,(anonymous_4)
FNDA:6,(anonymous_5)
FNDA:869,(anonymous_6)
DA:6,3
DA:10,449
DA:11,449
DA:12,449
DA:16,430
DA:17,430
DA:20,430
DA:21,4
DA:22,4
DA:27,866
DA:28,866
DA:29,866
DA:30,866
DA:32,866
DA:40,1880
DA:52,455
DA:60,6
DA:61,6
DA:62,6
DA:70,869
DA:73,869
LF:21
LH:21
BRDA:17,0,0,430
BRDA:17,0,1,429
BRDA:20,1,0,4
BRDA:20,1,1,426
BRDA:30,2,0,858
BRDA:30,2,1,8
BRDA:32,3,0,866
BRDA:32,3,1,865
BRDA:41,4,0,628
BRDA:41,4,1,1252
BRDA:46,5,0,865
BRDA:46,5,1,1
BRDA:54,6,0,455
BRDA:54,6,1,441
BRDA:69,7,0,628
BRDA:69,8,0,867
BRDA:71,9,0,334
BRDA:71,9,1,535
BRDA:72,10,0,1
BRDA:72,10,1,868
BRF:20
BRH:20
end_of_record
TN:
SF:src/component/base/side-bar/index.tsx
FN:22,(anonymous_0)
FN:30,(anonymous_1)
FN:36,(anonymous_2)
FN:68,(anonymous_3)
FN:78,(anonymous_4)
FN:90,(anonymous_5)
FN:106,(anonymous_6)
FN:112,(anonymous_7)
FN:117,(anonymous_8)
FNF:9
FNH:9
FNDA:101,(anonymous_0)
FNDA:382,(anonymous_1)
FNDA:382,(anonymous_2)
FNDA:2,(anonymous_3)
FNDA:297,(anonymous_4)
FNDA:297,(anonymous_5)
FNDA:4,(anonymous_6)
FNDA:6,(anonymous_7)
FNDA:679,(anonymous_8)
DA:7,2
DA:8,2
DA:9,2
DA:10,2
DA:11,2
DA:12,2
DA:15,2
DA:23,101
DA:24,101
DA:25,101
DA:27,101
DA:30,382
DA:37,382
DA:43,382
DA:45,382
DA:46,382
DA:47,382
DA:48,382
DA:49,382
DA:51,382
DA:57,382
DA:58,382
DA:59,382
DA:61,382
DA:62,382
DA:64,382
DA:68,2
DA:79,297
DA:91,297
DA:93,297
DA:94,297
DA:95,297
DA:96,297
DA:102,297
DA:106,4
DA:113,6
DA:114,6
DA:118,679
DA:122,679
LF:39
LH:39
BRDA:48,0,0,382
BRDA:48,0,1,101
BRDA:61,1,0,101
BRDA:61,1,1,281
BRDA:61,2,0,382
BRDA:61,2,1,281
BRDA:62,3,0,101
BRDA:62,3,1,281
BRDA:74,4,0,382
BRDA:74,4,1,101
BRDA:95,5,0,297
BRDA:95,5,1,2
BRDA:118,6,0,106
BRDA:118,6,1,573
BRDA:119,7,0,5
BRDA:119,7,1,101
BRF:16
BRH:16
end_of_record
TN:
SF:src/component/extendable/memo-component/index.ts
FN:10,(anonymous_0)
FN:14,(anonymous_1)
FN:28,(anonymous_2)
FNF:3
FNH:3
FNDA:1509,(anonymous_0)
FNDA:1026,(anonymous_1)
FNDA:5807,(anonymous_2)
DA:8,1269
DA:12,1509
DA:13,1509
DA:15,1026
DA:18,1509
DA:21,1422
DA:22,1422
DA:25,1422
DA:28,1419
DA:29,5807
LF:10
LH:10
BRDA:12,0,0,518
BRDA:12,0,1,991
BRDA:13,1,0,1509
BRDA:13,1,1,514
BRDA:18,2,0,87
BRDA:18,2,1,1422
BRDA:25,3,0,3
BRDA:25,3,1,1419
BRDA:25,4,0,1422
BRDA:25,4,1,1419
BRF:10
BRH:10
end_of_record
TN:
SF:src/component/static/icon/index.tsx
FN:4,inclStaticIcon
FNF:1
FNH:1
FNDA:3749,inclStaticIcon
DA:5,3749
DA:6,3749
LF:2
LH:2
BRDA:4,0,0,420
BRDA:4,1,0,3749
BRDA:5,2,0,3329
BRDA:5,2,1,420
BRF:4
BRH:4
end_of_record
TN:
SF:src/component/view/option-edit/index.tsx
FN:27,(anonymous_0)
FN:87,(anonymous_1)
FN:93,(anonymous_2)
FN:99,(anonymous_3)
FN:161,(anonymous_4)
FN:167,(anonymous_5)
FN:178,(anonymous_6)
FN:191,(anonymous_7)
FN:192,(anonymous_8)
FN:201,(anonymous_9)
FN:236,(anonymous_10)
FN:240,(anonymous_11)
FN:244,(anonymous_12)
FNF:13
FNH:13
FNDA:94,(anonymous_0)
FNDA:38,(anonymous_1)
FNDA:38,(anonymous_2)
FNDA:38,(anonymous_3)
FNDA:1,(anonymous_4)
FNDA:1,(anonymous_5)
FNDA:1,(anonymous_6)
FNDA:13,(anonymous_7)
FNDA:1,(anonymous_8)
FNDA:1,(anonymous_9)
FNDA:188,(anonymous_10)
FNDA:94,(anonymous_11)
FNDA:94,(anonymous_12)
DA:46,94
DA:48,94
DA:49,94
DA:52,94
DA:53,94
DA:54,94
DA:57,94
DA:58,94
DA:61,94
DA:62,94
DA:63,94
DA:64,94
DA:65,94
DA:68,94
DA:69,94
DA:72,94
DA:75,94
DA:79,94
DA:87,94
DA:88,38
DA:93,94
DA:94,38
DA:99,94
DA:100,38
DA:108,94
DA:117,94
DA:161,1
DA:167,1
DA:178,1
DA:191,13
DA:192,1
DA:201,1
DA:237,188
DA:241,94
DA:245,94
LF:35
LH:35
BRDA:64,0,0,94
BRDA:64,0,1,40
BRDA:65,1,0,54
BRDA:65,1,1,40
BRDA:75,2,0,94
BRDA:75,2,1,89
BRDA:81,3,0,3
BRDA:81,3,1,91
BRDA:144,4,0,90
BRDA:144,4,1,4
BRDA:148,5,0,90
BRDA:148,5,1,4
BRDA:155,6,0,94
BRDA:155,6,1,90
BRDA:193,7,0,94
BRDA:193,7,1,56
BRDA:195,8,0,54
BRDA:195,8,1,2
BRDA:206,9,0,94
BRDA:206,9,1,38
BRF:20
BRH:20
end_of_record
TN:
SF:src/component/view/option-edit/tb-row.tsx
FN:13,(anonymous_0)
FN:49,(anonymous_1)
FN:68,(anonymous_2)
FN:77,(anonymous_3)
FN:86,(anonymous_4)
FN:94,(anonymous_5)
FN:102,(anonymous_6)
FNF:7
FNH:7
FNDA:110,(anonymous_0)
FNDA:3,(anonymous_1)
FNDA:1,(anonymous_2)
FNDA:1,(anonymous_3)
FNDA:1,(anonymous_4)
FNDA:1,(anonymous_5)
FNDA:1,(anonymous_6)
DA:13,1
DA:14,110
DA:15,110
DA:16,110
DA:25,110
DA:28,110
DA:29,110
DA:32,110
DA:35,110
DA:36,110
DA:38,110
DA:39,110
DA:40,110
DA:42,110
DA:49,3
DA:68,1
DA:77,1
DA:86,1
DA:94,1
DA:102,1
LF:20
LH:20
BRDA:38,0,0,110
BRDA:38,0,1,104
BRDA:39,1,0,110
BRDA:39,1,1,104
BRF:4
BRH:4
end_of_record
TN:
SF:src/component/view/option-list/index.tsx
FN:19,(anonymous_0)
FN:56,(anonymous_1)
FN:62,(anonymous_2)
FN:77,(anonymous_3)
FN:85,(anonymous_4)
FN:128,(anonymous_5)
FN:132,(anonymous_6)
FN:136,(anonymous_7)
FNF:8
FNH:8
FNDA:119,(anonymous_0)
FNDA:119,(anonymous_1)
FNDA:119,(anonymous_2)
FNDA:119,(anonymous_3)
FNDA:6,(anonymous_4)
FNDA:238,(anonymous_5)
FNDA:119,(anonymous_6)
FNDA:119,(anonymous_7)
DA:27,119
DA:29,119
DA:30,119
DA:33,119
DA:34,119
DA:37,119
DA:38,119
DA:41,119
DA:44,119
DA:48,119
DA:56,119
DA:57,119
DA:62,119
DA:63,119
DA:69,119
DA:77,119
DA:78,119
DA:79,119
DA:80,119
DA:85,6
DA:93,119
DA:129,238
DA:133,119
DA:137,119
LF:24
LH:24
BRDA:44,0,0,119
BRDA:44,0,1,110
BRDA:50,1,0,4
BRDA:50,1,1,115
BRF:4
BRH:4
end_of_record
TN:
SF:src/component/view/option-list/tb-row.tsx
FN:14,(anonymous_0)
FN:65,(anonymous_1)
FN:75,(anonymous_2)
FN:89,(anonymous_3)
FN:97,(anonymous_4)
FN:110,(anonymous_5)
FN:118,(anonymous_6)
FN:126,(anonymous_7)
FN:134,(anonymous_8)
FN:142,(anonymous_9)
FN:149,(anonymous_10)
FN:156,(anonymous_11)
FNF:12
FNH:12
FNDA:415,(anonymous_0)
FNDA:4,(anonymous_1)
FNDA:6,(anonymous_2)
FNDA:1,(anonymous_3)
FNDA:1,(anonymous_4)
FNDA:1,(anonymous_5)
FNDA:1,(anonymous_6)
FNDA:1,(anonymous_7)
FNDA:1,(anonymous_8)
FNDA:2,(anonymous_9)
FNDA:29,(anonymous_10)
FNDA:6,(anonymous_11)
DA:14,1
DA:18,415
DA:19,415
DA:20,415
DA:35,415
DA:38,415
DA:39,415
DA:40,415
DA:41,415
DA:42,415
DA:45,415
DA:46,415
DA:50,415
DA:51,415
DA:54,415
DA:55,415
DA:56,415
DA:58,415
DA:65,4
DA:75,6
DA:89,1
DA:97,1
DA:110,1
DA:118,1
DA:126,1
DA:134,1
DA:142,2
DA:149,29
DA:156,6
LF:29
LH:29
BRDA:40,0,0,393
BRDA:40,0,1,22
BRDA:41,1,0,393
BRDA:41,1,1,22
BRDA:42,2,0,393
BRDA:42,2,1,22
BRDA:51,3,0,415
BRDA:51,3,1,393
BRDA:55,4,0,415
BRDA:55,4,1,403
BRDA:56,5,0,415
BRDA:56,5,1,403
BRDA:61,6,0,415
BRDA:61,6,1,393
BRDA:68,7,0,415
BRDA:68,7,1,393
BRDA:73,8,0,8
BRDA:73,8,1,385
BRDA:81,9,0,415
BRDA:81,9,1,393
BRDA:136,10,0,415
BRDA:136,10,1,393
BRDA:159,11,0,415
BRDA:159,11,1,391
BRDA:159,11,2,8
BRF:25
BRH:25
end_of_record
TN:
SF:src/component/widget/data-grid/index.tsx
FN:37,(anonymous_0)
FN:42,(anonymous_1)
FN:48,(anonymous_2)
FN:73,(anonymous_3)
FN:103,(anonymous_4)
FN:135,(anonymous_5)
FN:160,(anonymous_6)
FN:161,(anonymous_7)
FN:169,(anonymous_8)
FN:170,(anonymous_9)
FN:173,(anonymous_10)
FN:195,(anonymous_11)
FN:205,(anonymous_12)
FN:215,(anonymous_13)
FN:223,(anonymous_14)
FN:227,(anonymous_15)
FN:236,(anonymous_16)
FN:240,(anonymous_17)
FN:254,(anonymous_18)
FN:266,(anonymous_19)
FN:282,(anonymous_20)
FN:283,(anonymous_21)
FNF:22
FNH:22
FNDA:116,(anonymous_0)
FNDA:86,(anonymous_1)
FNDA:162,(anonymous_2)
FNDA:161,(anonymous_3)
FNDA:682,(anonymous_4)
FNDA:100,(anonymous_5)
FNDA:158,(anonymous_6)
FNDA:278,(anonymous_7)
FNDA:277,(anonymous_8)
FNDA:1677,(anonymous_9)
FNDA:1681,(anonymous_10)
FNDA:159,(anonymous_11)
FNDA:159,(anonymous_12)
FNDA:159,(anonymous_13)
FNDA:1839,(anonymous_14)
FNDA:158,(anonymous_15)
FNDA:315,(anonymous_16)
FNDA:317,(anonymous_17)
FNDA:393,(anonymous_18)
FNDA:160,(anonymous_19)
FNDA:826,(anonymous_20)
FNDA:4,(anonymous_21)
DA:17,2
DA:28,116
DA:29,116
DA:30,116
DA:31,116
DA:32,116
DA:35,2
DA:38,116
DA:39,116
DA:43,86
DA:44,86
DA:45,86
DA:49,162
DA:50,162
DA:51,162
DA:52,162
DA:53,162
DA:55,162
DA:56,162
DA:57,162
DA:58,162
DA:59,162
DA:60,162
DA:61,162
DA:62,162
DA:64,162
DA:74,161
DA:75,161
DA:76,161
DA:77,161
DA:78,161
DA:79,161
DA:80,161
DA:87,161
DA:99,161
DA:104,682
DA:105,472
DA:107,682
DA:136,100
DA:137,100
DA:138,100
DA:139,100
DA:140,100
DA:141,100
DA:142,100
DA:143,100
DA:145,100
DA:161,158
DA:162,278
DA:163,278
DA:164,278
DA:165,278
DA:170,1677
DA:174,1681
DA:175,1681
DA:176,1681
DA:177,1681
DA:178,1681
DA:196,159
DA:197,159
DA:198,159
DA:199,159
DA:200,159
DA:201,159
DA:206,159
DA:207,159
DA:208,159
DA:209,159
DA:216,159
DA:224,1839
DA:228,158
DA:229,158
DA:230,158
DA:236,315
DA:241,317
DA:242,317
DA:244,316
DA:245,316
DA:251,316
DA:255,393
DA:256,393
DA:257,393
DA:258,393
DA:267,160
DA:268,160
DA:270,121
DA:271,121
DA:283,826
DA:284,4
DA:285,4
LF:90
LH:90
BRDA:60,0,0,158
BRDA:60,0,1,4
BRDA:66,1,0,162
BRDA:66,1,1,120
BRDA:67,2,0,159
BRDA:67,2,1,3
BRDA:77,3,0,160
BRDA:77,3,1,1
BRDA:78,4,0,122
BRDA:78,4,1,39
BRDA:79,5,0,160
BRDA:79,5,1,1
BRDA:80,6,0,160
BRDA:80,6,1,1
BRDA:81,7,0,159
BRDA:81,7,1,1
BRDA:90,8,0,160
BRDA:90,8,1,1
BRDA:92,9,0,160
BRDA:92,9,1,1
BRDA:94,10,0,122
BRDA:94,10,1,39
BRDA:95,11,0,122
BRDA:95,11,1,39
BRDA:95,12,0,161
BRDA:95,12,1,122
BRDA:99,13,0,75
BRDA:99,13,1,86
BRDA:104,14,0,472
BRDA:104,14,1,210
BRDA:148,15,0,100
BRDA:148,15,1,85
BRDA:148,15,2,71
BRDA:150,16,0,100
BRDA:150,16,1,39
BRDA:152,17,0,100
BRDA:152,17,1,13
BRDA:153,18,0,100
BRDA:153,18,1,39
BRDA:153,18,2,11
BRDA:163,19,0,158
BRDA:163,19,1,120
BRDA:165,20,0,158
BRDA:165,20,1,120
BRDA:185,21,0,392
BRDA:185,21,1,1289
BRDA:186,22,0,1680
BRDA:186,22,1,1
BRDA:189,23,0,392
BRDA:189,23,1,1289
BRDA:190,24,0,392
BRDA:190,24,1,1289
BRDA:198,25,0,159
BRDA:198,25,1,39
BRDA:199,26,0,159
BRDA:199,26,1,39
BRDA:200,27,0,120
BRDA:200,27,1,39
BRDA:208,28,0,158
BRDA:208,28,1,1
BRDA:217,29,0,159
BRDA:217,29,1,158
BRDA:218,30,0,159
BRDA:218,30,1,158
BRDA:224,31,0,1839
BRDA:224,31,1,1830
BRDA:242,32,0,1
BRDA:242,32,1,316
BRDA:244,33,0,316
BRDA:244,33,1,1
BRDA:257,34,0,393
BRDA:257,34,1,1
BRDA:268,35,0,39
BRDA:268,35,1,121
BRDA:270,36,0,121
BRDA:270,36,1,1
BRF:76
BRH:76
end_of_record
TN:
SF:src/component/widget/data-grid/contextual-header/index.tsx
FN:9,(anonymous_0)
FN:15,(anonymous_1)
FN:19,(anonymous_2)
FN:20,(anonymous_3)
FN:33,(anonymous_4)
FN:41,(anonymous_5)
FN:53,(anonymous_6)
FN:57,(anonymous_7)
FN:63,(anonymous_8)
FNF:9
FNH:9
FNDA:164,(anonymous_0)
FNDA:160,(anonymous_1)
FNDA:163,(anonymous_2)
FNDA:1503,(anonymous_3)
FNDA:3,(anonymous_4)
FNDA:9,(anonymous_5)
FNDA:1,(anonymous_6)
FNDA:2,(anonymous_7)
FNDA:1515,(anonymous_8)
DA:6,3
DA:10,164
DA:11,164
DA:12,164
DA:16,160
DA:18,160
DA:20,163
DA:21,1503
DA:34,3
DA:35,3
DA:37,3
DA:42,9
DA:54,1
DA:55,1
DA:58,2
DA:60,1
DA:64,1515
DA:65,1515
DA:68,1515
DA:69,472
DA:70,472
DA:74,1043
LF:22
LH:22
BRDA:11,0,0,164
BRDA:11,0,1,1
BRDA:12,1,0,161
BRDA:12,1,1,3
BRDA:68,2,0,472
BRDA:68,2,1,1043
BRDA:69,3,0,315
BRDA:69,3,1,157
BRDA:69,4,0,472
BRDA:69,4,1,315
BRDA:75,5,0,722
BRDA:75,5,1,321
BRDA:76,6,0,1043
BRDA:76,6,1,14
BRDA:76,6,2,14
BRF:15
BRH:15
end_of_record
TN:
SF:src/component/widget/data-grid/contextual-pagination/index.tsx
FN:16,(anonymous_0)
FN:48,(anonymous_1)
FN:50,(anonymous_2)
FN:51,(anonymous_3)
FN:54,(anonymous_4)
FN:64,(anonymous_5)
FN:73,(anonymous_6)
FNF:7
FNH:7
FNDA:122,(anonymous_0)
FNDA:241,(anonymous_1)
FNDA:492,(anonymous_2)
FNDA:137,(anonymous_3)
FNDA:477,(anonymous_4)
FNDA:240,(anonymous_5)
FNDA:2,(anonymous_6)
DA:11,3
DA:12,3
DA:13,3
DA:21,122
DA:27,122
DA:28,122
DA:30,122
DA:31,122
DA:32,122
DA:33,122
DA:35,122
DA:49,241
DA:50,492
DA:51,137
DA:55,477
DA:56,477
DA:65,240
DA:66,240
DA:73,2
LF:19
LH:19
BRDA:49,0,0,120
BRDA:49,0,1,121
BRDA:51,1,0,136
BRDA:51,1,1,1
BRDA:67,2,0,120
BRDA:67,2,1,120
BRF:6
BRH:6
end_of_record
TN:
SF:src/component/widget/modal/index.tsx
FN:23,(anonymous_0)
FN:27,(anonymous_1)
FN:67,(anonymous_2)
FN:71,(anonymous_3)
FNF:4
FNH:4
FNDA:79,(anonymous_0)
FNDA:320,(anonymous_1)
FNDA:314,(anonymous_2)
FNDA:7,(anonymous_3)
DA:7,2
DA:21,2
DA:24,79
DA:33,320
DA:35,320
DA:68,314
DA:72,7
DA:73,7
DA:74,7
LF:9
LH:9
BRDA:35,0,0,320
BRDA:35,0,1,39
BRDA:39,1,0,39
BRDA:39,1,1,11
BRDA:43,2,0,39
BRDA:43,2,1,6
BRDA:43,2,2,36
BRDA:44,3,0,36
BRDA:44,3,1,33
BRDA:49,4,0,36
BRDA:49,4,1,36
BRDA:68,5,0,314
BRDA:68,5,1,311
BRDA:68,5,2,310
BRDA:74,6,0,6
BRDA:74,6,1,1
BRF:16
BRH:16
end_of_record
TN:
SF:src/constant/code-exec-stage-list/index.ts
FNF:0
FNH:0
DA:1,1
LF:1
LH:1
BRF:0
BRH:0
end_of_record
TN:
SF:src/constant/hint-msg-set/index.ts
FNF:0
FNH:0
DA:1,1
LF:1
LH:1
BRF:0
BRH:0
end_of_record
TN:
SF:src/constant/lib-type-list/index.ts
FNF:0
FNH:0
DA:1,1
LF:1
LH:1
BRF:0
BRH:0
end_of_record
TN:
SF:src/constant/modal-set/index.ts
FNF:0
FNH:0
DA:1,4
LF:1
LH:1
BRF:0
BRH:0
end_of_record
TN:
SF:src/constant/result-per-page-list/index.ts
FNF:0
FNH:0
DA:1,7
LF:1
LH:1
BRF:0
BRH:0
end_of_record
TN:
SF:src/constant/url-set/index.ts
FNF:0
FNH:0
DA:1,1
LF:1
LH:1
BRF:0
BRH:0
end_of_record
TN:
SF:src/constant/validation-set/index.ts
FNF:0
FNH:0
DA:3,1
DA:5,1
LF:2
LH:2
BRF:0
BRH:0
end_of_record
TN:
SF:src/handle/app-state/index.ts
FNF:0
FNH:0
DA:8,2
LF:1
LH:1
BRF:0
BRH:0
end_of_record
TN:
SF:src/handle/app-state/modal/index.ts
FN:26,(anonymous_0)
FN:40,(anonymous_1)
FN:52,(anonymous_2)
FN:58,(anonymous_3)
FN:67,(anonymous_4)
FN:73,(anonymous_5)
FN:80,(anonymous_6)
FN:95,(anonymous_7)
FN:116,(anonymous_8)
FN:122,(anonymous_9)
FN:134,(anonymous_10)
FN:140,(anonymous_11)
FN:156,(anonymous_12)
FN:172,(anonymous_13)
FN:188,(anonymous_14)
FN:204,(anonymous_15)
FN:220,(anonymous_16)
FN:233,(anonymous_17)
FN:239,(anonymous_18)
FN:258,(anonymous_19)
FN:278,(anonymous_20)
FN:322,(anonymous_21)
FN:328,(anonymous_22)
FN:347,(anonymous_23)
FN:385,(anonymous_24)
FN:455,(anonymous_25)
FN:485,(anonymous_26)
FN:494,(anonymous_27)
FN:524,(anonymous_28)
FN:552,(anonymous_29)
FN:570,(anonymous_30)
FN:584,(anonymous_31)
FN:607,(anonymous_32)
FN:635,(anonymous_33)
FN:660,(anonymous_34)
FN:680,(anonymous_35)
FN:701,(anonymous_36)
FNF:37
FNH:37
FNDA:34,(anonymous_0)
FNDA:68,(anonymous_1)
FNDA:1,(anonymous_2)
FNDA:1,(anonymous_3)
FNDA:1,(anonymous_4)
FNDA:1,(anonymous_5)
FNDA:1,(anonymous_6)
FNDA:1,(anonymous_7)
FNDA:1,(anonymous_8)
FNDA:1,(anonymous_9)
FNDA:1,(anonymous_10)
FNDA:1,(anonymous_11)
FNDA:1,(anonymous_12)
FNDA:1,(anonymous_13)
FNDA:1,(anonymous_14)
FNDA:1,(anonymous_15)
FNDA:1,(anonymous_16)
FNDA:4,(anonymous_17)
FNDA:2,(anonymous_18)
FNDA:6,(anonymous_19)
FNDA:4,(anonymous_20)
FNDA:3,(anonymous_21)
FNDA:2,(anonymous_22)
FNDA:15,(anonymous_23)
FNDA:20,(anonymous_24)
FNDA:8,(anonymous_25)
FNDA:9,(anonymous_26)
FNDA:14,(anonymous_27)
FNDA:3,(anonymous_28)
FNDA:2,(anonymous_29)
FNDA:4,(anonymous_30)
FNDA:5,(anonymous_31)
FNDA:2,(anonymous_32)
FNDA:2,(anonymous_33)
FNDA:10,(anonymous_34)
FNDA:10,(anonymous_35)
FNDA:20,(anonymous_36)
DA:20,4
DA:21,4
DA:27,34
DA:28,34
DA:29,34
DA:42,68
DA:43,68
DA:53,1
DA:59,1
DA:60,1
DA:61,1
DA:62,1
DA:63,1
DA:64,1
DA:68,1
DA:74,1
DA:75,1
DA:76,1
DA:77,1
DA:81,1
DA:82,1
DA:96,1
DA:97,1
DA:99,1
DA:117,1
DA:123,1
DA:124,1
DA:130,1
DA:131,1
DA:135,1
DA:136,1
DA:137,1
DA:141,1
DA:142,1
DA:143,1
DA:152,1
DA:153,1
DA:157,1
DA:158,1
DA:159,1
DA:168,1
DA:169,1
DA:173,1
DA:174,1
DA:175,1
DA:184,1
DA:185,1
DA:189,1
DA:190,1
DA:191,1
DA:200,1
DA:201,1
DA:205,1
DA:206,1
DA:207,1
DA:216,1
DA:217,1
DA:221,1
DA:227,1
DA:228,1
DA:234,4
DA:240,2
DA:241,2
DA:243,2
DA:244,2
DA:245,2
DA:246,2
DA:247,2
DA:248,2
DA:250,2
DA:259,6
DA:260,6
DA:264,6
DA:279,4
DA:280,4
DA:281,4
DA:284,4
DA:285,4
DA:286,4
DA:287,4
DA:288,4
DA:289,4
DA:291,4
DA:296,4
DA:298,2
DA:299,2
DA:300,2
DA:302,2
DA:315,2
DA:323,3
DA:329,2
DA:330,2
DA:331,2
DA:332,2
DA:333,2
DA:334,2
DA:335,2
DA:336,2
DA:338,2
DA:348,15
DA:349,15
DA:350,15
DA:352,15
DA:356,15
DA:377,15
DA:386,20
DA:387,20
DA:390,20
DA:391,20
DA:394,20
DA:397,20
DA:399,20
DA:400,20
DA:406,20
DA:407,12
DA:408,12
DA:411,12
DA:412,12
DA:415,12
DA:419,12
DA:432,8
DA:433,2
DA:442,6
DA:443,6
DA:456,8
DA:457,8
DA:458,8
DA:460,8
DA:477,8
DA:486,9
DA:487,9
DA:488,9
DA:491,9
DA:492,9
DA:493,9
DA:494,14
DA:495,9
DA:498,9
DA:501,9
DA:502,9
DA:505,9
DA:510,9
DA:525,3
DA:526,3
DA:527,3
DA:544,3
DA:553,2
DA:554,2
DA:555,2
DA:556,2
DA:558,2
DA:571,4
DA:572,4
DA:576,4
DA:585,5
DA:586,5
DA:587,5
DA:589,5
DA:592,5
DA:594,5
DA:608,2
DA:609,2
DA:611,2
DA:612,2
DA:613,2
DA:614,2
DA:615,2
DA:617,2
DA:636,2
DA:637,2
DA:638,2
DA:639,2
DA:640,2
DA:641,2
DA:645,2
DA:647,2
DA:661,10
DA:662,10
DA:663,10
DA:664,10
DA:681,10
DA:682,10
DA:683,10
DA:684,10
DA:702,20
LF:185
LH:185
BRDA:264,0,0,3
BRDA:264,0,1,3
BRDA:280,1,0,2
BRDA:280,1,1,2
BRDA:296,2,0,2
BRDA:296,2,1,2
BRDA:356,3,0,8
BRDA:356,3,1,7
BRDA:377,4,0,2
BRDA:377,4,1,13
BRDA:390,5,0,12
BRDA:390,5,1,8
BRDA:394,6,0,6
BRDA:394,6,1,14
BRDA:406,7,0,12
BRDA:406,7,1,8
BRDA:415,8,0,7
BRDA:415,8,1,5
BRDA:432,9,0,2
BRDA:432,9,1,6
BRDA:432,10,0,8
BRDA:432,10,1,8
BRDA:477,11,0,1
BRDA:477,11,1,7
BRDA:495,12,0,5
BRDA:495,12,1,4
BRDA:544,13,0,1
BRDA:544,13,1,2
BRDA:576,14,0,1
BRDA:576,14,1,3
BRDA:589,15,0,2
BRDA:589,15,1,3
BRDA:669,16,0,10
BRDA:669,16,1,6
BRDA:689,17,0,10
BRDA:689,17,1,6
BRDA:702,18,0,6
BRDA:702,18,1,14
BRDA:703,19,0,5
BRDA:703,19,1,1
BRF:40
BRH:40
end_of_record
TN:
SF:src/handle/app-state/option-edit-view/index.ts
FN:25,(anonymous_0)
FN:36,(anonymous_1)
FN:67,(anonymous_2)
FN:97,(anonymous_3)
FN:128,(anonymous_4)
FN:135,(anonymous_5)
FN:154,(anonymous_6)
FN:172,(anonymous_7)
FN:189,(anonymous_8)
FN:216,(anonymous_9)
FN:238,(anonymous_10)
FN:248,(anonymous_11)
FN:257,(anonymous_12)
FNF:13
FNH:13
FNDA:2,(anonymous_0)
FNDA:6,(anonymous_1)
FNDA:4,(anonymous_2)
FNDA:4,(anonymous_3)
FNDA:14,(anonymous_4)
FNDA:5,(anonymous_5)
FNDA:4,(anonymous_6)
FNDA:3,(anonymous_7)
FNDA:4,(anonymous_8)
FNDA:3,(anonymous_9)
FNDA:2,(anonymous_10)
FNDA:2,(anonymous_11)
FNDA:2,(anonymous_12)
DA:21,3
DA:27,2
DA:37,6
DA:38,6
DA:41,6
DA:42,6
DA:43,6
DA:46,6
DA:47,6
DA:50,6
DA:52,6
DA:68,4
DA:69,4
DA:70,4
DA:71,4
DA:86,4
DA:89,2
DA:90,2
DA:91,2
DA:98,4
DA:99,4
DA:100,4
DA:101,4
DA:116,4
DA:119,2
DA:120,2
DA:121,2
DA:129,14
DA:130,14
DA:131,14
DA:132,14
DA:136,5
DA:137,5
DA:139,1
DA:140,1
DA:142,2
DA:143,2
DA:145,1
DA:146,1
DA:148,1
DA:150,4
DA:151,4
DA:155,4
DA:156,4
DA:157,4
DA:159,2
DA:160,2
DA:162,1
DA:163,1
DA:165,1
DA:167,3
DA:168,3
DA:173,3
DA:174,3
DA:175,3
DA:190,4
DA:191,4
DA:192,4
DA:193,4
DA:202,4
DA:217,3
DA:218,3
DA:219,3
DA:224,3
DA:239,2
DA:240,2
DA:244,2
DA:245,2
DA:249,2
DA:253,2
DA:254,2
DA:258,2
DA:262,2
DA:263,2
LF:74
LH:74
BRDA:41,0,0,4
BRDA:41,0,1,2
BRDA:42,1,0,4
BRDA:42,1,1,2
BRDA:86,2,0,2
BRDA:86,2,1,2
BRDA:116,3,0,2
BRDA:116,3,1,2
BRDA:137,4,0,1
BRDA:137,4,1,2
BRDA:137,4,2,1
BRDA:137,4,3,1
BRDA:157,5,0,2
BRDA:157,5,1,1
BRDA:157,5,2,1
BRF:15
BRH:15
end_of_record
TN:
SF:src/handle/app-state/option-list-view/index.ts
FN:15,(anonymous_0)
FN:28,(anonymous_1)
FN:40,(anonymous_2)
FN:63,(anonymous_3)
FN:79,(anonymous_4)
FN:114,(anonymous_5)
FN:135,(anonymous_6)
FN:154,(anonymous_7)
FN:180,(anonymous_8)
FN:187,(anonymous_9)
FN:194,(anonymous_10)
FN:201,(anonymous_11)
FN:207,(anonymous_12)
FN:213,(anonymous_13)
FNF:14
FNH:14
FNDA:7,(anonymous_0)
FNDA:2,(anonymous_1)
FNDA:1,(anonymous_2)
FNDA:1,(anonymous_3)
FNDA:5,(anonymous_4)
FNDA:6,(anonymous_5)
FNDA:8,(anonymous_6)
FNDA:30,(anonymous_7)
FNDA:3,(anonymous_8)
FNDA:3,(anonymous_9)
FNDA:3,(anonymous_10)
FNDA:4,(anonymous_11)
FNDA:4,(anonymous_12)
FNDA:4,(anonymous_13)
DA:11,4
DA:16,7
DA:17,7
DA:29,2
DA:41,1
DA:64,1
DA:65,1
DA:80,5
DA:81,5
DA:85,5
DA:88,5
DA:89,5
DA:99,5
DA:115,6
DA:116,6
DA:117,6
DA:121,6
DA:136,8
DA:137,8
DA:138,8
DA:140,8
DA:155,30
DA:158,30
DA:159,30
DA:160,30
DA:162,30
DA:181,3
DA:182,3
DA:183,3
DA:188,3
DA:189,3
DA:190,3
DA:195,3
DA:196,3
DA:197,3
DA:198,3
DA:202,4
DA:203,4
DA:204,4
DA:208,4
DA:209,4
DA:210,4
DA:214,4
DA:215,4
DA:216,4
LF:45
LH:45
BRDA:147,0,0,2
BRDA:147,0,1,6
BRF:2
BRH:2
end_of_record
TN:
SF:src/handle/app-state/popup-view/index.ts
FN:9,(anonymous_0)
FN:14,(anonymous_1)
FN:20,(anonymous_2)
FN:27,(anonymous_3)
FN:34,(anonymous_4)
FN:39,(anonymous_5)
FNF:6
FNH:6
FNDA:2,(anonymous_0)
FNDA:3,(anonymous_1)
FNDA:2,(anonymous_2)
FNDA:2,(anonymous_3)
FNDA:2,(anonymous_4)
FNDA:4,(anonymous_5)
DA:10,2
DA:11,2
DA:15,3
DA:16,3
DA:17,3
DA:21,2
DA:22,2
DA:23,2
DA:24,2
DA:28,2
DA:29,2
DA:30,2
DA:31,2
DA:35,2
DA:36,2
DA:40,4
DA:41,4
DA:44,4
DA:45,4
LF:19
LH:19
BRDA:41,0,0,2
BRDA:41,0,1,2
BRF:2
BRH:2
end_of_record
TN:
SF:src/handle/app-state/url-to-app-state/index.ts
FN:30,(anonymous_0)
FN:54,(anonymous_1)
FN:67,(anonymous_2)
FN:84,(anonymous_3)
FNF:4
FNH:4
FNDA:6,(anonymous_0)
FNDA:3,(anonymous_1)
FNDA:2,(anonymous_2)
FNDA:4,(anonymous_3)
DA:8,1
DA:9,1
DA:25,1
DA:26,1
DA:27,1
DA:32,6
DA:33,6
DA:35,1
DA:38,5
DA:39,5
DA:41,4
DA:43,1
DA:45,1
DA:47,1
DA:49,1
DA:55,3
DA:56,3
DA:57,3
DA:59,2
DA:60,2
DA:61,2
DA:62,2
DA:64,1
DA:68,2
DA:69,2
DA:71,1
DA:72,1
DA:73,1
DA:85,4
DA:86,4
DA:87,4
DA:89,1
DA:90,1
DA:91,1
DA:92,1
DA:104,1
LF:36
LH:36
BRDA:39,0,0,1
BRDA:39,0,1,4
BRDA:41,1,0,1
BRDA:41,1,1,1
BRDA:41,1,2,1
BRDA:41,1,3,1
BRDA:57,2,0,1
BRDA:57,2,1,2
BRDA:62,3,0,1
BRDA:62,3,1,1
BRDA:69,4,0,1
BRDA:69,4,1,1
BRDA:87,5,0,3
BRDA:87,5,1,1
BRDA:87,6,0,4
BRDA:87,6,1,2
BRF:16
BRH:16
end_of_record
TN:
SF:src/handle/chrome/index.ts
FN:9,(anonymous_0)
FN:18,(anonymous_1)
FN:26,(anonymous_2)
FN:34,(anonymous_3)
FN:41,(anonymous_4)
FN:59,(anonymous_5)
FN:64,(anonymous_6)
FN:73,(anonymous_7)
FN:80,(anonymous_8)
FN:90,(anonymous_9)
FN:95,(anonymous_10)
FN:119,(anonymous_11)
FN:121,(anonymous_12)
FN:127,(anonymous_13)
FN:136,(anonymous_14)
FN:145,(anonymous_15)
FN:160,(anonymous_16)
FN:161,(anonymous_17)
FN:167,(anonymous_18)
FN:168,(anonymous_19)
FN:177,(anonymous_20)
FN:178,(anonymous_21)
FN:181,(anonymous_22)
FN:183,(anonymous_23)
FN:189,(anonymous_24)
FNF:25
FNH:25
FNDA:10,(anonymous_0)
FNDA:2,(anonymous_1)
FNDA:2,(anonymous_2)
FNDA:1,(anonymous_3)
FNDA:66,(anonymous_4)
FNDA:1,(anonymous_5)
FNDA:5,(anonymous_6)
FNDA:2,(anonymous_7)
FNDA:1,(anonymous_8)
FNDA:4,(anonymous_9)
FNDA:4,(anonymous_10)
FNDA:2,(anonymous_11)
FNDA:1,(anonymous_12)
FNDA:9,(anonymous_13)
FNDA:2,(anonymous_14)
FNDA:4,(anonymous_15)
FNDA:1,(anonymous_16)
FNDA:1,(anonymous_17)
FNDA:1,(anonymous_18)
FNDA:1,(anonymous_19)
FNDA:1,(anonymous_20)
FNDA:1,(anonymous_21)
FNDA:1,(anonymous_22)
FNDA:1,(anonymous_23)
FNDA:2,(anonymous_24)
DA:6,10
DA:7,10
DA:10,10
DA:11,1
DA:19,2
DA:20,2
DA:21,1
DA:22,1
DA:27,2
DA:28,2
DA:29,2
DA:35,1
DA:42,66
DA:45,2
DA:46,1
DA:47,1
DA:48,1
DA:50,1
DA:53,2
DA:60,1
DA:61,1
DA:65,5
DA:66,5
DA:74,2
DA:75,2
DA:81,1
DA:91,4
DA:92,4
DA:93,4
DA:95,4
DA:96,4
DA:99,4
DA:100,2
DA:101,1
DA:108,2
DA:109,2
DA:110,1
DA:113,4
DA:120,2
DA:121,2
DA:128,9
DA:129,9
DA:137,2
DA:138,2
DA:146,4
DA:147,4
DA:148,4
DA:149,4
DA:150,4
DA:151,4
DA:156,4
DA:161,1
DA:162,1
DA:163,1
DA:168,1
DA:169,1
DA:170,1
DA:178,1
DA:183,1
DA:184,1
DA:185,1
DA:190,2
DA:191,2
DA:195,8
LF:64
LH:64
BRDA:7,0,0,10
BRDA:7,0,1,2
BRDA:10,1,0,9
BRDA:10,1,1,1
BRDA:20,2,0,1
BRDA:20,2,1,1
BRDA:29,3,0,1
BRDA:29,3,1,1
BRDA:41,4,0,65
BRDA:42,5,0,64
BRDA:42,5,1,2
BRDA:45,6,0,1
BRDA:45,6,1,1
BRDA:66,7,0,5
BRDA:66,7,1,3
BRDA:66,7,2,1
BRDA:66,7,3,1
BRDA:66,7,4,1
BRDA:73,8,0,1
BRDA:99,9,0,2
BRDA:99,9,1,2
BRDA:100,10,0,1
BRDA:100,10,1,1
BRDA:109,11,0,1
BRDA:109,11,1,1
BRDA:151,12,0,1
BRDA:151,12,1,3
BRDA:153,13,0,1
BRDA:153,13,1,2
BRF:29
BRH:29
end_of_record
TN:
SF:src/handle/code-runner/index.ts
FN:9,(anonymous_0)
FN:11,(anonymous_1)
FN:19,(anonymous_2)
FN:28,(anonymous_3)
FN:34,(anonymous_4)
FN:47,(anonymous_5)
FN:53,(anonymous_6)
FN:66,(anonymous_7)
FN:79,(anonymous_8)
FN:84,(anonymous_9)
FN:106,(anonymous_10)
FN:114,(anonymous_11)
FN:121,(anonymous_12)
FN:139,(anonymous_13)
FN:140,(anonymous_14)
FNF:15
FNH:15
FNDA:3,(anonymous_0)
FNDA:3,(anonymous_1)
FNDA:2,(anonymous_2)
FNDA:2,(anonymous_3)
FNDA:2,(anonymous_4)
FNDA:1,(anonymous_5)
FNDA:1,(anonymous_6)
FNDA:1,(anonymous_7)
FNDA:3,(anonymous_8)
FNDA:3,(anonymous_9)
FNDA:1,(anonymous_10)
FNDA:1,(anonymous_11)
FNDA:4,(anonymous_12)
FNDA:1,(anonymous_13)
FNDA:1,(anonymous_14)
DA:6,1
DA:10,3
DA:11,3
DA:13,3
DA:14,3
DA:15,3
DA:16,2
DA:19,2
DA:20,2
DA:21,2
DA:22,2
DA:23,1
DA:29,2
DA:40,2
DA:42,2
DA:43,2
DA:44,2
DA:48,1
DA:49,1
DA:54,1
DA:55,1
DA:56,1
DA:57,1
DA:67,1
DA:68,1
DA:69,1
DA:70,1
DA:80,3
DA:81,3
DA:82,3
DA:84,3
DA:85,3
DA:86,3
DA:87,2
DA:88,2
DA:90,3
DA:97,3
DA:107,1
DA:108,1
DA:109,1
DA:110,1
DA:111,1
DA:115,1
DA:116,1
DA:117,1
DA:118,1
DA:122,4
DA:123,4
DA:124,2
DA:126,2
DA:127,2
DA:134,2
DA:140,1
DA:141,1
DA:142,1
DA:144,1
DA:148,1
LF:57
LH:57
BRDA:15,0,0,1
BRDA:15,0,1,2
BRDA:22,1,0,1
BRDA:22,1,1,1
BRDA:29,2,0,1
BRDA:29,2,1,1
BRDA:42,3,0,2
BRDA:42,3,1,1
BRDA:43,4,0,2
BRDA:43,4,1,1
BRDA:44,5,0,2
BRDA:44,5,1,1
BRDA:86,6,0,1
BRDA:86,6,1,2
BRDA:87,7,0,2
BRDA:87,7,1,1
BRDA:88,8,0,2
BRDA:88,8,1,1
BRDA:90,9,0,3
BRDA:90,9,1,2
BRDA:97,10,0,3
BRDA:97,10,1,2
BRDA:123,11,0,4
BRDA:123,11,1,3
BRDA:124,12,0,2
BRDA:124,12,1,1
BRDA:126,13,0,1
BRDA:126,13,1,1
BRF:28
BRH:28
end_of_record
TN:
SF:src/handle/data/index.ts
FN:7,(anonymous_0)
FN:9,(anonymous_1)
FN:14,(anonymous_2)
FN:21,(anonymous_3)
FN:22,(anonymous_4)
FN:27,(anonymous_5)
FN:46,(anonymous_6)
FN:49,(anonymous_7)
FN:51,(anonymous_8)
FN:58,(anonymous_9)
FN:59,(anonymous_10)
FN:65,(anonymous_11)
FN:70,(anonymous_12)
FN:78,(anonymous_13)
FN:81,(anonymous_14)
FN:86,(anonymous_15)
FN:94,(anonymous_16)
FN:102,(anonymous_17)
FN:111,(anonymous_18)
FN:121,(anonymous_19)
FN:139,(anonymous_20)
FN:144,(anonymous_21)
FN:149,(anonymous_22)
FN:154,(anonymous_23)
FN:159,(anonymous_24)
FN:164,(anonymous_25)
FN:169,(anonymous_26)
FN:174,(anonymous_27)
FN:179,(anonymous_28)
FN:184,(anonymous_29)
FN:189,(anonymous_30)
FN:194,(anonymous_31)
FN:199,(anonymous_32)
FN:204,(anonymous_33)
FN:209,(anonymous_34)
FN:215,(anonymous_35)
FN:220,(anonymous_36)
FN:226,(anonymous_37)
FN:235,(anonymous_38)
FN:240,(anonymous_39)
FN:245,(anonymous_40)
FN:254,(anonymous_41)
FN:255,(anonymous_42)
FN:256,(anonymous_43)
FN:262,(anonymous_44)
FN:263,(anonymous_45)
FN:264,(anonymous_46)
FN:270,(anonymous_47)
FN:272,(anonymous_48)
FN:273,(anonymous_49)
FN:280,(anonymous_50)
FN:282,(anonymous_51)
FN:283,(anonymous_52)
FN:288,(anonymous_53)
FN:295,(anonymous_54)
FN:302,(anonymous_55)
FN:307,(anonymous_56)
FNF:57
FNH:57
FNDA:121,(anonymous_0)
FNDA:129,(anonymous_1)
FNDA:13,(anonymous_2)
FNDA:1,(anonymous_3)
FNDA:2,(anonymous_4)
FNDA:4,(anonymous_5)
FNDA:379,(anonymous_6)
FNDA:694,(anonymous_7)
FNDA:13,(anonymous_8)
FNDA:1,(anonymous_9)
FNDA:6,(anonymous_10)
FNDA:129,(anonymous_11)
FNDA:61,(anonymous_12)
FNDA:63,(anonymous_13)
FNDA:121,(anonymous_14)
FNDA:123,(anonymous_15)
FNDA:4,(anonymous_16)
FNDA:6,(anonymous_17)
FNDA:6,(anonymous_18)
FNDA:8,(anonymous_19)
FNDA:2,(anonymous_20)
FNDA:2,(anonymous_21)
FNDA:2,(anonymous_22)
FNDA:3,(anonymous_23)
FNDA:3,(anonymous_24)
FNDA:3,(anonymous_25)
FNDA:14,(anonymous_26)
FNDA:4,(anonymous_27)
FNDA:5,(anonymous_28)
FNDA:4,(anonymous_29)
FNDA:2,(anonymous_30)
FNDA:1,(anonymous_31)
FNDA:2,(anonymous_32)
FNDA:2,(anonymous_33)
FNDA:2,(anonymous_34)
FNDA:2,(anonymous_35)
FNDA:3,(anonymous_36)
FNDA:2,(anonymous_37)
FNDA:10,(anonymous_38)
FNDA:6,(anonymous_39)
FNDA:2,(anonymous_40)
FNDA:5,(anonymous_41)
FNDA:10,(anonymous_42)
FNDA:10,(anonymous_43)
FNDA:3,(anonymous_44)
FNDA:6,(anonymous_45)
FNDA:9,(anonymous_46)
FNDA:2,(anonymous_47)
FNDA:5,(anonymous_48)
FNDA:6,(anonymous_49)
FNDA:1,(anonymous_50)
FNDA:2,(anonymous_51)
FNDA:4,(anonymous_52)
FNDA:2,(anonymous_53)
FNDA:8,(anonymous_54)
FNDA:6,(anonymous_55)
FNDA:7,(anonymous_56)
DA:8,121
DA:9,129
DA:10,121
DA:11,121
DA:13,121
DA:14,13
DA:19,121
DA:21,1
DA:22,2
DA:24,121
DA:28,4
DA:29,4
DA:31,4
DA:32,4
DA:36,4
DA:37,4
DA:43,4
DA:47,379
DA:49,694
DA:50,379
DA:51,13
DA:56,379
DA:58,1
DA:59,6
DA:62,379
DA:66,129
DA:67,129
DA:69,20
DA:70,20
DA:71,61
DA:72,61
DA:73,61
DA:76,61
DA:79,63
DA:82,121
DA:83,121
DA:84,121
DA:85,121
DA:87,123
DA:97,4
DA:98,4
DA:99,4
DA:103,6
DA:104,6
DA:105,6
DA:106,6
DA:107,6
DA:112,6
DA:113,6
DA:114,4
DA:115,4
DA:116,4
DA:122,8
DA:123,8
DA:126,8
DA:127,8
DA:128,8
DA:131,8
DA:132,8
DA:133,8
DA:135,8
DA:140,2
DA:141,2
DA:145,2
DA:146,2
DA:150,2
DA:151,2
DA:155,3
DA:156,3
DA:160,3
DA:161,3
DA:165,3
DA:166,3
DA:170,14
DA:171,14
DA:175,4
DA:176,4
DA:180,5
DA:181,5
DA:185,4
DA:186,4
DA:190,2
DA:191,2
DA:195,1
DA:196,1
DA:200,2
DA:201,2
DA:205,2
DA:206,2
DA:210,2
DA:211,2
DA:217,2
DA:222,3
DA:223,3
DA:228,2
DA:229,2
DA:230,2
DA:231,2
DA:236,10
DA:237,10
DA:241,6
DA:242,6
DA:246,2
DA:247,2
DA:248,2
DA:249,2
DA:250,2
DA:255,5
DA:256,10
DA:257,10
DA:258,9
DA:263,3
DA:264,9
DA:265,6
DA:266,5
DA:271,2
DA:272,2
DA:273,6
DA:274,5
DA:275,4
DA:281,1
DA:282,1
DA:283,4
DA:284,2
DA:290,2
DA:291,2
DA:296,8
DA:297,8
DA:298,8
DA:299,8
DA:303,6
DA:304,6
DA:308,7
DA:312,9
LF:134
LH:134
BRDA:13,0,0,12
BRDA:13,0,1,109
BRDA:19,1,0,3
BRDA:19,1,1,118
BRDA:20,2,0,1
BRDA:20,2,1,2
BRDA:32,3,0,2
BRDA:32,3,1,2
BRDA:37,4,0,2
BRDA:37,4,1,2
BRDA:38,5,0,1
BRDA:38,5,1,1
BRDA:43,6,0,4
BRDA:43,6,1,2
BRDA:43,6,2,1
BRDA:50,7,0,13
BRDA:50,7,1,366
BRDA:56,8,0,7
BRDA:56,8,1,372
BRDA:57,9,0,1
BRDA:57,9,1,6
BRDA:62,10,0,7
BRDA:62,10,1,372
BRDA:62,11,0,12
BRDA:62,11,1,360
BRDA:67,12,0,109
BRDA:67,12,1,20
BRDA:77,13,0,61
BRDA:77,13,1,49
BRDA:79,14,0,63
BRDA:79,14,1,52
BRDA:87,15,0,123
BRDA:87,15,1,121
BRDA:98,16,0,1
BRDA:98,16,1,3
BRDA:107,17,0,2
BRDA:107,17,1,4
BRDA:116,18,0,1
BRDA:116,18,1,3
BRDA:126,19,0,5
BRDA:126,19,1,3
BRDA:132,20,0,5
BRDA:132,20,1,3
BRDA:132,21,0,2
BRDA:132,21,1,1
BRDA:257,22,0,1
BRDA:257,22,1,9
BRDA:265,23,0,1
BRDA:265,23,1,5
BRDA:274,24,0,1
BRDA:274,24,1,4
BRDA:297,25,0,2
BRDA:297,25,1,6
BRDA:299,26,0,8
BRDA:299,26,1,3
BRDA:304,27,0,2
BRDA:304,27,1,4
BRDA:308,28,0,2
BRDA:308,28,1,5
BRF:59
BRH:59
end_of_record
TN:
SF:src/handle/dom/index.ts
FN:6,(anonymous_0)
FN:13,(anonymous_1)
FN:24,(anonymous_2)
FNF:3
FNH:3
FNDA:61,(anonymous_0)
FNDA:2,(anonymous_1)
FNDA:64,(anonymous_2)
DA:3,2
DA:7,61
DA:8,61
DA:9,60
DA:10,1
DA:14,2
DA:17,2
DA:20,1
DA:21,1
DA:27,64
DA:29,3
DA:30,3
DA:32,59
DA:33,59
DA:35,1
DA:36,1
DA:38,1
DA:41,64
LF:18
LH:18
BRDA:6,0,0,2
BRDA:8,1,0,1
BRDA:8,1,1,60
BRDA:9,2,0,59
BRDA:9,2,1,1
BRDA:13,3,0,1
BRDA:17,4,0,1
BRDA:17,4,1,1
BRDA:27,5,0,3
BRDA:27,5,1,59
BRDA:27,5,2,1
BRDA:27,5,3,1
BRF:12
BRH:12
end_of_record
TN:
SF:src/handle/dom/type.ts
FNF:0
FNH:0
LF:0
LH:0
BRF:0
BRH:0
end_of_record
TN:
SF:src/handle/file/index.ts
FN:11,(anonymous_0)
FN:12,(anonymous_1)
FN:21,(anonymous_2)
FN:30,(anonymous_3)
FN:35,(anonymous_4)
FN:42,(anonymous_5)
FN:43,(anonymous_6)
FN:51,(anonymous_7)
FN:55,(anonymous_8)
FN:64,(anonymous_9)
FN:72,(anonymous_10)
FNF:11
FNH:11
FNDA:3,(anonymous_0)
FNDA:3,(anonymous_1)
FNDA:1,(anonymous_2)
FNDA:1,(anonymous_3)
FNDA:1,(anonymous_4)
FNDA:1,(anonymous_5)
FNDA:1,(anonymous_6)
FNDA:1,(anonymous_7)
FNDA:2,(anonymous_8)
FNDA:1,(anonymous_9)
FNDA:3,(anonymous_10)
DA:7,38
DA:9,38
DA:12,3
DA:13,2
DA:14,2
DA:16,1
DA:17,1
DA:22,1
DA:23,1
DA:24,1
DA:25,1
DA:26,1
DA:27,1
DA:31,1
DA:36,1
DA:37,1
DA:38,1
DA:39,1
DA:43,1
DA:45,1
DA:46,1
DA:48,1
DA:52,1
DA:56,2
DA:57,2
DA:58,2
DA:59,2
DA:60,2
DA:61,2
DA:65,1
DA:66,1
DA:67,1
DA:68,1
DA:69,1
DA:73,3
LF:35
LH:35
BRDA:21,0,0,1
BRDA:55,1,0,1
BRDA:56,2,0,1
BRDA:56,2,1,1
BRDA:73,3,0,3
BRDA:73,3,1,1
BRF:6
BRH:6
end_of_record
TN:
SF:src/handle/header-group/index.ts
FN:11,(anonymous_0)
FN:17,(anonymous_1)
FN:19,(anonymous_2)
FN:44,(anonymous_3)
FN:47,(anonymous_4)
FN:51,(anonymous_5)
FN:62,(anonymous_6)
FN:80,(anonymous_7)
FN:89,(anonymous_8)
FN:102,(anonymous_9)
FN:109,(anonymous_10)
FN:130,(anonymous_11)
FN:131,(anonymous_12)
FN:142,(anonymous_13)
FN:144,(anonymous_14)
FNF:15
FNH:15
FNDA:159,(anonymous_0)
FNDA:161,(anonymous_1)
FNDA:1502,(anonymous_2)
FNDA:159,(anonymous_3)
FNDA:162,(anonymous_4)
FNDA:1504,(anonymous_5)
FNDA:1661,(anonymous_6)
FNDA:160,(anonymous_7)
FNDA:1,(anonymous_8)
FNDA:2,(anonymous_9)
FNDA:4,(anonymous_10)
FNDA:2,(anonymous_11)
FNDA:4,(anonymous_12)
FNDA:2,(anonymous_13)
FNDA:4,(anonymous_14)
DA:12,159
DA:13,159
DA:14,159
DA:18,161
DA:19,161
DA:21,1502
DA:24,1502
DA:25,1502
DA:26,1502
DA:29,1502
DA:30,1502
DA:33,161
DA:34,161
DA:36,161
DA:45,159
DA:47,159
DA:48,162
DA:49,162
DA:51,162
DA:52,1504
DA:53,1504
DA:63,1661
DA:64,1661
DA:66,1661
DA:67,1499
DA:70,162
DA:71,159
DA:75,3
DA:76,3
DA:81,160
DA:90,1
DA:91,1
DA:92,1
DA:93,1
DA:103,2
DA:104,2
DA:107,2
DA:109,2
DA:114,4
DA:115,1
DA:116,1
DA:117,1
DA:121,3
DA:124,4
DA:127,2
DA:131,2
DA:132,4
DA:133,4
DA:143,2
DA:144,2
DA:145,4
DA:153,4
DA:154,1
DA:157,4
DA:159,4
LF:55
LH:55
BRDA:17,0,0,159
BRDA:18,1,0,2
BRDA:18,1,1,159
BRDA:25,2,0,3
BRDA:25,2,1,1499
BRDA:29,3,0,3
BRDA:29,3,1,1499
BRDA:34,4,0,159
BRDA:34,4,1,2
BRDA:36,5,0,159
BRDA:36,5,1,2
BRDA:49,6,0,3
BRDA:49,6,1,159
BRDA:55,7,0,3
BRDA:55,7,1,1501
BRDA:56,8,0,3
BRDA:56,8,1,1501
BRDA:66,9,0,1499
BRDA:66,9,1,162
BRDA:70,10,0,159
BRDA:70,10,1,3
BRDA:76,11,0,1
BRDA:76,11,1,2
BRDA:103,12,0,2
BRDA:103,12,1,1
BRDA:104,13,0,2
BRDA:104,13,1,1
BRDA:114,14,0,1
BRDA:114,14,1,3
BRDA:132,15,0,1
BRDA:132,15,1,3
BRDA:135,16,0,1
BRDA:135,16,1,3
BRDA:136,17,0,1
BRDA:136,17,1,3
BRDA:142,18,0,1
BRDA:153,19,0,1
BRDA:153,19,1,3
BRF:38
BRH:38
end_of_record
TN:
SF:src/handle/pagination/index.ts
FN:29,(anonymous_0)
FN:34,(anonymous_1)
FN:44,(anonymous_2)
FN:70,(anonymous_3)
FN:83,(anonymous_4)
FN:92,(anonymous_5)
FN:102,(anonymous_6)
FN:103,(anonymous_7)
FN:108,(anonymous_8)
FN:113,(anonymous_9)
FN:119,(anonymous_10)
FN:128,(anonymous_11)
FN:130,(anonymous_12)
FN:137,(anonymous_13)
FN:139,(anonymous_14)
FN:146,(anonymous_15)
FN:162,(anonymous_16)
FN:174,(anonymous_17)
FN:191,(anonymous_18)
FN:215,(anonymous_19)
FN:222,(anonymous_20)
FN:245,(anonymous_21)
FN:247,(anonymous_22)
FN:259,(anonymous_23)
FN:272,(anonymous_24)
FN:275,(anonymous_25)
FN:284,(anonymous_26)
FN:288,(anonymous_27)
FN:294,(anonymous_28)
FN:309,(anonymous_29)
FN:315,(anonymous_30)
FN:338,(anonymous_31)
FN:349,(anonymous_32)
FN:357,(anonymous_33)
FN:364,(anonymous_34)
FN:365,(anonymous_35)
FN:372,(anonymous_36)
FNF:37
FNH:37
FNDA:121,(anonymous_0)
FNDA:496,(anonymous_1)
FNDA:312,(anonymous_2)
FNDA:310,(anonymous_3)
FNDA:344,(anonymous_4)
FNDA:313,(anonymous_5)
FNDA:2,(anonymous_6)
FNDA:5,(anonymous_7)
FNDA:287,(anonymous_8)
FNDA:34,(anonymous_9)
FNDA:32,(anonymous_10)
FNDA:33,(anonymous_11)
FNDA:132,(anonymous_12)
FNDA:32,(anonymous_13)
FNDA:128,(anonymous_14)
FNDA:34,(anonymous_15)
FNDA:39,(anonymous_16)
FNDA:34,(anonymous_17)
FNDA:24,(anonymous_18)
FNDA:2,(anonymous_19)
FNDA:138,(anonymous_20)
FNDA:130,(anonymous_21)
FNDA:254,(anonymous_22)
FNDA:121,(anonymous_23)
FNDA:1,(anonymous_24)
FNDA:1,(anonymous_25)
FNDA:477,(anonymous_26)
FNDA:1,(anonymous_27)
FNDA:4,(anonymous_28)
FNDA:4,(anonymous_29)
FNDA:125,(anonymous_30)
FNDA:6,(anonymous_31)
FNDA:120,(anonymous_32)
FNDA:1,(anonymous_33)
FNDA:121,(anonymous_34)
FNDA:2,(anonymous_35)
FNDA:3,(anonymous_36)
DA:30,121
DA:31,121
DA:35,496
DA:46,312
DA:47,312
DA:48,312
DA:49,312
DA:52,312
DA:53,312
DA:54,287
DA:55,287
DA:58,32
DA:59,32
DA:60,32
DA:61,32
DA:62,32
DA:63,32
DA:64,32
DA:65,32
DA:67,32
DA:71,310
DA:72,310
DA:73,310
DA:84,344
DA:85,344
DA:93,313
DA:94,313
DA:96,312
DA:97,312
DA:98,312
DA:99,312
DA:103,2
DA:104,5
DA:109,287
DA:110,287
DA:114,34
DA:115,34
DA:116,34
DA:120,32
DA:129,33
DA:130,33
DA:131,132
DA:132,132
DA:133,132
DA:138,32
DA:139,32
DA:140,128
DA:141,128
DA:143,32
DA:147,34
DA:148,34
DA:149,34
DA:150,34
DA:151,34
DA:164,39
DA:165,39
DA:166,39
DA:168,39
DA:169,39
DA:170,39
DA:171,39
DA:173,39
DA:175,34
DA:178,34
DA:183,34
DA:185,34
DA:186,34
DA:190,39
DA:192,24
DA:193,24
DA:194,24
DA:195,24
DA:196,24
DA:200,39
DA:216,2
DA:223,138
DA:225,137
DA:228,33
DA:231,33
DA:234,33
DA:236,33
DA:239,4
DA:241,1
DA:246,130
DA:247,254
DA:260,121
DA:261,121
DA:263,121
DA:272,1
DA:275,1
DA:285,477
DA:288,1
DA:295,4
DA:300,4
DA:302,4
DA:306,4
DA:309,4
DA:316,125
DA:318,125
DA:321,125
DA:325,125
DA:329,125
DA:330,125
DA:332,125
DA:339,6
DA:344,6
DA:350,120
DA:351,120
DA:357,1
DA:365,121
DA:366,2
DA:367,2
DA:368,2
DA:373,3
DA:374,3
DA:375,3
DA:378,3
LF:117
LH:117
BRDA:30,0,0,1
BRDA:30,0,1,120
BRDA:53,1,0,25
BRDA:53,1,1,287
BRDA:55,2,0,255
BRDA:55,2,1,32
BRDA:86,3,0,327
BRDA:86,3,1,17
BRDA:86,4,0,344
BRDA:86,4,1,327
BRDA:87,5,0,31
BRDA:87,5,1,313
BRDA:87,6,0,344
BRDA:87,6,1,327
BRDA:94,7,0,1
BRDA:94,7,1,312
BRDA:97,8,0,312
BRDA:97,8,1,311
BRDA:98,9,0,310
BRDA:98,9,1,2
BRDA:104,10,0,5
BRDA:104,10,1,5
BRDA:109,11,0,32
BRDA:109,11,1,255
BRDA:114,12,0,32
BRDA:114,12,1,2
BRDA:114,13,0,34
BRDA:114,13,1,33
BRDA:141,14,0,65
BRDA:141,14,1,63
BRDA:149,15,0,33
BRDA:149,15,1,1
BRDA:150,16,0,31
BRDA:150,16,1,3
BRDA:162,17,0,5
BRDA:170,18,0,39
BRDA:170,18,1,7
BRDA:171,19,0,39
BRDA:171,19,1,5
BRDA:173,20,0,7
BRDA:173,20,1,32
BRDA:178,21,0,34
BRDA:178,21,1,34
BRDA:183,22,0,34
BRDA:183,22,1,7
BRDA:185,23,0,23
BRDA:185,23,1,11
BRDA:185,24,0,4
BRDA:185,24,1,19
BRDA:190,25,0,5
BRDA:190,25,1,34
BRDA:193,26,0,24
BRDA:193,26,1,20
BRDA:194,27,0,24
BRDA:194,27,1,5
BRDA:195,28,0,20
BRDA:195,28,1,4
BRDA:195,29,0,3
BRDA:195,29,1,17
BRDA:216,30,0,1
BRDA:216,30,1,1
BRDA:223,31,0,1
BRDA:223,31,1,137
BRDA:225,32,0,33
BRDA:225,32,1,33
BRDA:225,32,2,33
BRDA:225,32,3,33
BRDA:225,32,4,4
BRDA:225,32,5,1
BRDA:234,33,0,33
BRDA:234,33,1,2
BRDA:239,34,0,4
BRDA:239,34,1,4
BRDA:239,34,2,3
BRDA:246,35,0,127
BRDA:246,35,1,3
BRDA:247,36,0,254
BRDA:247,36,1,253
BRDA:248,37,0,3
BRDA:248,37,1,2
BRDA:271,38,0,1
BRDA:271,38,1,120
BRDA:274,39,0,1
BRDA:274,39,1,120
BRDA:302,40,0,2
BRDA:302,40,1,2
BRDA:303,41,0,1
BRDA:303,41,1,1
BRDA:304,42,0,1
BRDA:304,42,1,1
BRDA:307,43,0,2
BRDA:307,43,1,2
BRDA:307,44,0,1
BRDA:307,44,1,1
BRDA:321,45,0,121
BRDA:321,45,1,4
BRDA:321,46,0,125
BRDA:321,46,1,21
BRDA:323,47,0,3
BRDA:323,47,1,1
BRDA:325,48,0,105
BRDA:325,48,1,20
BRDA:325,49,0,125
BRDA:325,49,1,21
BRDA:327,50,0,3
BRDA:327,50,1,17
BRDA:368,51,0,1
BRDA:368,51,1,1
BRDA:375,52,0,1
BRDA:375,52,1,2
BRF:110
BRH:110
end_of_record
TN:
SF:src/handle/query-param/index.ts
FN:8,(anonymous_0)
FN:21,(anonymous_1)
FN:29,(anonymous_2)
FNF:3
FNH:3
FNDA:5,(anonymous_0)
FNDA:3,(anonymous_1)
FNDA:5,(anonymous_2)
DA:4,4
DA:5,4
DA:9,5
DA:10,5
DA:12,4
DA:13,4
DA:14,4
DA:15,4
DA:16,4
DA:22,3
DA:24,2
DA:25,2
DA:26,2
DA:30,5
DA:32,2
DA:33,2
DA:34,2
DA:35,2
DA:39,4
LF:19
LH:19
BRDA:10,0,0,1
BRDA:10,0,1,4
BRDA:14,1,0,4
BRDA:14,1,1,2
BRDA:16,2,0,2
BRDA:16,2,1,2
BRDA:22,3,0,1
BRDA:22,3,1,2
BRDA:30,4,0,3
BRDA:30,4,1,2
BRDA:30,5,0,5
BRDA:30,5,1,3
BRF:12
BRH:12
end_of_record
TN:
SF:src/handle/query-param/type.ts
FNF:0
FNH:0
LF:0
LH:0
BRF:0
BRH:0
end_of_record
TN:
SF:src/handle/row-expand/index.ts
FN:9,(anonymous_0)
FN:14,(anonymous_1)
FN:18,(anonymous_2)
FN:29,(anonymous_3)
FN:38,(anonymous_4)
FN:49,(anonymous_5)
FN:55,(anonymous_6)
FN:76,(anonymous_7)
FN:82,(anonymous_8)
FN:103,(anonymous_9)
FN:109,(anonymous_10)
FN:131,(anonymous_11)
FN:141,(anonymous_12)
FN:146,(anonymous_13)
FN:149,(anonymous_14)
FNF:15
FNH:15
FNDA:393,(anonymous_0)
FNDA:120,(anonymous_1)
FNDA:394,(anonymous_2)
FNDA:5,(anonymous_3)
FNDA:395,(anonymous_4)
FNDA:2,(anonymous_5)
FNDA:2,(anonymous_6)
FNDA:2,(anonymous_7)
FNDA:2,(anonymous_8)
FNDA:393,(anonymous_9)
FNDA:2,(anonymous_10)
FNDA:2,(anonymous_11)
FNDA:2,(anonymous_12)
FNDA:2,(anonymous_13)
FNDA:4,(anonymous_14)
DA:10,393
DA:11,393
DA:15,120
DA:19,394
DA:20,394
DA:21,2
DA:30,5
DA:31,5
DA:33,4
DA:34,4
DA:35,4
DA:39,395
DA:40,395
DA:50,2
DA:51,2
DA:53,2
DA:56,2
DA:58,2
DA:59,1
DA:62,1
DA:65,2
DA:77,2
DA:78,2
DA:80,2
DA:83,2
DA:85,2
DA:86,1
DA:89,1
DA:92,2
DA:104,393
DA:105,393
DA:107,393
DA:110,2
DA:113,2
DA:115,1
DA:116,1
DA:121,1
DA:122,1
DA:123,1
DA:126,2
DA:132,2
DA:133,2
DA:134,2
DA:135,1
DA:136,1
DA:138,2
DA:142,2
DA:143,2
DA:144,2
DA:149,2
DA:150,4
DA:151,1
DA:154,2
LF:53
LH:53
BRDA:10,0,0,1
BRDA:10,0,1,392
BRDA:19,1,0,394
BRDA:19,1,1,3
BRDA:20,2,0,392
BRDA:20,2,1,2
BRDA:21,3,0,1
BRDA:21,3,1,1
BRDA:31,4,0,1
BRDA:31,4,1,4
BRDA:38,5,0,394
BRDA:39,6,0,395
BRDA:39,6,1,1
BRDA:40,7,0,1
BRDA:40,7,1,394
BRDA:58,8,0,1
BRDA:58,8,1,1
BRDA:85,9,0,1
BRDA:85,9,1,1
BRDA:113,10,0,1
BRDA:113,10,1,1
BRDA:136,11,0,1
BRDA:136,11,1,1
BRDA:150,12,0,3
BRDA:150,12,1,1
BRF:25
BRH:25
end_of_record
TN:
SF:src/handle/row-select/index.ts
FN:4,(anonymous_0)
FN:9,(anonymous_1)
FN:22,(anonymous_2)
FN:30,(anonymous_3)
FN:37,(anonymous_4)
FN:54,(anonymous_5)
FN:59,(anonymous_6)
FN:66,(anonymous_7)
FNF:8
FNH:8
FNDA:16,(anonymous_0)
FNDA:217,(anonymous_1)
FNDA:10,(anonymous_2)
FNDA:10,(anonymous_3)
FNDA:3,(anonymous_4)
FNDA:13,(anonymous_5)
FNDA:18,(anonymous_6)
FNDA:17,(anonymous_7)
DA:5,16
DA:6,16
DA:10,217
DA:11,217
DA:12,217
DA:13,217
DA:23,10
DA:24,10
DA:31,10
DA:32,10
DA:33,10
DA:36,10
DA:37,1
DA:38,3
DA:39,3
DA:40,2
DA:42,1
DA:46,9
DA:47,9
DA:48,9
DA:55,13
DA:56,13
DA:60,18
DA:67,17
DA:75,6
LF:25
LH:25
BRDA:4,0,0,1
BRDA:6,1,0,8
BRDA:6,1,1,8
BRDA:11,2,0,217
BRDA:11,2,1,209
BRDA:12,3,0,217
BRDA:12,3,1,209
BRDA:23,4,0,8
BRDA:23,4,1,2
BRDA:25,5,0,1
BRDA:25,5,1,9
BRDA:36,6,0,1
BRDA:36,6,1,9
BRDA:39,7,0,1
BRDA:39,7,1,2
BRDA:48,8,0,1
BRDA:48,8,1,8
BRDA:54,9,0,3
BRDA:55,10,0,11
BRDA:55,10,1,2
BRDA:56,11,0,2
BRDA:56,11,1,11
BRF:22
BRH:22
end_of_record
TN:
SF:src/handle/row-transform/index.ts
FN:14,(anonymous_0)
FN:25,(anonymous_1)
FN:48,(anonymous_2)
FN:52,(anonymous_3)
FN:89,(anonymous_4)
FN:96,(anonymous_5)
FN:113,(anonymous_6)
FN:129,(anonymous_7)
FN:138,(anonymous_8)
FN:144,(anonymous_9)
FN:148,(anonymous_10)
FNF:11
FNH:11
FNDA:161,(anonymous_0)
FNDA:159,(anonymous_1)
FNDA:544,(anonymous_2)
FNDA:1678,(anonymous_3)
FNDA:1678,(anonymous_4)
FNDA:546,(anonymous_5)
FNDA:1842,(anonymous_6)
FNDA:396,(anonymous_7)
FNDA:1680,(anonymous_8)
FNDA:1680,(anonymous_9)
FNDA:3,(anonymous_10)
DA:7,138
DA:15,161
DA:22,161
DA:26,159
DA:29,159
DA:30,159
DA:32,152
DA:49,544
DA:50,544
DA:52,544
DA:54,1678
DA:64,1678
DA:73,1678
DA:80,1678
DA:85,1678
DA:90,1678
DA:91,1678
DA:92,1678
DA:97,546
DA:98,546
DA:99,546
DA:101,546
DA:103,546
DA:104,546
DA:109,546
DA:115,1842
DA:119,1683
DA:120,1683
DA:123,399
DA:124,399
DA:125,397
DA:127,396
DA:129,396
DA:132,396
DA:133,396
DA:135,395
DA:139,1680
DA:140,1680
DA:141,1680
DA:145,1680
DA:149,3
LF:41
LH:41
BRDA:15,0,0,1
BRDA:15,0,1,160
BRDA:25,1,0,2
BRDA:30,2,0,7
BRDA:30,2,1,152
BRDA:55,3,0,1567
BRDA:55,3,1,111
BRDA:66,4,0,1
BRDA:66,4,1,1677
BRDA:82,5,0,1678
BRDA:82,5,1,392
BRDA:85,6,0,1677
BRDA:85,6,1,1
BRDA:92,7,0,392
BRDA:92,7,1,1286
BRDA:98,8,0,544
BRDA:98,8,1,2
BRDA:99,9,0,392
BRDA:99,9,1,154
BRDA:103,10,0,153
BRDA:103,10,1,393
BRDA:104,11,0,153
BRDA:104,11,1,393
BRDA:105,12,0,152
BRDA:105,12,1,1
BRDA:106,13,0,392
BRDA:106,13,1,1
BRDA:115,14,0,159
BRDA:115,14,1,1683
BRDA:115,15,0,152
BRDA:115,15,1,7
BRDA:120,16,0,1284
BRDA:120,16,1,399
BRDA:124,17,0,2
BRDA:124,17,1,397
BRDA:125,18,0,1
BRDA:125,18,1,396
BRDA:133,19,0,1
BRDA:133,19,1,395
BRDA:133,20,0,396
BRDA:133,20,1,396
BRDA:135,21,0,392
BRDA:135,21,1,3
BRDA:135,22,0,395
BRDA:135,22,1,395
BRDA:139,23,0,1175
BRDA:139,23,1,505
BRDA:140,24,0,1175
BRDA:140,24,1,505
BRDA:145,25,0,1056
BRDA:145,25,1,624
BRDA:149,26,0,3
BRDA:149,26,1,2
BRF:53
BRH:53
end_of_record
TN:
SF:src/handle/sort/index.ts
FN:15,(anonymous_0)
FN:16,(anonymous_1)
FN:31,(anonymous_2)
FN:46,(anonymous_3)
FN:52,(anonymous_4)
FN:56,(anonymous_5)
FN:60,(anonymous_6)
FN:65,(anonymous_7)
FN:70,(anonymous_8)
FN:79,(anonymous_9)
FN:87,(anonymous_10)
FN:92,(anonymous_11)
FN:99,(anonymous_12)
FN:107,(anonymous_13)
FN:114,(anonymous_14)
FN:115,(anonymous_15)
FNF:16
FNH:16
FNDA:12,(anonymous_0)
FNDA:42,(anonymous_1)
FNDA:7,(anonymous_2)
FNDA:32,(anonymous_3)
FNDA:10,(anonymous_4)
FNDA:83,(anonymous_5)
FNDA:163,(anonymous_6)
FNDA:161,(anonymous_7)
FNDA:158,(anonymous_8)
FNDA:161,(anonymous_9)
FNDA:1,(anonymous_10)
FNDA:315,(anonymous_11)
FNDA:320,(anonymous_12)
FNDA:8,(anonymous_13)
FNDA:316,(anonymous_14)
FNDA:4,(anonymous_15)
DA:10,155
DA:11,155
DA:12,155
DA:16,12
DA:17,42
DA:18,42
DA:19,42
DA:20,42
DA:21,42
DA:24,42
DA:25,37
DA:26,31
DA:27,5
DA:32,7
DA:33,7
DA:47,32
DA:48,32
DA:49,32
DA:53,10
DA:57,83
DA:61,163
DA:66,161
DA:67,161
DA:71,158
DA:80,161
DA:81,161
DA:82,161
DA:88,1
DA:93,315
DA:94,315
DA:95,315
DA:96,315
DA:100,320
DA:101,320
DA:102,320
DA:104,320
DA:107,8
DA:115,316
DA:116,4
DA:117,4
DA:118,4
LF:41
LH:41
BRDA:21,0,0,42
BRDA:21,0,1,32
BRDA:24,1,0,5
BRDA:24,1,1,37
BRDA:25,2,0,6
BRDA:25,2,1,31
BRDA:26,3,0,26
BRDA:26,3,1,5
BRDA:33,4,0,4
BRDA:33,4,1,3
BRDA:49,5,0,23
BRDA:49,5,1,9
BRDA:53,6,0,6
BRDA:53,6,1,4
BRDA:57,7,0,83
BRDA:57,7,1,41
BRDA:61,8,0,163
BRDA:61,8,1,7
BRDA:61,8,2,7
BRDA:66,9,0,3
BRDA:66,9,1,158
BRDA:83,10,0,5
BRDA:83,10,1,156
BRDA:102,11,0,320
BRDA:102,11,1,316
BRDA:106,12,0,6
BRDA:106,12,1,314
BRDA:108,13,0,4
BRDA:108,13,1,4
BRDA:108,14,0,1
BRDA:108,14,1,3
BRDA:109,15,0,4
BRDA:109,15,1,4
BRDA:109,16,0,1
BRDA:109,16,1,3
BRDA:118,17,0,3
BRDA:118,17,1,1
BRF:37
BRH:37
end_of_record
TN:
SF:src/handle/state/index.tsx
FN:19,(anonymous_0)
FN:23,(anonymous_1)
FN:30,(anonymous_2)
FNF:3
FNH:3
FNDA:78,(anonymous_0)
FNDA:78,(anonymous_1)
FNDA:252,(anonymous_2)
DA:16,8
DA:20,78
DA:24,78
DA:25,78
DA:26,78
DA:27,78
DA:31,252
LF:7
LH:7
BRF:0
BRH:0
end_of_record
TN:
SF:src/handle/state/base-component/index.ts
FN:8,(anonymous_0)
FN:22,(anonymous_1)
FN:36,(anonymous_2)
FN:42,(anonymous_3)
FN:52,(anonymous_4)
FN:72,(anonymous_5)
FN:76,(anonymous_6)
FN:82,(anonymous_7)
FN:86,(anonymous_8)
FN:92,(anonymous_9)
FN:95,(anonymous_10)
FNF:11
FNH:11
FNDA:80,(anonymous_0)
FNDA:6,(anonymous_1)
FNDA:84,(anonymous_2)
FNDA:10274,(anonymous_3)
FNDA:237,(anonymous_4)
FNDA:81,(anonymous_5)
FNDA:5062,(anonymous_6)
FNDA:235,(anonymous_7)
FNDA:236,(anonymous_8)
FNDA:236,(anonymous_9)
FNDA:9,(anonymous_10)
DA:6,90
DA:10,80
DA:11,80
DA:12,77
DA:13,77
DA:20,3
DA:23,6
DA:24,6
DA:26,6
DA:27,6
DA:28,6
DA:29,6
DA:37,84
DA:38,84
DA:39,84
DA:41,84
DA:43,10274
DA:49,10274
DA:52,10225
DA:53,237
DA:55,237
DA:58,236
DA:59,1
DA:60,1
DA:64,235
DA:73,81
DA:74,81
DA:77,5062
DA:78,5062
DA:83,235
DA:87,236
DA:88,236
DA:91,236
DA:92,236
DA:96,9
DA:97,9
DA:98,9
LF:37
LH:37
BRDA:11,0,0,77
BRDA:11,0,1,3
BRDA:49,1,0,49
BRDA:49,1,1,10225
BRDA:55,2,0,1
BRDA:55,2,1,236
BRDA:58,3,0,1
BRDA:58,3,1,235
BRDA:78,4,0,5062
BRDA:78,4,1,4981
BRDA:78,4,2,4979
BRDA:78,4,3,4979
BRDA:88,5,0,3
BRDA:88,5,1,233
BRDA:98,6,0,2
BRDA:98,6,1,7
BRDA:98,7,0,9
BRDA:98,7,1,8
BRF:18
BRH:18
end_of_record
TN:
SF:src/handle/state/base-state-manager/index.ts
FN:8,(anonymous_0)
FN:10,(anonymous_1)
FN:14,(anonymous_2)
FN:18,(anonymous_3)
FN:25,(anonymous_4)
FN:29,(anonymous_5)
FN:35,(anonymous_6)
FN:40,(anonymous_7)
FN:44,(anonymous_8)
FNF:9
FNH:9
FNDA:4,(anonymous_0)
FNDA:12,(anonymous_1)
FNDA:154,(anonymous_2)
FNDA:142,(anonymous_3)
FNDA:86,(anonymous_4)
FNDA:1,(anonymous_5)
FNDA:235,(anonymous_6)
FNDA:1,(anonymous_7)
FNDA:236,(anonymous_8)
DA:5,107
DA:6,107
DA:10,4
DA:11,12
DA:12,12
DA:14,12
DA:15,154
DA:18,12
DA:19,142
DA:22,4
DA:26,86
DA:30,1
DA:31,1
DA:32,1
DA:36,235
DA:37,235
DA:41,1
DA:45,236
LF:18
LH:18
BRDA:15,0,0,154
BRDA:15,0,1,154
BRDA:45,1,0,3
BRDA:45,1,1,233
BRF:4
BRH:4
end_of_record
TN:
SF:src/handle/util/index.ts
FN:2,(anonymous_0)
FN:8,(anonymous_1)
FN:15,(anonymous_2)
FNF:3
FNH:3
FNDA:12507,(anonymous_0)
FNDA:12341,(anonymous_1)
FNDA:5208,(anonymous_2)
DA:1,25
DA:3,12507
DA:5,8372
DA:9,12341
DA:16,5208
DA:17,5208
DA:18,5208
LF:7
LH:7
BRDA:2,0,0,3467
BRDA:3,1,0,4135
BRDA:3,1,1,8372
BRDA:9,2,0,7305
BRDA:9,2,1,5036
BRF:5
BRH:5
end_of_record
TN:
SF:src/handle/validation/index.ts
FN:23,(anonymous_0)
FN:28,(anonymous_1)
FN:42,(anonymous_2)
FN:55,(anonymous_3)
FN:60,(anonymous_4)
FNF:5
FNH:5
FNDA:2,(anonymous_0)
FNDA:2,(anonymous_1)
FNDA:3,(anonymous_2)
FNDA:1,(anonymous_3)
FNDA:6,(anonymous_4)
DA:5,22
DA:7,22
DA:12,22
DA:17,22
DA:22,22
DA:23,2
DA:27,22
DA:28,2
DA:32,22
DA:37,22
DA:42,22
DA:45,3
DA:46,3
DA:48,1
DA:52,2
DA:53,2
DA:56,1
DA:61,6
DA:62,2
DA:65,4
LF:20
LH:20
BRDA:53,0,0,1
BRDA:53,0,1,1
BRDA:61,1,0,2
BRDA:61,1,1,4
BRDA:61,2,0,6
BRDA:61,2,1,5
BRF:6
BRH:6
end_of_record
TN:
SF:src/mock/data/index.ts
FN:22,(anonymous_0)
FN:23,(anonymous_1)
FN:27,(anonymous_2)
FN:31,(anonymous_3)
FN:36,(anonymous_4)
FNF:5
FNH:5
FNDA:80,(anonymous_0)
FNDA:320,(anonymous_1)
FNDA:960,(anonymous_2)
FNDA:2880,(anonymous_3)
FNDA:960,(anonymous_4)
DA:3,2
DA:10,2
DA:16,2
DA:22,2
DA:23,80
DA:24,320
DA:25,320
DA:27,320
DA:28,960
DA:29,960
DA:31,960
DA:32,2880
DA:36,320
DA:37,960
DA:40,320
LF:15
LH:15
BRF:0
BRH:0
end_of_record
TN:
SF:src/mock/state/index.ts
FN:6,(anonymous_0)
FNF:1
FNH:1
FNDA:66,(anonymous_0)
DA:6,1
DA:7,66
DA:8,66
DA:9,66
DA:10,66
LF:5
LH:5
BRF:0
BRH:0
end_of_record
TN:
SF:src/model/data-grid-state/index.ts
FN:41,(anonymous_0)
FNF:1
FNH:1
FNDA:350,(anonymous_0)
DA:9,7
DA:10,7
DA:14,350
DA:19,350
DA:22,350
DA:28,350
DA:42,350
DA:44,179
DA:45,179
DA:46,178
DA:50,178
DA:55,178
DA:56,178
LF:13
LH:13
BRDA:42,0,0,171
BRDA:42,0,1,179
BRDA:45,1,0,1
BRDA:45,1,1,178
BRDA:51,2,0,17
BRDA:51,2,1,161
BRF:6
BRH:6
end_of_record
TN:
SF:src/model/local-state/index.ts
FN:26,(anonymous_0)
FNF:1
FNH:1
FNDA:158,(anonymous_0)
DA:9,158
DA:10,158
DA:15,158
DA:24,158
DA:28,158
LF:5
LH:5
BRF:0
BRH:0
end_of_record
TN:
SF:src/model/modal-state/index.ts
FNF:0
FNH:0
DA:5,273
DA:6,273
DA:7,273
DA:8,273
DA:9,273
DA:10,273
DA:11,273
LF:7
LH:7
BRF:0
BRH:0
end_of_record
TN:
SF:src/model/rule/index.ts
FN:26,(anonymous_0)
FN:48,(anonymous_1)
FNF:2
FNH:2
FNDA:1350,(anonymous_0)
FNDA:3861,(anonymous_1)
DA:9,1353
DA:10,1353
DA:11,1353
DA:12,1353
DA:18,1350
DA:19,1350
DA:20,1350
DA:21,1350
DA:22,1350
DA:23,1350
DA:24,1350
DA:27,1350
DA:28,1350
DA:29,1350
DA:30,1350
DA:35,363
DA:36,363
DA:37,363
DA:42,3861
DA:43,3861
DA:44,3861
DA:45,3861
DA:46,3861
DA:49,3861
DA:50,3861
DA:51,3861
LF:26
LH:26
BRF:0
BRH:0
end_of_record
TN:
SF:src/model/rule-id-ctx-state/index.ts
FN:6,(anonymous_0)
FNF:1
FNH:1
FNDA:779,(anonymous_0)
DA:7,779
DA:8,13
LF:2
LH:2
BRDA:7,0,0,766
BRDA:7,0,1,13
BRF:2
BRH:2
end_of_record
TN:
SF:src/model/setting-state/index.ts
FNF:0
FNH:0
DA:2,169
DA:3,169
DA:4,169
LF:3
LH:3
BRF:0
BRH:0
end_of_record
TN:
SF:src/model/text-input-state/index.ts
FN:6,(anonymous_0)
FNF:1
FNH:1
FNDA:1225,(anonymous_0)
DA:2,1225
DA:3,1225
DA:4,1225
DA:7,1225
DA:8,89
LF:5
LH:5
BRDA:7,0,0,1136
BRDA:7,0,1,89
BRF:2
BRH:2
end_of_record
