{"/_data/Dev/projects/chrome-custom-code-insertion/src/page/option/main.tsx": {"path":"/_data/Dev/projects/chrome-custom-code-insertion/src/page/option/main.tsx","statementMap":{"0":{"start":{"line":11,"column":21},"end":{"line":11,"column":53}},"1":{"start":{"line":11,"column":27},"end":{"line":11,"column":53}},"2":{"start":{"line":12,"column":22},"end":{"line":12,"column":51}},"3":{"start":{"line":17,"column":0},"end":{"line":17,"column":33}}},"fnMap":{"0":{"name":"(anonymous_0)","decl":{"start":{"line":11,"column":21},"end":{"line":11,"column":22}},"loc":{"start":{"line":11,"column":27},"end":{"line":11,"column":53}},"line":11}},"branchMap":{},"s":{"0":1,"1":2,"2":1,"3":1},"f":{"0":2},"b":{},"_coverageSchema":"1a1c01bbd47fc00a2c39e90264f33305004495a9","hash":"35e50f245d4f0076edd5497037d1f3f23c822ff0"}
}
